======================================================
  PNA Training
======================================================
  Job ID       : 23585300
  Config       : configs/aml/LIS.yaml
  Resume       : 0
  Python       : python3.11
  Started at   : Mon Jun  8 07:06:19 PM CEST 2026
======================================================
2026-06-08 19:06:32,463 - INFO - Using device: cuda
2026-06-08 19:06:32,466 - INFO - Loading PNA dataset from /home/ghonkoop/data/aml/LI-Small
2026-06-08 19:06:32,641 - INFO - Loaded 117241 nodes in 0.2s
2026-06-08 19:06:32,716 - INFO - Loaded 37541 connected components in 0.1s
2026-06-08 19:06:33,414 - INFO - Loaded component node membership in 0.7s
2026-06-08 19:06:45,096 - INFO - Loaded and grouped 728655 component edges across 37541 components in 11.7s
2026-06-08 19:06:46,478 - INFO - Built 5000/37541 PNA component graphs...
2026-06-08 19:06:47,527 - INFO - Built 10000/37541 PNA component graphs...
2026-06-08 19:06:48,734 - INFO - Built 15000/37541 PNA component graphs...
2026-06-08 19:06:49,778 - INFO - Built 20000/37541 PNA component graphs...
2026-06-08 19:06:50,822 - INFO - Built 25000/37541 PNA component graphs...
2026-06-08 19:06:52,091 - INFO - Built 30000/37541 PNA component graphs...
2026-06-08 19:06:53,134 - INFO - Built 35000/37541 PNA component graphs...
2026-06-08 19:06:54,315 - INFO - Normalizing edge features...
2026-06-08 19:06:55,512 - INFO - Loaded 22524/7508/7509 train/val/test graphs | node_dim=5 edge_dim=6 labels={'illicit_component': 0, 'licit_component': 1}
2026-06-08 19:06:55,513 - INFO - Finished PNA dataset build in 23.0s
2026-06-08 19:07:01,376 - INFO - Saved cached PNA dataset to /home/ghonkoop/data/aml/LI-Small/pna_cache/node_features-raw_add_degree_feature-True_use_edge_features-True_edge_feature_normalize-zscore_edge_feature_clip-10.0_add_reverse_edges-False_train_ratio-0.6_val_ratio-0.2_split_mode-class_temporal_illicit_label-0_max_degree_hist-1000.pt
2026-06-08 19:07:01,788 - INFO - Trainable parameters: 1038209
2026-06-08 19:07:01,901 - INFO - Using BCEWithLogitsLoss pos_weight=23.616394
2026-06-08 19:07:05,111 - INFO - Epoch 1/120 | train_loss=1.8043 val_loss=0.6332 val_illicit_f1=0.2978 val_illicit_pr_auc=0.2766 monitor(val/illicit_pr_auc)=0.2766
2026-06-08 19:07:07,220 - INFO - Epoch 2/120 | train_loss=0.6335 val_loss=0.6311 val_illicit_f1=0.2721 val_illicit_pr_auc=0.2732 monitor(val/illicit_pr_auc)=0.2732
2026-06-08 19:07:09,331 - INFO - Epoch 3/120 | train_loss=1.2186 val_loss=0.7087 val_illicit_f1=0.2191 val_illicit_pr_auc=0.3515 monitor(val/illicit_pr_auc)=0.3515
2026-06-08 19:07:11,385 - INFO - Epoch 4/120 | train_loss=0.6384 val_loss=0.5625 val_illicit_f1=0.3618 val_illicit_pr_auc=0.3629 monitor(val/illicit_pr_auc)=0.3629
2026-06-08 19:07:13,420 - INFO - Epoch 5/120 | train_loss=0.5361 val_loss=0.9351 val_illicit_f1=0.3469 val_illicit_pr_auc=0.3246 monitor(val/illicit_pr_auc)=0.3246
2026-06-08 19:07:15,440 - INFO - Epoch 6/120 | train_loss=0.6274 val_loss=0.5743 val_illicit_f1=0.2787 val_illicit_pr_auc=0.3774 monitor(val/illicit_pr_auc)=0.3774
2026-06-08 19:07:17,515 - INFO - Epoch 7/120 | train_loss=0.5273 val_loss=0.5247 val_illicit_f1=0.3501 val_illicit_pr_auc=0.3803 monitor(val/illicit_pr_auc)=0.3803
2026-06-08 19:07:19,560 - INFO - Epoch 8/120 | train_loss=0.7804 val_loss=0.5399 val_illicit_f1=0.3324 val_illicit_pr_auc=0.3850 monitor(val/illicit_pr_auc)=0.3850
2026-06-08 19:07:21,558 - INFO - Epoch 9/120 | train_loss=0.5881 val_loss=0.6145 val_illicit_f1=0.3170 val_illicit_pr_auc=0.3471 monitor(val/illicit_pr_auc)=0.3471
2026-06-08 19:07:23,615 - INFO - Epoch 10/120 | train_loss=1.3959 val_loss=0.5433 val_illicit_f1=0.3414 val_illicit_pr_auc=0.3824 monitor(val/illicit_pr_auc)=0.3824
2026-06-08 19:07:25,689 - INFO - Epoch 11/120 | train_loss=0.4799 val_loss=0.5964 val_illicit_f1=0.3469 val_illicit_pr_auc=0.3890 monitor(val/illicit_pr_auc)=0.3890
2026-06-08 19:07:27,769 - INFO - Epoch 12/120 | train_loss=1.3291 val_loss=0.6552 val_illicit_f1=0.2986 val_illicit_pr_auc=0.3641 monitor(val/illicit_pr_auc)=0.3641
2026-06-08 19:07:29,755 - INFO - Epoch 13/120 | train_loss=0.6034 val_loss=0.6362 val_illicit_f1=0.2801 val_illicit_pr_auc=0.3847 monitor(val/illicit_pr_auc)=0.3847
2026-06-08 19:07:31,804 - INFO - Epoch 14/120 | train_loss=0.4439 val_loss=0.5849 val_illicit_f1=0.3283 val_illicit_pr_auc=0.3842 monitor(val/illicit_pr_auc)=0.3842
2026-06-08 19:07:33,859 - INFO - Epoch 15/120 | train_loss=0.4645 val_loss=0.6991 val_illicit_f1=0.2236 val_illicit_pr_auc=0.3739 monitor(val/illicit_pr_auc)=0.3739
2026-06-08 19:07:35,936 - INFO - Epoch 16/120 | train_loss=0.6656 val_loss=0.6962 val_illicit_f1=0.2362 val_illicit_pr_auc=0.3577 monitor(val/illicit_pr_auc)=0.3577
2026-06-08 19:07:37,998 - INFO - Epoch 17/120 | train_loss=0.4250 val_loss=0.5810 val_illicit_f1=0.2920 val_illicit_pr_auc=0.3929 monitor(val/illicit_pr_auc)=0.3929
2026-06-08 19:07:40,063 - INFO - Epoch 18/120 | train_loss=0.4976 val_loss=0.5625 val_illicit_f1=0.3597 val_illicit_pr_auc=0.3851 monitor(val/illicit_pr_auc)=0.3851
2026-06-08 19:07:42,160 - INFO - Epoch 19/120 | train_loss=0.4252 val_loss=0.5770 val_illicit_f1=0.3179 val_illicit_pr_auc=0.4057 monitor(val/illicit_pr_auc)=0.4057
2026-06-08 19:07:44,214 - INFO - Epoch 20/120 | train_loss=0.4364 val_loss=0.5089 val_illicit_f1=0.3482 val_illicit_pr_auc=0.3993 monitor(val/illicit_pr_auc)=0.3993
2026-06-08 19:07:46,324 - INFO - Epoch 21/120 | train_loss=0.4151 val_loss=0.5739 val_illicit_f1=0.3588 val_illicit_pr_auc=0.4085 monitor(val/illicit_pr_auc)=0.4085
2026-06-08 19:07:48,381 - INFO - Epoch 22/120 | train_loss=1.3198 val_loss=0.9474 val_illicit_f1=0.3263 val_illicit_pr_auc=0.3172 monitor(val/illicit_pr_auc)=0.3172
2026-06-08 19:07:50,475 - INFO - Epoch 23/120 | train_loss=0.9091 val_loss=0.6034 val_illicit_f1=0.3100 val_illicit_pr_auc=0.3812 monitor(val/illicit_pr_auc)=0.3812
2026-06-08 19:07:52,567 - INFO - Epoch 24/120 | train_loss=0.4371 val_loss=0.5302 val_illicit_f1=0.3506 val_illicit_pr_auc=0.3965 monitor(val/illicit_pr_auc)=0.3965
2026-06-08 19:07:54,678 - INFO - Epoch 25/120 | train_loss=0.4125 val_loss=0.5563 val_illicit_f1=0.3544 val_illicit_pr_auc=0.4111 monitor(val/illicit_pr_auc)=0.4111
2026-06-08 19:07:56,744 - INFO - Epoch 26/120 | train_loss=0.5762 val_loss=0.8190 val_illicit_f1=0.2798 val_illicit_pr_auc=0.3245 monitor(val/illicit_pr_auc)=0.3245
2026-06-08 19:07:58,831 - INFO - Epoch 27/120 | train_loss=0.4088 val_loss=0.5202 val_illicit_f1=0.3455 val_illicit_pr_auc=0.4149 monitor(val/illicit_pr_auc)=0.4149
2026-06-08 19:08:00,895 - INFO - Epoch 28/120 | train_loss=1.1160 val_loss=0.5960 val_illicit_f1=0.3705 val_illicit_pr_auc=0.4146 monitor(val/illicit_pr_auc)=0.4146
2026-06-08 19:08:02,926 - INFO - Epoch 29/120 | train_loss=0.4692 val_loss=0.5332 val_illicit_f1=0.3524 val_illicit_pr_auc=0.4179 monitor(val/illicit_pr_auc)=0.4179
2026-06-08 19:08:04,998 - INFO - Epoch 30/120 | train_loss=0.3993 val_loss=0.5332 val_illicit_f1=0.3572 val_illicit_pr_auc=0.4262 monitor(val/illicit_pr_auc)=0.4262
2026-06-08 19:08:07,047 - INFO - Epoch 31/120 | train_loss=0.4250 val_loss=0.5880 val_illicit_f1=0.3404 val_illicit_pr_auc=0.3890 monitor(val/illicit_pr_auc)=0.3890
2026-06-08 19:08:09,029 - INFO - Epoch 32/120 | train_loss=0.4103 val_loss=0.5454 val_illicit_f1=0.3073 val_illicit_pr_auc=0.4198 monitor(val/illicit_pr_auc)=0.4198
2026-06-08 19:08:11,070 - INFO - Epoch 33/120 | train_loss=0.3997 val_loss=0.6007 val_illicit_f1=0.3384 val_illicit_pr_auc=0.4068 monitor(val/illicit_pr_auc)=0.4068
2026-06-08 19:08:13,110 - INFO - Epoch 34/120 | train_loss=0.3861 val_loss=0.6690 val_illicit_f1=0.2540 val_illicit_pr_auc=0.3344 monitor(val/illicit_pr_auc)=0.3344
2026-06-08 19:08:15,183 - INFO - Epoch 35/120 | train_loss=0.4000 val_loss=0.5771 val_illicit_f1=0.3098 val_illicit_pr_auc=0.3939 monitor(val/illicit_pr_auc)=0.3939
2026-06-08 19:08:17,240 - INFO - Epoch 36/120 | train_loss=0.4790 val_loss=0.5085 val_illicit_f1=0.3537 val_illicit_pr_auc=0.4149 monitor(val/illicit_pr_auc)=0.4149
2026-06-08 19:08:19,316 - INFO - Epoch 37/120 | train_loss=0.4201 val_loss=0.5313 val_illicit_f1=0.3375 val_illicit_pr_auc=0.3887 monitor(val/illicit_pr_auc)=0.3887
2026-06-08 19:08:21,395 - INFO - Epoch 38/120 | train_loss=0.3817 val_loss=0.5293 val_illicit_f1=0.3571 val_illicit_pr_auc=0.4121 monitor(val/illicit_pr_auc)=0.4121
2026-06-08 19:08:23,473 - INFO - Epoch 39/120 | train_loss=0.3915 val_loss=0.5490 val_illicit_f1=0.3274 val_illicit_pr_auc=0.4100 monitor(val/illicit_pr_auc)=0.4100
2026-06-08 19:08:25,518 - INFO - Epoch 40/120 | train_loss=0.3695 val_loss=0.7267 val_illicit_f1=0.2399 val_illicit_pr_auc=0.3370 monitor(val/illicit_pr_auc)=0.3370
2026-06-08 19:08:27,577 - INFO - Epoch 41/120 | train_loss=0.3895 val_loss=0.5486 val_illicit_f1=0.3567 val_illicit_pr_auc=0.4194 monitor(val/illicit_pr_auc)=0.4194
2026-06-08 19:08:29,637 - INFO - Epoch 42/120 | train_loss=0.3775 val_loss=0.5666 val_illicit_f1=0.3534 val_illicit_pr_auc=0.4160 monitor(val/illicit_pr_auc)=0.4160
2026-06-08 19:08:31,826 - INFO - Epoch 43/120 | train_loss=0.3778 val_loss=0.5477 val_illicit_f1=0.3560 val_illicit_pr_auc=0.4280 monitor(val/illicit_pr_auc)=0.4280
2026-06-08 19:08:33,875 - INFO - Epoch 44/120 | train_loss=0.3990 val_loss=0.5056 val_illicit_f1=0.3583 val_illicit_pr_auc=0.4146 monitor(val/illicit_pr_auc)=0.4146
2026-06-08 19:08:35,853 - INFO - Epoch 45/120 | train_loss=0.3822 val_loss=0.8489 val_illicit_f1=0.2328 val_illicit_pr_auc=0.2688 monitor(val/illicit_pr_auc)=0.2688
2026-06-08 19:08:37,916 - INFO - Epoch 46/120 | train_loss=0.3833 val_loss=0.6356 val_illicit_f1=0.2693 val_illicit_pr_auc=0.3783 monitor(val/illicit_pr_auc)=0.3783
2026-06-08 19:08:39,882 - INFO - Epoch 47/120 | train_loss=0.5187 val_loss=0.5607 val_illicit_f1=0.3542 val_illicit_pr_auc=0.4256 monitor(val/illicit_pr_auc)=0.4256
2026-06-08 19:08:41,918 - INFO - Epoch 48/120 | train_loss=0.7210 val_loss=0.6147 val_illicit_f1=0.3093 val_illicit_pr_auc=0.4192 monitor(val/illicit_pr_auc)=0.4192
2026-06-08 19:08:43,967 - INFO - Epoch 49/120 | train_loss=0.3820 val_loss=0.5817 val_illicit_f1=0.3498 val_illicit_pr_auc=0.4134 monitor(val/illicit_pr_auc)=0.4134
2026-06-08 19:08:46,020 - INFO - Epoch 50/120 | train_loss=0.3714 val_loss=0.5168 val_illicit_f1=0.3621 val_illicit_pr_auc=0.4155 monitor(val/illicit_pr_auc)=0.4155
2026-06-08 19:08:48,032 - INFO - Epoch 51/120 | train_loss=0.3603 val_loss=0.6109 val_illicit_f1=0.3668 val_illicit_pr_auc=0.4286 monitor(val/illicit_pr_auc)=0.4286
2026-06-08 19:08:50,062 - INFO - Epoch 52/120 | train_loss=0.3741 val_loss=0.5554 val_illicit_f1=0.3597 val_illicit_pr_auc=0.4267 monitor(val/illicit_pr_auc)=0.4267
2026-06-08 19:08:52,066 - INFO - Epoch 53/120 | train_loss=0.3617 val_loss=0.5575 val_illicit_f1=0.3431 val_illicit_pr_auc=0.4249 monitor(val/illicit_pr_auc)=0.4249
2026-06-08 19:08:54,113 - INFO - Epoch 54/120 | train_loss=0.3868 val_loss=0.5513 val_illicit_f1=0.3548 val_illicit_pr_auc=0.4369 monitor(val/illicit_pr_auc)=0.4369
2026-06-08 19:08:56,155 - INFO - Epoch 55/120 | train_loss=0.3610 val_loss=0.6371 val_illicit_f1=0.2915 val_illicit_pr_auc=0.3926 monitor(val/illicit_pr_auc)=0.3926
2026-06-08 19:08:58,255 - INFO - Epoch 56/120 | train_loss=0.3526 val_loss=0.5931 val_illicit_f1=0.3650 val_illicit_pr_auc=0.4289 monitor(val/illicit_pr_auc)=0.4289
2026-06-08 19:09:00,312 - INFO - Epoch 57/120 | train_loss=0.3861 val_loss=0.6003 val_illicit_f1=0.3636 val_illicit_pr_auc=0.4145 monitor(val/illicit_pr_auc)=0.4145
2026-06-08 19:09:02,321 - INFO - Epoch 58/120 | train_loss=0.3772 val_loss=0.5701 val_illicit_f1=0.3662 val_illicit_pr_auc=0.4054 monitor(val/illicit_pr_auc)=0.4054
2026-06-08 19:09:04,404 - INFO - Epoch 59/120 | train_loss=0.3732 val_loss=0.5460 val_illicit_f1=0.3549 val_illicit_pr_auc=0.4180 monitor(val/illicit_pr_auc)=0.4180
2026-06-08 19:09:06,415 - INFO - Epoch 60/120 | train_loss=0.3476 val_loss=0.7028 val_illicit_f1=0.3551 val_illicit_pr_auc=0.4129 monitor(val/illicit_pr_auc)=0.4129
2026-06-08 19:09:08,447 - INFO - Epoch 61/120 | train_loss=0.3687 val_loss=0.5882 val_illicit_f1=0.3615 val_illicit_pr_auc=0.4226 monitor(val/illicit_pr_auc)=0.4226
2026-06-08 19:09:10,459 - INFO - Epoch 62/120 | train_loss=0.3692 val_loss=0.6001 val_illicit_f1=0.2944 val_illicit_pr_auc=0.4131 monitor(val/illicit_pr_auc)=0.4131
2026-06-08 19:09:12,534 - INFO - Epoch 63/120 | train_loss=0.3558 val_loss=0.6089 val_illicit_f1=0.3593 val_illicit_pr_auc=0.4285 monitor(val/illicit_pr_auc)=0.4285
2026-06-08 19:09:14,627 - INFO - Epoch 64/120 | train_loss=0.3404 val_loss=0.5691 val_illicit_f1=0.3667 val_illicit_pr_auc=0.4177 monitor(val/illicit_pr_auc)=0.4177
2026-06-08 19:09:16,769 - INFO - Epoch 65/120 | train_loss=0.3419 val_loss=0.6784 val_illicit_f1=0.3516 val_illicit_pr_auc=0.3997 monitor(val/illicit_pr_auc)=0.3997
2026-06-08 19:09:18,851 - INFO - Epoch 66/120 | train_loss=0.3478 val_loss=0.5804 val_illicit_f1=0.3595 val_illicit_pr_auc=0.4229 monitor(val/illicit_pr_auc)=0.4229
2026-06-08 19:09:20,949 - INFO - Epoch 67/120 | train_loss=0.3583 val_loss=0.5598 val_illicit_f1=0.3597 val_illicit_pr_auc=0.4133 monitor(val/illicit_pr_auc)=0.4133
2026-06-08 19:09:23,039 - INFO - Epoch 68/120 | train_loss=0.6135 val_loss=0.5964 val_illicit_f1=0.3669 val_illicit_pr_auc=0.4224 monitor(val/illicit_pr_auc)=0.4224
2026-06-08 19:09:25,147 - INFO - Epoch 69/120 | train_loss=0.3458 val_loss=0.6650 val_illicit_f1=0.2897 val_illicit_pr_auc=0.3961 monitor(val/illicit_pr_auc)=0.3961
2026-06-08 19:09:27,251 - INFO - Epoch 70/120 | train_loss=0.3468 val_loss=0.6338 val_illicit_f1=0.3529 val_illicit_pr_auc=0.4170 monitor(val/illicit_pr_auc)=0.4170
2026-06-08 19:09:29,323 - INFO - Epoch 71/120 | train_loss=0.3405 val_loss=0.6116 val_illicit_f1=0.3678 val_illicit_pr_auc=0.4264 monitor(val/illicit_pr_auc)=0.4264
2026-06-08 19:09:31,402 - INFO - Epoch 72/120 | train_loss=0.3387 val_loss=0.6201 val_illicit_f1=0.3672 val_illicit_pr_auc=0.4309 monitor(val/illicit_pr_auc)=0.4309
2026-06-08 19:09:33,489 - INFO - Epoch 73/120 | train_loss=0.3398 val_loss=0.6498 val_illicit_f1=0.3642 val_illicit_pr_auc=0.4249 monitor(val/illicit_pr_auc)=0.4249
2026-06-08 19:09:35,592 - INFO - Epoch 74/120 | train_loss=0.3349 val_loss=0.6519 val_illicit_f1=0.3359 val_illicit_pr_auc=0.3915 monitor(val/illicit_pr_auc)=0.3915
2026-06-08 19:09:35,592 - INFO - Early stopping at epoch 74 after 20 stale evals
2026-06-08 19:09:36,711 - INFO - Best threshold on validation (val/illicit_f1) = 0.9038 (score=0.4359)
2026-06-08 19:09:36,711 - INFO - Test metrics | Loss: 0.5515, Illicit F1: 0.3965, Illicit PR-AUC: 0.3826, Illicit ROC-AUC: 0.9513, Licit F1: 0.9760
2026-06-08 19:09:36,711 - INFO - Saved final metrics to outputs/PNA_LIS/test_metrics.json

======================================================
  Finished at  : Mon Jun  8 07:09:38 PM CEST 2026
======================================================
