======================================================
  PNA Training
======================================================
  Job ID       : 23585623
  Config       : configs/saml-d/SAMLD.yaml
  Resume       : 0
  Python       : python3.11
  Started at   : Mon Jun  8 07:26:27 PM CEST 2026
======================================================
2026-06-08 19:26:34,581 - INFO - Using device: cuda
2026-06-08 19:26:34,582 - INFO - Loading PNA dataset from /home/ghonkoop/data/saml-d
2026-06-08 19:26:34,684 - INFO - Loaded 156955 nodes in 0.1s
2026-06-08 19:26:34,745 - INFO - Loaded 22256 connected components in 0.1s
2026-06-08 19:26:35,278 - INFO - Loaded component node membership in 0.5s
2026-06-08 19:26:43,980 - INFO - Loaded and grouped 1531140 component edges across 22256 components in 8.7s
2026-06-08 19:26:45,372 - INFO - Built 5000/22256 PNA component graphs...
2026-06-08 19:26:46,782 - INFO - Built 10000/22256 PNA component graphs...
2026-06-08 19:26:47,992 - INFO - Built 15000/22256 PNA component graphs...
2026-06-08 19:26:49,003 - INFO - Built 20000/22256 PNA component graphs...
2026-06-08 19:26:50,009 - INFO - Normalizing edge features...
2026-06-08 19:26:50,648 - INFO - Loaded 13353/4451/4452 train/val/test graphs | node_dim=2 edge_dim=6 labels={'illicit_component': 0, 'licit_component': 1}
2026-06-08 19:26:50,649 - INFO - Finished PNA dataset build in 16.1s
2026-06-08 19:26:54,339 - INFO - Saved cached PNA dataset to /home/ghonkoop/data/saml-d/pna_cache/node_features-raw_add_degree_feature-True_use_edge_features-True_edge_feature_normalize-zscore_edge_feature_clip-10.0_add_reverse_edges-False_train_ratio-0.6_val_ratio-0.2_split_mode-class_temporal_illicit_label-0_max_degree_hist-1000.pt
2026-06-08 19:26:54,806 - INFO - Trainable parameters: 1037825
2026-06-08 19:26:54,869 - INFO - Using BCEWithLogitsLoss pos_weight=25.029240
2026-06-08 19:26:57,041 - INFO - Epoch 1/120 | train_loss=0.2634 val_loss=0.8956 val_illicit_f1=0.1026 val_illicit_pr_auc=0.8076 monitor(val/illicit_pr_auc)=0.8076
2026-06-08 19:26:58,474 - INFO - Epoch 2/120 | train_loss=0.1399 val_loss=0.3720 val_illicit_f1=0.3688 val_illicit_pr_auc=0.9385 monitor(val/illicit_pr_auc)=0.9385
2026-06-08 19:26:59,831 - INFO - Epoch 3/120 | train_loss=0.0785 val_loss=0.3861 val_illicit_f1=0.6252 val_illicit_pr_auc=0.9222 monitor(val/illicit_pr_auc)=0.9222
2026-06-08 19:27:01,152 - INFO - Epoch 4/120 | train_loss=0.0689 val_loss=0.3142 val_illicit_f1=0.7128 val_illicit_pr_auc=0.8468 monitor(val/illicit_pr_auc)=0.8468
2026-06-08 19:27:02,512 - INFO - Epoch 5/120 | train_loss=0.0869 val_loss=0.3115 val_illicit_f1=0.6118 val_illicit_pr_auc=0.9690 monitor(val/illicit_pr_auc)=0.9690
2026-06-08 19:27:03,806 - INFO - Epoch 6/120 | train_loss=0.0574 val_loss=0.1954 val_illicit_f1=0.6549 val_illicit_pr_auc=0.9481 monitor(val/illicit_pr_auc)=0.9481
2026-06-08 19:27:05,153 - INFO - Epoch 7/120 | train_loss=0.0516 val_loss=0.2376 val_illicit_f1=0.5923 val_illicit_pr_auc=0.9601 monitor(val/illicit_pr_auc)=0.9601
2026-06-08 19:27:06,512 - INFO - Epoch 8/120 | train_loss=0.0534 val_loss=0.3492 val_illicit_f1=0.5570 val_illicit_pr_auc=0.9270 monitor(val/illicit_pr_auc)=0.9270
2026-06-08 19:27:07,873 - INFO - Epoch 9/120 | train_loss=0.0499 val_loss=0.1291 val_illicit_f1=0.6627 val_illicit_pr_auc=0.9725 monitor(val/illicit_pr_auc)=0.9725
2026-06-08 19:27:09,178 - INFO - Epoch 10/120 | train_loss=0.0680 val_loss=0.7738 val_illicit_f1=0.1445 val_illicit_pr_auc=0.9387 monitor(val/illicit_pr_auc)=0.9387
2026-06-08 19:27:10,480 - INFO - Epoch 11/120 | train_loss=0.0441 val_loss=0.1274 val_illicit_f1=0.8615 val_illicit_pr_auc=0.9344 monitor(val/illicit_pr_auc)=0.9344
2026-06-08 19:27:11,826 - INFO - Epoch 12/120 | train_loss=0.0503 val_loss=0.1683 val_illicit_f1=0.7179 val_illicit_pr_auc=0.9035 monitor(val/illicit_pr_auc)=0.9035
2026-06-08 19:27:13,207 - INFO - Epoch 13/120 | train_loss=0.0507 val_loss=0.1581 val_illicit_f1=0.6269 val_illicit_pr_auc=0.9674 monitor(val/illicit_pr_auc)=0.9674
2026-06-08 19:27:14,546 - INFO - Epoch 14/120 | train_loss=0.0491 val_loss=0.1953 val_illicit_f1=0.5979 val_illicit_pr_auc=0.9681 monitor(val/illicit_pr_auc)=0.9681
2026-06-08 19:27:15,809 - INFO - Epoch 15/120 | train_loss=0.0495 val_loss=0.1979 val_illicit_f1=0.5965 val_illicit_pr_auc=0.9292 monitor(val/illicit_pr_auc)=0.9292
2026-06-08 19:27:17,095 - INFO - Epoch 16/120 | train_loss=0.0456 val_loss=0.1940 val_illicit_f1=0.5842 val_illicit_pr_auc=0.9748 monitor(val/illicit_pr_auc)=0.9748
2026-06-08 19:27:18,426 - INFO - Epoch 17/120 | train_loss=0.0416 val_loss=0.3333 val_illicit_f1=0.4548 val_illicit_pr_auc=0.9330 monitor(val/illicit_pr_auc)=0.9330
2026-06-08 19:27:19,757 - INFO - Epoch 18/120 | train_loss=0.0570 val_loss=0.1752 val_illicit_f1=0.6414 val_illicit_pr_auc=0.9723 monitor(val/illicit_pr_auc)=0.9723
2026-06-08 19:27:21,105 - INFO - Epoch 19/120 | train_loss=0.0445 val_loss=0.1496 val_illicit_f1=0.6355 val_illicit_pr_auc=0.9335 monitor(val/illicit_pr_auc)=0.9335
2026-06-08 19:27:22,398 - INFO - Epoch 20/120 | train_loss=0.0490 val_loss=0.2754 val_illicit_f1=0.5634 val_illicit_pr_auc=0.9816 monitor(val/illicit_pr_auc)=0.9816
2026-06-08 19:27:23,684 - INFO - Epoch 21/120 | train_loss=0.0459 val_loss=0.2140 val_illicit_f1=0.5738 val_illicit_pr_auc=0.9863 monitor(val/illicit_pr_auc)=0.9863
2026-06-08 19:27:24,952 - INFO - Epoch 22/120 | train_loss=0.0438 val_loss=0.1986 val_illicit_f1=0.5661 val_illicit_pr_auc=0.9349 monitor(val/illicit_pr_auc)=0.9349
2026-06-08 19:27:26,204 - INFO - Epoch 23/120 | train_loss=0.0471 val_loss=0.2122 val_illicit_f1=0.5710 val_illicit_pr_auc=0.9841 monitor(val/illicit_pr_auc)=0.9841
2026-06-08 19:27:27,472 - INFO - Epoch 24/120 | train_loss=0.0378 val_loss=0.1916 val_illicit_f1=0.5644 val_illicit_pr_auc=0.9512 monitor(val/illicit_pr_auc)=0.9512
2026-06-08 19:27:28,732 - INFO - Epoch 25/120 | train_loss=0.0347 val_loss=0.1390 val_illicit_f1=0.6084 val_illicit_pr_auc=0.9786 monitor(val/illicit_pr_auc)=0.9786
2026-06-08 19:27:30,007 - INFO - Epoch 26/120 | train_loss=0.0422 val_loss=0.1208 val_illicit_f1=0.6296 val_illicit_pr_auc=0.9805 monitor(val/illicit_pr_auc)=0.9805
2026-06-08 19:27:31,275 - INFO - Epoch 27/120 | train_loss=0.0356 val_loss=0.2802 val_illicit_f1=0.4427 val_illicit_pr_auc=0.9519 monitor(val/illicit_pr_auc)=0.9519
2026-06-08 19:27:32,576 - INFO - Epoch 28/120 | train_loss=0.0360 val_loss=0.3056 val_illicit_f1=0.3600 val_illicit_pr_auc=0.9426 monitor(val/illicit_pr_auc)=0.9426
2026-06-08 19:27:33,836 - INFO - Epoch 29/120 | train_loss=0.0344 val_loss=0.1474 val_illicit_f1=0.5852 val_illicit_pr_auc=0.9697 monitor(val/illicit_pr_auc)=0.9697
2026-06-08 19:27:35,088 - INFO - Epoch 30/120 | train_loss=0.0362 val_loss=0.1237 val_illicit_f1=0.6047 val_illicit_pr_auc=0.9703 monitor(val/illicit_pr_auc)=0.9703
2026-06-08 19:27:36,351 - INFO - Epoch 31/120 | train_loss=0.0309 val_loss=0.1472 val_illicit_f1=0.5816 val_illicit_pr_auc=0.9547 monitor(val/illicit_pr_auc)=0.9547
2026-06-08 19:27:37,609 - INFO - Epoch 32/120 | train_loss=0.0274 val_loss=0.1590 val_illicit_f1=0.5788 val_illicit_pr_auc=0.9556 monitor(val/illicit_pr_auc)=0.9556
2026-06-08 19:27:38,882 - INFO - Epoch 33/120 | train_loss=0.0256 val_loss=0.1937 val_illicit_f1=0.5903 val_illicit_pr_auc=0.9366 monitor(val/illicit_pr_auc)=0.9366
2026-06-08 19:27:40,132 - INFO - Epoch 34/120 | train_loss=0.0297 val_loss=0.1869 val_illicit_f1=0.5870 val_illicit_pr_auc=0.9366 monitor(val/illicit_pr_auc)=0.9366
2026-06-08 19:27:41,447 - INFO - Epoch 35/120 | train_loss=0.0223 val_loss=0.1545 val_illicit_f1=0.5907 val_illicit_pr_auc=0.9586 monitor(val/illicit_pr_auc)=0.9586
2026-06-08 19:27:42,782 - INFO - Epoch 36/120 | train_loss=0.0254 val_loss=0.1004 val_illicit_f1=0.5979 val_illicit_pr_auc=0.9902 monitor(val/illicit_pr_auc)=0.9902
2026-06-08 19:27:44,035 - INFO - Epoch 37/120 | train_loss=0.0190 val_loss=0.1291 val_illicit_f1=0.6058 val_illicit_pr_auc=0.9720 monitor(val/illicit_pr_auc)=0.9720
2026-06-08 19:27:45,355 - INFO - Epoch 38/120 | train_loss=0.0323 val_loss=0.1986 val_illicit_f1=0.4878 val_illicit_pr_auc=0.9686 monitor(val/illicit_pr_auc)=0.9686
2026-06-08 19:27:46,690 - INFO - Epoch 39/120 | train_loss=0.0234 val_loss=0.1118 val_illicit_f1=0.8247 val_illicit_pr_auc=0.9823 monitor(val/illicit_pr_auc)=0.9823
2026-06-08 19:27:47,967 - INFO - Epoch 40/120 | train_loss=0.0262 val_loss=0.2003 val_illicit_f1=0.6062 val_illicit_pr_auc=0.9151 monitor(val/illicit_pr_auc)=0.9151
2026-06-08 19:27:49,304 - INFO - Epoch 41/120 | train_loss=0.0304 val_loss=0.1369 val_illicit_f1=0.6047 val_illicit_pr_auc=0.9750 monitor(val/illicit_pr_auc)=0.9750
2026-06-08 19:27:50,597 - INFO - Epoch 42/120 | train_loss=0.0190 val_loss=0.0952 val_illicit_f1=0.7253 val_illicit_pr_auc=0.9822 monitor(val/illicit_pr_auc)=0.9822
2026-06-08 19:27:51,926 - INFO - Epoch 43/120 | train_loss=0.0183 val_loss=0.1865 val_illicit_f1=0.6029 val_illicit_pr_auc=0.9399 monitor(val/illicit_pr_auc)=0.9399
2026-06-08 19:27:53,263 - INFO - Epoch 44/120 | train_loss=0.0253 val_loss=0.1171 val_illicit_f1=0.6343 val_illicit_pr_auc=0.9597 monitor(val/illicit_pr_auc)=0.9597
2026-06-08 19:27:54,544 - INFO - Epoch 45/120 | train_loss=0.0193 val_loss=0.1368 val_illicit_f1=0.6018 val_illicit_pr_auc=0.9786 monitor(val/illicit_pr_auc)=0.9786
2026-06-08 19:27:55,814 - INFO - Epoch 46/120 | train_loss=0.0252 val_loss=0.1153 val_illicit_f1=0.6098 val_illicit_pr_auc=0.9789 monitor(val/illicit_pr_auc)=0.9789
2026-06-08 19:27:57,142 - INFO - Epoch 47/120 | train_loss=0.0168 val_loss=0.1024 val_illicit_f1=0.6860 val_illicit_pr_auc=0.9811 monitor(val/illicit_pr_auc)=0.9811
2026-06-08 19:27:58,491 - INFO - Epoch 48/120 | train_loss=0.0186 val_loss=0.1008 val_illicit_f1=0.6575 val_illicit_pr_auc=0.9838 monitor(val/illicit_pr_auc)=0.9838
2026-06-08 19:27:59,815 - INFO - Epoch 49/120 | train_loss=0.0142 val_loss=0.1326 val_illicit_f1=0.6211 val_illicit_pr_auc=0.9791 monitor(val/illicit_pr_auc)=0.9791
2026-06-08 19:28:01,145 - INFO - Epoch 50/120 | train_loss=0.0106 val_loss=0.1253 val_illicit_f1=0.6549 val_illicit_pr_auc=0.9815 monitor(val/illicit_pr_auc)=0.9815
2026-06-08 19:28:02,482 - INFO - Epoch 51/120 | train_loss=0.0106 val_loss=0.1260 val_illicit_f1=0.6575 val_illicit_pr_auc=0.9816 monitor(val/illicit_pr_auc)=0.9816
2026-06-08 19:28:03,821 - INFO - Epoch 52/120 | train_loss=0.0094 val_loss=0.1232 val_illicit_f1=0.6362 val_illicit_pr_auc=0.9829 monitor(val/illicit_pr_auc)=0.9829
2026-06-08 19:28:05,147 - INFO - Epoch 53/120 | train_loss=0.0109 val_loss=0.1316 val_illicit_f1=0.6400 val_illicit_pr_auc=0.9818 monitor(val/illicit_pr_auc)=0.9818
2026-06-08 19:28:06,481 - INFO - Epoch 54/120 | train_loss=0.0103 val_loss=0.0913 val_illicit_f1=0.6379 val_illicit_pr_auc=0.9900 monitor(val/illicit_pr_auc)=0.9900
2026-06-08 19:28:07,817 - INFO - Epoch 55/120 | train_loss=0.0103 val_loss=0.0917 val_illicit_f1=0.7850 val_illicit_pr_auc=0.9856 monitor(val/illicit_pr_auc)=0.9856
2026-06-08 19:28:09,152 - INFO - Epoch 56/120 | train_loss=0.0127 val_loss=0.1551 val_illicit_f1=0.6243 val_illicit_pr_auc=0.9800 monitor(val/illicit_pr_auc)=0.9800
2026-06-08 19:28:09,152 - INFO - Early stopping at epoch 56 after 20 stale evals
2026-06-08 19:28:10,044 - INFO - Best threshold on validation (val/illicit_f1) = 0.9500 (score=0.9676)
2026-06-08 19:28:10,044 - INFO - Test metrics | Loss: 0.3548, Illicit F1: 0.9148, Illicit PR-AUC: 0.9503, Illicit ROC-AUC: 0.9777, Licit F1: 0.9969
2026-06-08 19:28:10,044 - INFO - Saved final metrics to outputs/PNA_SAMLD/test_metrics.json

======================================================
  Finished at  : Mon Jun  8 07:28:11 PM CEST 2026
======================================================
