======================================================
  PNA Training
======================================================
  Job ID       : 23590053
  Config       : configs/aml/HIS-3.yaml
  Resume       : 0
  Python       : python3.11
  Started at   : Mon Jun  8 09:43:43 PM CEST 2026
======================================================
2026-06-08 21:43:56,546 - INFO - Using device: cuda
2026-06-08 21:43:56,548 - INFO - Loading cached PNA dataset from /home/ghonkoop/data/aml/HI-Small/pna_cache/node_features-raw_add_degree_feature-True_use_edge_features-True_edge_feature_normalize-zscore_edge_feature_clip-10.0_add_reverse_edges-False_train_ratio-0.6_val_ratio-0.2_split_mode-class_temporal_illicit_label-0_max_degree_hist-1000.pt
2026-06-08 21:44:03,837 - INFO - Loaded cached PNA dataset in 7.3s
2026-06-08 21:44:04,220 - INFO - Trainable parameters: 4140801
2026-06-08 21:44:04,324 - INFO - Using BCEWithLogitsLoss pos_weight=23.011017
2026-06-08 21:44:08,651 - INFO - Epoch 1/150 | train_loss=1.9685 val_loss=0.6819 val_illicit_f1=0.2243 val_illicit_pr_auc=0.4203 monitor(val/illicit_pr_auc)=0.4203
2026-06-08 21:44:10,712 - INFO - Epoch 2/150 | train_loss=3.1889 val_loss=2.1974 val_illicit_f1=0.0217 val_illicit_pr_auc=0.3063 monitor(val/illicit_pr_auc)=0.3063
2026-06-08 21:44:12,727 - INFO - Epoch 3/150 | train_loss=0.5611 val_loss=0.5124 val_illicit_f1=0.3655 val_illicit_pr_auc=0.4543 monitor(val/illicit_pr_auc)=0.4543
2026-06-08 21:44:14,739 - INFO - Epoch 4/150 | train_loss=2.9038 val_loss=0.5145 val_illicit_f1=0.3574 val_illicit_pr_auc=0.4367 monitor(val/illicit_pr_auc)=0.4367
2026-06-08 21:44:16,772 - INFO - Epoch 5/150 | train_loss=2.4787 val_loss=0.5322 val_illicit_f1=0.3426 val_illicit_pr_auc=0.4557 monitor(val/illicit_pr_auc)=0.4557
2026-06-08 21:44:18,778 - INFO - Epoch 6/150 | train_loss=3.0965 val_loss=0.5563 val_illicit_f1=0.2591 val_illicit_pr_auc=0.4671 monitor(val/illicit_pr_auc)=0.4671
2026-06-08 21:44:20,715 - INFO - Epoch 7/150 | train_loss=1.7551 val_loss=0.5811 val_illicit_f1=0.3376 val_illicit_pr_auc=0.4454 monitor(val/illicit_pr_auc)=0.4454
2026-06-08 21:44:22,752 - INFO - Epoch 8/150 | train_loss=0.9015 val_loss=0.4868 val_illicit_f1=0.3611 val_illicit_pr_auc=0.4756 monitor(val/illicit_pr_auc)=0.4756
2026-06-08 21:44:24,732 - INFO - Epoch 9/150 | train_loss=0.6645 val_loss=0.4835 val_illicit_f1=0.3190 val_illicit_pr_auc=0.4640 monitor(val/illicit_pr_auc)=0.4640
2026-06-08 21:44:26,724 - INFO - Epoch 10/150 | train_loss=1.7713 val_loss=2.1226 val_illicit_f1=0.1860 val_illicit_pr_auc=0.2742 monitor(val/illicit_pr_auc)=0.2742
2026-06-08 21:44:28,717 - INFO - Epoch 11/150 | train_loss=0.4456 val_loss=0.7957 val_illicit_f1=0.3941 val_illicit_pr_auc=0.4188 monitor(val/illicit_pr_auc)=0.4188
2026-06-08 21:44:30,758 - INFO - Epoch 12/150 | train_loss=3.2908 val_loss=0.5638 val_illicit_f1=0.3443 val_illicit_pr_auc=0.4717 monitor(val/illicit_pr_auc)=0.4717
2026-06-08 21:44:32,774 - INFO - Epoch 13/150 | train_loss=1.6884 val_loss=0.5340 val_illicit_f1=0.3829 val_illicit_pr_auc=0.4751 monitor(val/illicit_pr_auc)=0.4751
2026-06-08 21:44:34,837 - INFO - Epoch 14/150 | train_loss=2.5676 val_loss=0.4786 val_illicit_f1=0.3346 val_illicit_pr_auc=0.4945 monitor(val/illicit_pr_auc)=0.4945
2026-06-08 21:44:36,866 - INFO - Epoch 15/150 | train_loss=0.4821 val_loss=0.8697 val_illicit_f1=0.3861 val_illicit_pr_auc=0.3914 monitor(val/illicit_pr_auc)=0.3914
2026-06-08 21:44:38,885 - INFO - Epoch 16/150 | train_loss=3.1048 val_loss=0.4904 val_illicit_f1=0.3840 val_illicit_pr_auc=0.4960 monitor(val/illicit_pr_auc)=0.4960
2026-06-08 21:44:40,890 - INFO - Epoch 17/150 | train_loss=2.0485 val_loss=0.4592 val_illicit_f1=0.3557 val_illicit_pr_auc=0.4900 monitor(val/illicit_pr_auc)=0.4900
2026-06-08 21:44:42,927 - INFO - Epoch 18/150 | train_loss=0.7676 val_loss=0.4559 val_illicit_f1=0.3577 val_illicit_pr_auc=0.4881 monitor(val/illicit_pr_auc)=0.4881
2026-06-08 21:44:45,011 - INFO - Epoch 19/150 | train_loss=0.6034 val_loss=0.5065 val_illicit_f1=0.3644 val_illicit_pr_auc=0.5032 monitor(val/illicit_pr_auc)=0.5032
2026-06-08 21:44:47,039 - INFO - Epoch 20/150 | train_loss=0.4596 val_loss=0.5678 val_illicit_f1=0.2522 val_illicit_pr_auc=0.4646 monitor(val/illicit_pr_auc)=0.4646
2026-06-08 21:44:49,039 - INFO - Epoch 21/150 | train_loss=2.7238 val_loss=0.4979 val_illicit_f1=0.3711 val_illicit_pr_auc=0.4896 monitor(val/illicit_pr_auc)=0.4896
2026-06-08 21:44:51,063 - INFO - Epoch 22/150 | train_loss=2.7975 val_loss=0.4822 val_illicit_f1=0.3576 val_illicit_pr_auc=0.4971 monitor(val/illicit_pr_auc)=0.4971
2026-06-08 21:44:53,032 - INFO - Epoch 23/150 | train_loss=1.5172 val_loss=0.4867 val_illicit_f1=0.3800 val_illicit_pr_auc=0.4931 monitor(val/illicit_pr_auc)=0.4931
2026-06-08 21:44:55,054 - INFO - Epoch 24/150 | train_loss=2.0150 val_loss=1.1141 val_illicit_f1=0.3495 val_illicit_pr_auc=0.3356 monitor(val/illicit_pr_auc)=0.3356
2026-06-08 21:44:57,069 - INFO - Epoch 25/150 | train_loss=0.5052 val_loss=0.5235 val_illicit_f1=0.3848 val_illicit_pr_auc=0.4967 monitor(val/illicit_pr_auc)=0.4967
2026-06-08 21:44:59,088 - INFO - Epoch 26/150 | train_loss=0.3933 val_loss=0.6320 val_illicit_f1=0.3956 val_illicit_pr_auc=0.4738 monitor(val/illicit_pr_auc)=0.4738
2026-06-08 21:45:01,061 - INFO - Epoch 27/150 | train_loss=3.0429 val_loss=0.4482 val_illicit_f1=0.3609 val_illicit_pr_auc=0.4914 monitor(val/illicit_pr_auc)=0.4914
2026-06-08 21:45:03,063 - INFO - Epoch 28/150 | train_loss=0.4135 val_loss=2.0483 val_illicit_f1=0.2688 val_illicit_pr_auc=0.2699 monitor(val/illicit_pr_auc)=0.2699
2026-06-08 21:45:05,097 - INFO - Epoch 29/150 | train_loss=1.0547 val_loss=1.8767 val_illicit_f1=0.2837 val_illicit_pr_auc=0.3076 monitor(val/illicit_pr_auc)=0.3076
2026-06-08 21:45:07,106 - INFO - Epoch 30/150 | train_loss=0.4156 val_loss=0.5315 val_illicit_f1=0.3687 val_illicit_pr_auc=0.4586 monitor(val/illicit_pr_auc)=0.4586
2026-06-08 21:45:09,117 - INFO - Epoch 31/150 | train_loss=0.3569 val_loss=0.4376 val_illicit_f1=0.3732 val_illicit_pr_auc=0.5033 monitor(val/illicit_pr_auc)=0.5033
2026-06-08 21:45:11,083 - INFO - Epoch 32/150 | train_loss=1.9557 val_loss=0.4826 val_illicit_f1=0.3800 val_illicit_pr_auc=0.5051 monitor(val/illicit_pr_auc)=0.5051
2026-06-08 21:45:13,133 - INFO - Epoch 33/150 | train_loss=0.9471 val_loss=0.4890 val_illicit_f1=0.3807 val_illicit_pr_auc=0.5085 monitor(val/illicit_pr_auc)=0.5085
2026-06-08 21:45:15,149 - INFO - Epoch 34/150 | train_loss=0.3394 val_loss=0.8418 val_illicit_f1=0.3556 val_illicit_pr_auc=0.4065 monitor(val/illicit_pr_auc)=0.4065
2026-06-08 21:45:17,214 - INFO - Epoch 35/150 | train_loss=0.9890 val_loss=0.4604 val_illicit_f1=0.3825 val_illicit_pr_auc=0.5177 monitor(val/illicit_pr_auc)=0.5177
2026-06-08 21:45:19,161 - INFO - Epoch 36/150 | train_loss=0.4546 val_loss=0.4946 val_illicit_f1=0.3560 val_illicit_pr_auc=0.5100 monitor(val/illicit_pr_auc)=0.5100
2026-06-08 21:45:21,189 - INFO - Epoch 37/150 | train_loss=0.3525 val_loss=0.5449 val_illicit_f1=0.2827 val_illicit_pr_auc=0.5154 monitor(val/illicit_pr_auc)=0.5154
2026-06-08 21:45:23,211 - INFO - Epoch 38/150 | train_loss=0.3728 val_loss=1.7497 val_illicit_f1=0.2918 val_illicit_pr_auc=0.3275 monitor(val/illicit_pr_auc)=0.3275
2026-06-08 21:45:25,293 - INFO - Epoch 39/150 | train_loss=0.3548 val_loss=0.4411 val_illicit_f1=0.3753 val_illicit_pr_auc=0.5285 monitor(val/illicit_pr_auc)=0.5285
2026-06-08 21:45:27,347 - INFO - Epoch 40/150 | train_loss=1.3489 val_loss=0.5040 val_illicit_f1=0.3369 val_illicit_pr_auc=0.5084 monitor(val/illicit_pr_auc)=0.5084
2026-06-08 21:45:29,351 - INFO - Epoch 41/150 | train_loss=0.8645 val_loss=0.4930 val_illicit_f1=0.3317 val_illicit_pr_auc=0.5093 monitor(val/illicit_pr_auc)=0.5093
2026-06-08 21:45:31,291 - INFO - Epoch 42/150 | train_loss=0.3594 val_loss=0.5432 val_illicit_f1=0.2932 val_illicit_pr_auc=0.5063 monitor(val/illicit_pr_auc)=0.5063
2026-06-08 21:45:33,296 - INFO - Epoch 43/150 | train_loss=2.3015 val_loss=0.4939 val_illicit_f1=0.3462 val_illicit_pr_auc=0.5199 monitor(val/illicit_pr_auc)=0.5199
2026-06-08 21:45:35,294 - INFO - Epoch 44/150 | train_loss=0.3966 val_loss=0.4645 val_illicit_f1=0.3847 val_illicit_pr_auc=0.5196 monitor(val/illicit_pr_auc)=0.5196
2026-06-08 21:45:37,238 - INFO - Epoch 45/150 | train_loss=0.3421 val_loss=0.4782 val_illicit_f1=0.3788 val_illicit_pr_auc=0.5163 monitor(val/illicit_pr_auc)=0.5163
2026-06-08 21:45:39,294 - INFO - Epoch 46/150 | train_loss=0.3480 val_loss=0.4474 val_illicit_f1=0.3788 val_illicit_pr_auc=0.5359 monitor(val/illicit_pr_auc)=0.5359
2026-06-08 21:45:41,232 - INFO - Epoch 47/150 | train_loss=0.7791 val_loss=0.4524 val_illicit_f1=0.3715 val_illicit_pr_auc=0.5208 monitor(val/illicit_pr_auc)=0.5208
2026-06-08 21:45:43,272 - INFO - Epoch 48/150 | train_loss=0.3566 val_loss=0.5114 val_illicit_f1=0.3082 val_illicit_pr_auc=0.5247 monitor(val/illicit_pr_auc)=0.5247
2026-06-08 21:45:45,275 - INFO - Epoch 49/150 | train_loss=0.6275 val_loss=0.4824 val_illicit_f1=0.3812 val_illicit_pr_auc=0.5329 monitor(val/illicit_pr_auc)=0.5329
2026-06-08 21:45:47,228 - INFO - Epoch 50/150 | train_loss=0.3744 val_loss=0.6419 val_illicit_f1=0.3360 val_illicit_pr_auc=0.4556 monitor(val/illicit_pr_auc)=0.4556
2026-06-08 21:45:49,249 - INFO - Epoch 51/150 | train_loss=0.3355 val_loss=0.4575 val_illicit_f1=0.3494 val_illicit_pr_auc=0.5240 monitor(val/illicit_pr_auc)=0.5240
2026-06-08 21:45:51,223 - INFO - Epoch 52/150 | train_loss=1.4412 val_loss=0.4621 val_illicit_f1=0.3544 val_illicit_pr_auc=0.5258 monitor(val/illicit_pr_auc)=0.5258
2026-06-08 21:45:53,192 - INFO - Epoch 53/150 | train_loss=0.3490 val_loss=0.5089 val_illicit_f1=0.3447 val_illicit_pr_auc=0.5187 monitor(val/illicit_pr_auc)=0.5187
2026-06-08 21:45:55,150 - INFO - Epoch 54/150 | train_loss=0.8594 val_loss=0.4670 val_illicit_f1=0.3778 val_illicit_pr_auc=0.5292 monitor(val/illicit_pr_auc)=0.5292
2026-06-08 21:45:57,121 - INFO - Epoch 55/150 | train_loss=0.3257 val_loss=0.4862 val_illicit_f1=0.3793 val_illicit_pr_auc=0.5317 monitor(val/illicit_pr_auc)=0.5317
2026-06-08 21:45:59,119 - INFO - Epoch 56/150 | train_loss=0.3421 val_loss=0.5884 val_illicit_f1=0.3270 val_illicit_pr_auc=0.4598 monitor(val/illicit_pr_auc)=0.4598
2026-06-08 21:46:01,151 - INFO - Epoch 57/150 | train_loss=0.3147 val_loss=0.4965 val_illicit_f1=0.3870 val_illicit_pr_auc=0.5369 monitor(val/illicit_pr_auc)=0.5369
2026-06-08 21:46:03,123 - INFO - Epoch 58/150 | train_loss=0.3268 val_loss=0.5338 val_illicit_f1=0.3480 val_illicit_pr_auc=0.5311 monitor(val/illicit_pr_auc)=0.5311
2026-06-08 21:46:05,130 - INFO - Epoch 59/150 | train_loss=0.3262 val_loss=0.6574 val_illicit_f1=0.3740 val_illicit_pr_auc=0.4634 monitor(val/illicit_pr_auc)=0.4634
2026-06-08 21:46:07,181 - INFO - Epoch 60/150 | train_loss=0.3221 val_loss=0.5144 val_illicit_f1=0.3847 val_illicit_pr_auc=0.5455 monitor(val/illicit_pr_auc)=0.5455
2026-06-08 21:46:09,167 - INFO - Epoch 61/150 | train_loss=0.3190 val_loss=0.5681 val_illicit_f1=0.3607 val_illicit_pr_auc=0.4795 monitor(val/illicit_pr_auc)=0.4795
2026-06-08 21:46:11,151 - INFO - Epoch 62/150 | train_loss=0.3203 val_loss=0.4913 val_illicit_f1=0.3864 val_illicit_pr_auc=0.5378 monitor(val/illicit_pr_auc)=0.5378
2026-06-08 21:46:13,167 - INFO - Epoch 63/150 | train_loss=0.3565 val_loss=0.5075 val_illicit_f1=0.3886 val_illicit_pr_auc=0.5433 monitor(val/illicit_pr_auc)=0.5433
2026-06-08 21:46:15,205 - INFO - Epoch 64/150 | train_loss=0.3257 val_loss=0.4732 val_illicit_f1=0.3803 val_illicit_pr_auc=0.5434 monitor(val/illicit_pr_auc)=0.5434
2026-06-08 21:46:17,149 - INFO - Epoch 65/150 | train_loss=1.7299 val_loss=0.5078 val_illicit_f1=0.3835 val_illicit_pr_auc=0.5437 monitor(val/illicit_pr_auc)=0.5437
2026-06-08 21:46:19,158 - INFO - Epoch 66/150 | train_loss=0.3163 val_loss=0.4900 val_illicit_f1=0.3812 val_illicit_pr_auc=0.5422 monitor(val/illicit_pr_auc)=0.5422
2026-06-08 21:46:21,198 - INFO - Epoch 67/150 | train_loss=0.3190 val_loss=0.5225 val_illicit_f1=0.3858 val_illicit_pr_auc=0.5497 monitor(val/illicit_pr_auc)=0.5497
2026-06-08 21:46:23,170 - INFO - Epoch 68/150 | train_loss=0.3169 val_loss=0.6586 val_illicit_f1=0.2860 val_illicit_pr_auc=0.4607 monitor(val/illicit_pr_auc)=0.4607
2026-06-08 21:46:25,129 - INFO - Epoch 69/150 | train_loss=0.3236 val_loss=0.5360 val_illicit_f1=0.3846 val_illicit_pr_auc=0.5481 monitor(val/illicit_pr_auc)=0.5481
2026-06-08 21:46:27,122 - INFO - Epoch 70/150 | train_loss=0.3244 val_loss=0.5192 val_illicit_f1=0.3810 val_illicit_pr_auc=0.5435 monitor(val/illicit_pr_auc)=0.5435
2026-06-08 21:46:29,077 - INFO - Epoch 71/150 | train_loss=0.3086 val_loss=0.5068 val_illicit_f1=0.3275 val_illicit_pr_auc=0.5341 monitor(val/illicit_pr_auc)=0.5341
2026-06-08 21:46:31,032 - INFO - Epoch 72/150 | train_loss=0.3192 val_loss=0.5354 val_illicit_f1=0.3861 val_illicit_pr_auc=0.5399 monitor(val/illicit_pr_auc)=0.5399
2026-06-08 21:46:32,996 - INFO - Epoch 73/150 | train_loss=0.5033 val_loss=0.5294 val_illicit_f1=0.3841 val_illicit_pr_auc=0.5525 monitor(val/illicit_pr_auc)=0.5525
2026-06-08 21:46:35,043 - INFO - Epoch 74/150 | train_loss=0.3125 val_loss=0.5353 val_illicit_f1=0.3550 val_illicit_pr_auc=0.5123 monitor(val/illicit_pr_auc)=0.5123
2026-06-08 21:46:37,057 - INFO - Epoch 75/150 | train_loss=0.3236 val_loss=0.5726 val_illicit_f1=0.3842 val_illicit_pr_auc=0.5318 monitor(val/illicit_pr_auc)=0.5318
2026-06-08 21:46:39,085 - INFO - Epoch 76/150 | train_loss=0.3053 val_loss=0.6838 val_illicit_f1=0.3177 val_illicit_pr_auc=0.4523 monitor(val/illicit_pr_auc)=0.4523
2026-06-08 21:46:41,113 - INFO - Epoch 77/150 | train_loss=0.3104 val_loss=0.8006 val_illicit_f1=0.3194 val_illicit_pr_auc=0.4050 monitor(val/illicit_pr_auc)=0.4050
2026-06-08 21:46:43,104 - INFO - Epoch 78/150 | train_loss=0.3021 val_loss=0.5502 val_illicit_f1=0.3834 val_illicit_pr_auc=0.5236 monitor(val/illicit_pr_auc)=0.5236
2026-06-08 21:46:45,128 - INFO - Epoch 79/150 | train_loss=0.3352 val_loss=0.5906 val_illicit_f1=0.3329 val_illicit_pr_auc=0.5375 monitor(val/illicit_pr_auc)=0.5375
2026-06-08 21:46:47,164 - INFO - Epoch 80/150 | train_loss=0.3157 val_loss=0.6869 val_illicit_f1=0.3273 val_illicit_pr_auc=0.4680 monitor(val/illicit_pr_auc)=0.4680
2026-06-08 21:46:49,224 - INFO - Epoch 81/150 | train_loss=0.3021 val_loss=0.6854 val_illicit_f1=0.3350 val_illicit_pr_auc=0.4573 monitor(val/illicit_pr_auc)=0.4573
2026-06-08 21:46:51,327 - INFO - Epoch 82/150 | train_loss=0.3042 val_loss=0.5018 val_illicit_f1=0.3781 val_illicit_pr_auc=0.5558 monitor(val/illicit_pr_auc)=0.5558
2026-06-08 21:46:53,370 - INFO - Epoch 83/150 | train_loss=0.3035 val_loss=0.5196 val_illicit_f1=0.3874 val_illicit_pr_auc=0.5551 monitor(val/illicit_pr_auc)=0.5551
2026-06-08 21:46:55,423 - INFO - Epoch 84/150 | train_loss=0.3493 val_loss=0.6851 val_illicit_f1=0.3069 val_illicit_pr_auc=0.4440 monitor(val/illicit_pr_auc)=0.4440
2026-06-08 21:46:57,473 - INFO - Epoch 85/150 | train_loss=0.2974 val_loss=0.5680 val_illicit_f1=0.3865 val_illicit_pr_auc=0.5323 monitor(val/illicit_pr_auc)=0.5323
2026-06-08 21:46:59,526 - INFO - Epoch 86/150 | train_loss=0.3033 val_loss=0.5150 val_illicit_f1=0.3871 val_illicit_pr_auc=0.5478 monitor(val/illicit_pr_auc)=0.5478
2026-06-08 21:47:01,558 - INFO - Epoch 87/150 | train_loss=0.2843 val_loss=0.5676 val_illicit_f1=0.3916 val_illicit_pr_auc=0.5548 monitor(val/illicit_pr_auc)=0.5548
2026-06-08 21:47:03,528 - INFO - Epoch 88/150 | train_loss=0.2970 val_loss=0.5812 val_illicit_f1=0.3239 val_illicit_pr_auc=0.5164 monitor(val/illicit_pr_auc)=0.5164
2026-06-08 21:47:05,555 - INFO - Epoch 89/150 | train_loss=0.2861 val_loss=0.5614 val_illicit_f1=0.3522 val_illicit_pr_auc=0.5395 monitor(val/illicit_pr_auc)=0.5395
2026-06-08 21:47:07,595 - INFO - Epoch 90/150 | train_loss=0.2866 val_loss=0.5590 val_illicit_f1=0.3830 val_illicit_pr_auc=0.5484 monitor(val/illicit_pr_auc)=0.5484
2026-06-08 21:47:09,637 - INFO - Epoch 91/150 | train_loss=0.2928 val_loss=0.6063 val_illicit_f1=0.3898 val_illicit_pr_auc=0.5545 monitor(val/illicit_pr_auc)=0.5545
2026-06-08 21:47:11,709 - INFO - Epoch 92/150 | train_loss=0.2903 val_loss=0.5687 val_illicit_f1=0.3918 val_illicit_pr_auc=0.5581 monitor(val/illicit_pr_auc)=0.5581
2026-06-08 21:47:13,766 - INFO - Epoch 93/150 | train_loss=0.2904 val_loss=0.5381 val_illicit_f1=0.3890 val_illicit_pr_auc=0.5566 monitor(val/illicit_pr_auc)=0.5566
2026-06-08 21:47:15,780 - INFO - Epoch 94/150 | train_loss=0.2839 val_loss=0.5870 val_illicit_f1=0.3875 val_illicit_pr_auc=0.5649 monitor(val/illicit_pr_auc)=0.5649
2026-06-08 21:47:17,729 - INFO - Epoch 95/150 | train_loss=0.2885 val_loss=0.5362 val_illicit_f1=0.3800 val_illicit_pr_auc=0.5417 monitor(val/illicit_pr_auc)=0.5417
2026-06-08 21:47:19,707 - INFO - Epoch 96/150 | train_loss=0.2886 val_loss=0.5479 val_illicit_f1=0.3858 val_illicit_pr_auc=0.5501 monitor(val/illicit_pr_auc)=0.5501
2026-06-08 21:47:21,683 - INFO - Epoch 97/150 | train_loss=0.2854 val_loss=0.6671 val_illicit_f1=0.2872 val_illicit_pr_auc=0.4760 monitor(val/illicit_pr_auc)=0.4760
2026-06-08 21:47:23,685 - INFO - Epoch 98/150 | train_loss=0.2931 val_loss=0.5400 val_illicit_f1=0.3928 val_illicit_pr_auc=0.5539 monitor(val/illicit_pr_auc)=0.5539
2026-06-08 21:47:25,651 - INFO - Epoch 99/150 | train_loss=0.2798 val_loss=0.6281 val_illicit_f1=0.3890 val_illicit_pr_auc=0.5542 monitor(val/illicit_pr_auc)=0.5542
2026-06-08 21:47:27,658 - INFO - Epoch 100/150 | train_loss=0.2890 val_loss=0.6247 val_illicit_f1=0.3872 val_illicit_pr_auc=0.5492 monitor(val/illicit_pr_auc)=0.5492
2026-06-08 21:47:29,678 - INFO - Epoch 101/150 | train_loss=0.2937 val_loss=0.6231 val_illicit_f1=0.3494 val_illicit_pr_auc=0.4866 monitor(val/illicit_pr_auc)=0.4866
2026-06-08 21:47:31,688 - INFO - Epoch 102/150 | train_loss=0.2919 val_loss=0.6037 val_illicit_f1=0.3888 val_illicit_pr_auc=0.5534 monitor(val/illicit_pr_auc)=0.5534
2026-06-08 21:47:33,702 - INFO - Epoch 103/150 | train_loss=0.2770 val_loss=0.6828 val_illicit_f1=0.3399 val_illicit_pr_auc=0.4785 monitor(val/illicit_pr_auc)=0.4785
2026-06-08 21:47:35,661 - INFO - Epoch 104/150 | train_loss=0.2762 val_loss=0.6031 val_illicit_f1=0.3897 val_illicit_pr_auc=0.5583 monitor(val/illicit_pr_auc)=0.5583
2026-06-08 21:47:37,644 - INFO - Epoch 105/150 | train_loss=0.2831 val_loss=0.6679 val_illicit_f1=0.3622 val_illicit_pr_auc=0.4730 monitor(val/illicit_pr_auc)=0.4730
2026-06-08 21:47:39,668 - INFO - Epoch 106/150 | train_loss=0.2798 val_loss=0.5821 val_illicit_f1=0.3910 val_illicit_pr_auc=0.5577 monitor(val/illicit_pr_auc)=0.5577
2026-06-08 21:47:41,697 - INFO - Epoch 107/150 | train_loss=0.2833 val_loss=0.5984 val_illicit_f1=0.3900 val_illicit_pr_auc=0.5524 monitor(val/illicit_pr_auc)=0.5524
2026-06-08 21:47:43,746 - INFO - Epoch 108/150 | train_loss=0.2835 val_loss=0.6146 val_illicit_f1=0.3920 val_illicit_pr_auc=0.5511 monitor(val/illicit_pr_auc)=0.5511
2026-06-08 21:47:45,680 - INFO - Epoch 109/150 | train_loss=0.2833 val_loss=0.6148 val_illicit_f1=0.3954 val_illicit_pr_auc=0.5493 monitor(val/illicit_pr_auc)=0.5493
2026-06-08 21:47:47,664 - INFO - Epoch 110/150 | train_loss=0.2812 val_loss=0.6200 val_illicit_f1=0.3899 val_illicit_pr_auc=0.5585 monitor(val/illicit_pr_auc)=0.5585
2026-06-08 21:47:49,692 - INFO - Epoch 111/150 | train_loss=0.2724 val_loss=0.6491 val_illicit_f1=0.3519 val_illicit_pr_auc=0.4773 monitor(val/illicit_pr_auc)=0.4773
2026-06-08 21:47:51,633 - INFO - Epoch 112/150 | train_loss=0.2766 val_loss=0.6094 val_illicit_f1=0.3554 val_illicit_pr_auc=0.5227 monitor(val/illicit_pr_auc)=0.5227
2026-06-08 21:47:53,647 - INFO - Epoch 113/150 | train_loss=0.2791 val_loss=0.6391 val_illicit_f1=0.3923 val_illicit_pr_auc=0.5549 monitor(val/illicit_pr_auc)=0.5549
2026-06-08 21:47:55,681 - INFO - Epoch 114/150 | train_loss=0.2902 val_loss=0.7173 val_illicit_f1=0.3522 val_illicit_pr_auc=0.4695 monitor(val/illicit_pr_auc)=0.4695
2026-06-08 21:47:55,682 - INFO - Early stopping at epoch 114 after 20 stale evals
2026-06-08 21:47:56,771 - INFO - Best threshold on validation (val/illicit_f1) = 0.9038 (score=0.5234)
2026-06-08 21:47:56,772 - INFO - Test metrics | Loss: 0.8020, Illicit F1: 0.4224, Illicit PR-AUC: 0.5102, Illicit ROC-AUC: 0.9576, Licit F1: 0.9779
2026-06-08 21:47:56,772 - INFO - Saved final metrics to outputs/PNA_HIS-3/test_metrics.json

======================================================
  Finished at  : Mon Jun  8 09:47:59 PM CEST 2026
======================================================
