======================================================
  PNA Training
======================================================
  Job ID       : 23585304
  Config       : configs/aml/LIM.yaml
  Resume       : 0
  Python       : python3.11
  Started at   : Mon Jun  8 07:06:19 PM CEST 2026
======================================================
2026-06-08 19:06:30,276 - INFO - Using device: cuda
2026-06-08 19:06:30,279 - INFO - Loading PNA dataset from /home/ghonkoop/data/aml/LI-Medium
2026-06-08 19:06:30,814 - INFO - Loaded 416532 nodes in 0.5s
2026-06-08 19:06:31,061 - INFO - Loaded 141411 connected components in 0.2s
2026-06-08 19:06:33,461 - INFO - Loaded component node membership in 2.4s
2026-06-08 19:07:18,762 - INFO - Loaded and grouped 3418851 component edges across 141411 components in 45.3s
2026-06-08 19:07:20,389 - INFO - Built 5000/141411 PNA component graphs...
2026-06-08 19:07:21,858 - INFO - Built 10000/141411 PNA component graphs...
2026-06-08 19:07:22,926 - INFO - Built 15000/141411 PNA component graphs...
2026-06-08 19:07:23,984 - INFO - Built 20000/141411 PNA component graphs...
2026-06-08 19:07:25,250 - INFO - Built 25000/141411 PNA component graphs...
2026-06-08 19:07:26,305 - INFO - Built 30000/141411 PNA component graphs...
2026-06-08 19:07:27,358 - INFO - Built 35000/141411 PNA component graphs...
2026-06-08 19:07:28,428 - INFO - Built 40000/141411 PNA component graphs...
2026-06-08 19:07:29,766 - INFO - Built 45000/141411 PNA component graphs...
2026-06-08 19:07:30,816 - INFO - Built 50000/141411 PNA component graphs...
2026-06-08 19:07:31,863 - INFO - Built 55000/141411 PNA component graphs...
2026-06-08 19:07:32,909 - INFO - Built 60000/141411 PNA component graphs...
2026-06-08 19:07:33,953 - INFO - Built 65000/141411 PNA component graphs...
2026-06-08 19:07:34,995 - INFO - Built 70000/141411 PNA component graphs...
2026-06-08 19:07:36,354 - INFO - Built 75000/141411 PNA component graphs...
2026-06-08 19:07:37,393 - INFO - Built 80000/141411 PNA component graphs...
2026-06-08 19:07:38,423 - INFO - Built 85000/141411 PNA component graphs...
2026-06-08 19:07:39,455 - INFO - Built 90000/141411 PNA component graphs...
2026-06-08 19:07:40,486 - INFO - Built 95000/141411 PNA component graphs...
2026-06-08 19:07:41,518 - INFO - Built 100000/141411 PNA component graphs...
2026-06-08 19:07:42,926 - INFO - Built 105000/141411 PNA component graphs...
2026-06-08 19:07:43,961 - INFO - Built 110000/141411 PNA component graphs...
2026-06-08 19:07:45,012 - INFO - Built 115000/141411 PNA component graphs...
2026-06-08 19:07:46,054 - INFO - Built 120000/141411 PNA component graphs...
2026-06-08 19:07:47,088 - INFO - Built 125000/141411 PNA component graphs...
2026-06-08 19:07:48,119 - INFO - Built 130000/141411 PNA component graphs...
2026-06-08 19:07:49,144 - INFO - Built 135000/141411 PNA component graphs...
2026-06-08 19:07:50,163 - INFO - Built 140000/141411 PNA component graphs...
2026-06-08 19:07:53,037 - INFO - Normalizing edge features...
2026-06-08 19:07:57,491 - INFO - Loaded 84846/28281/28284 train/val/test graphs | node_dim=5 edge_dim=6 labels={'illicit_component': 0, 'licit_component': 1}
2026-06-08 19:07:57,493 - INFO - Finished PNA dataset build in 87.2s
2026-06-08 19:08:19,541 - INFO - Saved cached PNA dataset to /home/ghonkoop/data/aml/LI-Medium/pna_cache/node_features-raw_add_degree_feature-True_use_edge_features-True_edge_feature_normalize-zscore_edge_feature_clip-10.0_add_reverse_edges-False_train_ratio-0.6_val_ratio-0.2_split_mode-class_temporal_illicit_label-0_max_degree_hist-1000.pt
2026-06-08 19:08:20,336 - INFO - Trainable parameters: 1038209
2026-06-08 19:08:21,405 - INFO - Using BCEWithLogitsLoss pos_weight=18.759199
2026-06-08 19:08:31,063 - INFO - Epoch 1/120 | train_loss=1.5123 val_loss=0.5845 val_illicit_f1=0.3634 val_illicit_pr_auc=0.3986 monitor(val/illicit_pr_auc)=0.3986
2026-06-08 19:08:39,247 - INFO - Epoch 2/120 | train_loss=0.6982 val_loss=0.5726 val_illicit_f1=0.3521 val_illicit_pr_auc=0.4253 monitor(val/illicit_pr_auc)=0.4253
2026-06-08 19:08:47,254 - INFO - Epoch 3/120 | train_loss=1.0252 val_loss=0.5195 val_illicit_f1=0.3527 val_illicit_pr_auc=0.4336 monitor(val/illicit_pr_auc)=0.4336
2026-06-08 19:08:55,206 - INFO - Epoch 4/120 | train_loss=0.5184 val_loss=0.6152 val_illicit_f1=0.3295 val_illicit_pr_auc=0.4052 monitor(val/illicit_pr_auc)=0.4052
2026-06-08 19:09:03,032 - INFO - Epoch 5/120 | train_loss=0.6180 val_loss=0.5082 val_illicit_f1=0.3650 val_illicit_pr_auc=0.4443 monitor(val/illicit_pr_auc)=0.4443
2026-06-08 19:09:11,044 - INFO - Epoch 6/120 | train_loss=0.5335 val_loss=0.5657 val_illicit_f1=0.3093 val_illicit_pr_auc=0.4464 monitor(val/illicit_pr_auc)=0.4464
2026-06-08 19:09:19,074 - INFO - Epoch 7/120 | train_loss=0.5117 val_loss=0.5024 val_illicit_f1=0.3539 val_illicit_pr_auc=0.4331 monitor(val/illicit_pr_auc)=0.4331
2026-06-08 19:09:26,963 - INFO - Epoch 8/120 | train_loss=0.4872 val_loss=0.4907 val_illicit_f1=0.3562 val_illicit_pr_auc=0.4530 monitor(val/illicit_pr_auc)=0.4530
2026-06-08 19:09:34,846 - INFO - Epoch 9/120 | train_loss=0.4514 val_loss=0.5043 val_illicit_f1=0.3608 val_illicit_pr_auc=0.4331 monitor(val/illicit_pr_auc)=0.4331
2026-06-08 19:09:42,818 - INFO - Epoch 10/120 | train_loss=0.5136 val_loss=0.5307 val_illicit_f1=0.3636 val_illicit_pr_auc=0.4239 monitor(val/illicit_pr_auc)=0.4239
2026-06-08 19:09:50,806 - INFO - Epoch 11/120 | train_loss=0.4567 val_loss=0.5168 val_illicit_f1=0.3662 val_illicit_pr_auc=0.4491 monitor(val/illicit_pr_auc)=0.4491
2026-06-08 19:09:58,787 - INFO - Epoch 12/120 | train_loss=0.4436 val_loss=0.6258 val_illicit_f1=0.2870 val_illicit_pr_auc=0.4122 monitor(val/illicit_pr_auc)=0.4122
2026-06-08 19:10:06,891 - INFO - Epoch 13/120 | train_loss=0.4498 val_loss=0.5395 val_illicit_f1=0.3540 val_illicit_pr_auc=0.4593 monitor(val/illicit_pr_auc)=0.4593
2026-06-08 19:10:14,882 - INFO - Epoch 14/120 | train_loss=0.4450 val_loss=0.5662 val_illicit_f1=0.3678 val_illicit_pr_auc=0.4461 monitor(val/illicit_pr_auc)=0.4461
2026-06-08 19:10:22,795 - INFO - Epoch 15/120 | train_loss=0.4407 val_loss=0.5254 val_illicit_f1=0.3602 val_illicit_pr_auc=0.4517 monitor(val/illicit_pr_auc)=0.4517
2026-06-08 19:10:30,589 - INFO - Epoch 16/120 | train_loss=0.4354 val_loss=0.5174 val_illicit_f1=0.3671 val_illicit_pr_auc=0.4384 monitor(val/illicit_pr_auc)=0.4384
2026-06-08 19:10:38,441 - INFO - Epoch 17/120 | train_loss=0.4349 val_loss=0.5191 val_illicit_f1=0.3621 val_illicit_pr_auc=0.4585 monitor(val/illicit_pr_auc)=0.4585
2026-06-08 19:10:46,133 - INFO - Epoch 18/120 | train_loss=0.4455 val_loss=0.4883 val_illicit_f1=0.3649 val_illicit_pr_auc=0.4516 monitor(val/illicit_pr_auc)=0.4516
2026-06-08 19:10:54,234 - INFO - Epoch 19/120 | train_loss=0.4628 val_loss=0.5567 val_illicit_f1=0.3680 val_illicit_pr_auc=0.4476 monitor(val/illicit_pr_auc)=0.4476
2026-06-08 19:11:02,147 - INFO - Epoch 20/120 | train_loss=0.4357 val_loss=0.5047 val_illicit_f1=0.3695 val_illicit_pr_auc=0.4493 monitor(val/illicit_pr_auc)=0.4493
2026-06-08 19:11:09,630 - INFO - Epoch 21/120 | train_loss=0.4195 val_loss=0.5151 val_illicit_f1=0.3686 val_illicit_pr_auc=0.4579 monitor(val/illicit_pr_auc)=0.4579
2026-06-08 19:11:17,540 - INFO - Epoch 22/120 | train_loss=0.4193 val_loss=0.5088 val_illicit_f1=0.3671 val_illicit_pr_auc=0.4602 monitor(val/illicit_pr_auc)=0.4602
2026-06-08 19:11:25,556 - INFO - Epoch 23/120 | train_loss=0.4142 val_loss=0.5462 val_illicit_f1=0.3700 val_illicit_pr_auc=0.4587 monitor(val/illicit_pr_auc)=0.4587
2026-06-08 19:11:33,513 - INFO - Epoch 24/120 | train_loss=0.4348 val_loss=0.5245 val_illicit_f1=0.3688 val_illicit_pr_auc=0.4584 monitor(val/illicit_pr_auc)=0.4584
2026-06-08 19:11:41,428 - INFO - Epoch 25/120 | train_loss=0.4132 val_loss=0.5322 val_illicit_f1=0.3672 val_illicit_pr_auc=0.4613 monitor(val/illicit_pr_auc)=0.4613
2026-06-08 19:11:49,304 - INFO - Epoch 26/120 | train_loss=0.4091 val_loss=0.5517 val_illicit_f1=0.3726 val_illicit_pr_auc=0.4661 monitor(val/illicit_pr_auc)=0.4661
2026-06-08 19:11:57,221 - INFO - Epoch 27/120 | train_loss=0.4088 val_loss=0.5360 val_illicit_f1=0.3632 val_illicit_pr_auc=0.4435 monitor(val/illicit_pr_auc)=0.4435
2026-06-08 19:12:04,866 - INFO - Epoch 28/120 | train_loss=0.8034 val_loss=0.5086 val_illicit_f1=0.3694 val_illicit_pr_auc=0.4579 monitor(val/illicit_pr_auc)=0.4579
2026-06-08 19:12:12,778 - INFO - Epoch 29/120 | train_loss=0.4300 val_loss=0.4892 val_illicit_f1=0.3704 val_illicit_pr_auc=0.4616 monitor(val/illicit_pr_auc)=0.4616
2026-06-08 19:12:20,729 - INFO - Epoch 30/120 | train_loss=0.4180 val_loss=0.5019 val_illicit_f1=0.3691 val_illicit_pr_auc=0.4591 monitor(val/illicit_pr_auc)=0.4591
2026-06-08 19:12:28,577 - INFO - Epoch 31/120 | train_loss=0.4095 val_loss=0.4997 val_illicit_f1=0.3702 val_illicit_pr_auc=0.4638 monitor(val/illicit_pr_auc)=0.4638
2026-06-08 19:12:36,508 - INFO - Epoch 32/120 | train_loss=0.4076 val_loss=0.5042 val_illicit_f1=0.3713 val_illicit_pr_auc=0.4626 monitor(val/illicit_pr_auc)=0.4626
2026-06-08 19:12:44,437 - INFO - Epoch 33/120 | train_loss=0.4039 val_loss=0.5173 val_illicit_f1=0.3716 val_illicit_pr_auc=0.4701 monitor(val/illicit_pr_auc)=0.4701
2026-06-08 19:12:52,368 - INFO - Epoch 34/120 | train_loss=0.4053 val_loss=0.5161 val_illicit_f1=0.3660 val_illicit_pr_auc=0.4596 monitor(val/illicit_pr_auc)=0.4596
2026-06-08 19:13:00,304 - INFO - Epoch 35/120 | train_loss=0.4060 val_loss=0.5195 val_illicit_f1=0.3703 val_illicit_pr_auc=0.4641 monitor(val/illicit_pr_auc)=0.4641
2026-06-08 19:13:08,005 - INFO - Epoch 36/120 | train_loss=0.4076 val_loss=0.5286 val_illicit_f1=0.3700 val_illicit_pr_auc=0.4660 monitor(val/illicit_pr_auc)=0.4660
2026-06-08 19:13:15,659 - INFO - Epoch 37/120 | train_loss=0.4059 val_loss=0.5401 val_illicit_f1=0.3613 val_illicit_pr_auc=0.4620 monitor(val/illicit_pr_auc)=0.4620
2026-06-08 19:13:23,657 - INFO - Epoch 38/120 | train_loss=0.4058 val_loss=0.5184 val_illicit_f1=0.3682 val_illicit_pr_auc=0.4615 monitor(val/illicit_pr_auc)=0.4615
2026-06-08 19:13:31,711 - INFO - Epoch 39/120 | train_loss=0.4023 val_loss=0.5332 val_illicit_f1=0.3732 val_illicit_pr_auc=0.4641 monitor(val/illicit_pr_auc)=0.4641
2026-06-08 19:13:39,660 - INFO - Epoch 40/120 | train_loss=0.4031 val_loss=0.5183 val_illicit_f1=0.3680 val_illicit_pr_auc=0.4565 monitor(val/illicit_pr_auc)=0.4565
2026-06-08 19:13:47,300 - INFO - Epoch 41/120 | train_loss=0.6954 val_loss=0.5468 val_illicit_f1=0.3344 val_illicit_pr_auc=0.4584 monitor(val/illicit_pr_auc)=0.4584
2026-06-08 19:13:54,943 - INFO - Epoch 42/120 | train_loss=0.3967 val_loss=0.5295 val_illicit_f1=0.3699 val_illicit_pr_auc=0.4667 monitor(val/illicit_pr_auc)=0.4667
2026-06-08 19:14:02,920 - INFO - Epoch 43/120 | train_loss=0.3934 val_loss=0.5353 val_illicit_f1=0.3697 val_illicit_pr_auc=0.4734 monitor(val/illicit_pr_auc)=0.4734
2026-06-08 19:14:10,543 - INFO - Epoch 44/120 | train_loss=0.4317 val_loss=0.5277 val_illicit_f1=0.3658 val_illicit_pr_auc=0.4715 monitor(val/illicit_pr_auc)=0.4715
2026-06-08 19:14:18,220 - INFO - Epoch 45/120 | train_loss=0.4096 val_loss=0.5523 val_illicit_f1=0.3717 val_illicit_pr_auc=0.4712 monitor(val/illicit_pr_auc)=0.4712
2026-06-08 19:14:25,792 - INFO - Epoch 46/120 | train_loss=0.3937 val_loss=0.5456 val_illicit_f1=0.3474 val_illicit_pr_auc=0.4557 monitor(val/illicit_pr_auc)=0.4557
2026-06-08 19:14:33,622 - INFO - Epoch 47/120 | train_loss=0.4053 val_loss=0.5006 val_illicit_f1=0.3674 val_illicit_pr_auc=0.4611 monitor(val/illicit_pr_auc)=0.4611
2026-06-08 19:14:41,485 - INFO - Epoch 48/120 | train_loss=0.3906 val_loss=0.5031 val_illicit_f1=0.3686 val_illicit_pr_auc=0.4664 monitor(val/illicit_pr_auc)=0.4664
2026-06-08 19:14:49,344 - INFO - Epoch 49/120 | train_loss=0.3924 val_loss=0.5318 val_illicit_f1=0.3623 val_illicit_pr_auc=0.4667 monitor(val/illicit_pr_auc)=0.4667
2026-06-08 19:14:57,275 - INFO - Epoch 50/120 | train_loss=0.3891 val_loss=0.5222 val_illicit_f1=0.3692 val_illicit_pr_auc=0.4692 monitor(val/illicit_pr_auc)=0.4692
2026-06-08 19:15:05,302 - INFO - Epoch 51/120 | train_loss=0.3856 val_loss=0.5479 val_illicit_f1=0.3723 val_illicit_pr_auc=0.4751 monitor(val/illicit_pr_auc)=0.4751
2026-06-08 19:15:13,207 - INFO - Epoch 52/120 | train_loss=0.3887 val_loss=0.4996 val_illicit_f1=0.3717 val_illicit_pr_auc=0.4622 monitor(val/illicit_pr_auc)=0.4622
2026-06-08 19:15:21,104 - INFO - Epoch 53/120 | train_loss=0.3851 val_loss=0.5256 val_illicit_f1=0.3693 val_illicit_pr_auc=0.4717 monitor(val/illicit_pr_auc)=0.4717
2026-06-08 19:15:28,962 - INFO - Epoch 54/120 | train_loss=0.4067 val_loss=0.5399 val_illicit_f1=0.3727 val_illicit_pr_auc=0.4709 monitor(val/illicit_pr_auc)=0.4709
2026-06-08 19:15:36,906 - INFO - Epoch 55/120 | train_loss=0.3832 val_loss=0.5296 val_illicit_f1=0.3715 val_illicit_pr_auc=0.4720 monitor(val/illicit_pr_auc)=0.4720
2026-06-08 19:15:44,894 - INFO - Epoch 56/120 | train_loss=0.3838 val_loss=0.5248 val_illicit_f1=0.3704 val_illicit_pr_auc=0.4640 monitor(val/illicit_pr_auc)=0.4640
2026-06-08 19:15:52,634 - INFO - Epoch 57/120 | train_loss=0.3922 val_loss=0.5359 val_illicit_f1=0.3690 val_illicit_pr_auc=0.4676 monitor(val/illicit_pr_auc)=0.4676
2026-06-08 19:16:00,482 - INFO - Epoch 58/120 | train_loss=0.3837 val_loss=0.5140 val_illicit_f1=0.3696 val_illicit_pr_auc=0.4652 monitor(val/illicit_pr_auc)=0.4652
2026-06-08 19:16:08,231 - INFO - Epoch 59/120 | train_loss=0.3848 val_loss=0.5168 val_illicit_f1=0.3729 val_illicit_pr_auc=0.4743 monitor(val/illicit_pr_auc)=0.4743
2026-06-08 19:16:16,213 - INFO - Epoch 60/120 | train_loss=0.4973 val_loss=0.6418 val_illicit_f1=0.2815 val_illicit_pr_auc=0.4245 monitor(val/illicit_pr_auc)=0.4245
2026-06-08 19:16:24,113 - INFO - Epoch 61/120 | train_loss=0.3796 val_loss=0.5152 val_illicit_f1=0.3711 val_illicit_pr_auc=0.4712 monitor(val/illicit_pr_auc)=0.4712
2026-06-08 19:16:31,886 - INFO - Epoch 62/120 | train_loss=0.3810 val_loss=0.5433 val_illicit_f1=0.3717 val_illicit_pr_auc=0.4730 monitor(val/illicit_pr_auc)=0.4730
2026-06-08 19:16:39,813 - INFO - Epoch 63/120 | train_loss=0.3839 val_loss=0.5063 val_illicit_f1=0.3728 val_illicit_pr_auc=0.4682 monitor(val/illicit_pr_auc)=0.4682
2026-06-08 19:16:47,699 - INFO - Epoch 64/120 | train_loss=0.3799 val_loss=0.5010 val_illicit_f1=0.3713 val_illicit_pr_auc=0.4741 monitor(val/illicit_pr_auc)=0.4741
2026-06-08 19:16:55,544 - INFO - Epoch 65/120 | train_loss=0.3745 val_loss=0.5028 val_illicit_f1=0.3708 val_illicit_pr_auc=0.4772 monitor(val/illicit_pr_auc)=0.4772
2026-06-08 19:17:03,500 - INFO - Epoch 66/120 | train_loss=0.3791 val_loss=0.5067 val_illicit_f1=0.3731 val_illicit_pr_auc=0.4810 monitor(val/illicit_pr_auc)=0.4810
2026-06-08 19:17:11,277 - INFO - Epoch 67/120 | train_loss=0.3784 val_loss=0.5034 val_illicit_f1=0.3690 val_illicit_pr_auc=0.4735 monitor(val/illicit_pr_auc)=0.4735
2026-06-08 19:17:19,238 - INFO - Epoch 68/120 | train_loss=0.3764 val_loss=0.5167 val_illicit_f1=0.3721 val_illicit_pr_auc=0.4797 monitor(val/illicit_pr_auc)=0.4797
2026-06-08 19:17:26,935 - INFO - Epoch 69/120 | train_loss=0.3726 val_loss=0.5542 val_illicit_f1=0.3678 val_illicit_pr_auc=0.4696 monitor(val/illicit_pr_auc)=0.4696
2026-06-08 19:17:34,747 - INFO - Epoch 70/120 | train_loss=0.3768 val_loss=0.5174 val_illicit_f1=0.3660 val_illicit_pr_auc=0.4788 monitor(val/illicit_pr_auc)=0.4788
2026-06-08 19:17:42,678 - INFO - Epoch 71/120 | train_loss=0.4443 val_loss=0.5390 val_illicit_f1=0.3694 val_illicit_pr_auc=0.4739 monitor(val/illicit_pr_auc)=0.4739
2026-06-08 19:17:50,602 - INFO - Epoch 72/120 | train_loss=0.3752 val_loss=0.5339 val_illicit_f1=0.3699 val_illicit_pr_auc=0.4749 monitor(val/illicit_pr_auc)=0.4749
2026-06-08 19:17:58,303 - INFO - Epoch 73/120 | train_loss=0.3760 val_loss=0.5144 val_illicit_f1=0.3709 val_illicit_pr_auc=0.4659 monitor(val/illicit_pr_auc)=0.4659
2026-06-08 19:18:06,048 - INFO - Epoch 74/120 | train_loss=0.3770 val_loss=0.5016 val_illicit_f1=0.3694 val_illicit_pr_auc=0.4670 monitor(val/illicit_pr_auc)=0.4670
2026-06-08 19:18:13,967 - INFO - Epoch 75/120 | train_loss=0.3697 val_loss=0.5203 val_illicit_f1=0.3730 val_illicit_pr_auc=0.4755 monitor(val/illicit_pr_auc)=0.4755
2026-06-08 19:18:21,887 - INFO - Epoch 76/120 | train_loss=0.3701 val_loss=0.5286 val_illicit_f1=0.3723 val_illicit_pr_auc=0.4792 monitor(val/illicit_pr_auc)=0.4792
2026-06-08 19:18:29,860 - INFO - Epoch 77/120 | train_loss=0.3711 val_loss=0.5617 val_illicit_f1=0.3726 val_illicit_pr_auc=0.4769 monitor(val/illicit_pr_auc)=0.4769
2026-06-08 19:18:37,726 - INFO - Epoch 78/120 | train_loss=0.3734 val_loss=0.5571 val_illicit_f1=0.3726 val_illicit_pr_auc=0.4769 monitor(val/illicit_pr_auc)=0.4769
2026-06-08 19:18:45,595 - INFO - Epoch 79/120 | train_loss=0.3707 val_loss=0.5839 val_illicit_f1=0.3732 val_illicit_pr_auc=0.4815 monitor(val/illicit_pr_auc)=0.4815
2026-06-08 19:18:53,423 - INFO - Epoch 80/120 | train_loss=0.3745 val_loss=0.5627 val_illicit_f1=0.3714 val_illicit_pr_auc=0.4795 monitor(val/illicit_pr_auc)=0.4795
2026-06-08 19:19:01,434 - INFO - Epoch 81/120 | train_loss=0.3706 val_loss=0.5531 val_illicit_f1=0.3702 val_illicit_pr_auc=0.4826 monitor(val/illicit_pr_auc)=0.4826
2026-06-08 19:19:09,422 - INFO - Epoch 82/120 | train_loss=0.3732 val_loss=0.5412 val_illicit_f1=0.3726 val_illicit_pr_auc=0.4796 monitor(val/illicit_pr_auc)=0.4796
2026-06-08 19:19:17,329 - INFO - Epoch 83/120 | train_loss=0.3706 val_loss=0.5562 val_illicit_f1=0.3709 val_illicit_pr_auc=0.4815 monitor(val/illicit_pr_auc)=0.4815
2026-06-08 19:19:25,128 - INFO - Epoch 84/120 | train_loss=0.3671 val_loss=0.5740 val_illicit_f1=0.3726 val_illicit_pr_auc=0.4783 monitor(val/illicit_pr_auc)=0.4783
2026-06-08 19:19:32,842 - INFO - Epoch 85/120 | train_loss=0.3704 val_loss=0.5443 val_illicit_f1=0.3722 val_illicit_pr_auc=0.4821 monitor(val/illicit_pr_auc)=0.4821
2026-06-08 19:19:40,681 - INFO - Epoch 86/120 | train_loss=0.3674 val_loss=0.5855 val_illicit_f1=0.3735 val_illicit_pr_auc=0.4771 monitor(val/illicit_pr_auc)=0.4771
2026-06-08 19:19:48,550 - INFO - Epoch 87/120 | train_loss=0.3684 val_loss=0.5508 val_illicit_f1=0.3711 val_illicit_pr_auc=0.4771 monitor(val/illicit_pr_auc)=0.4771
2026-06-08 19:19:56,416 - INFO - Epoch 88/120 | train_loss=0.3696 val_loss=0.5846 val_illicit_f1=0.3724 val_illicit_pr_auc=0.4759 monitor(val/illicit_pr_auc)=0.4759
2026-06-08 19:20:04,300 - INFO - Epoch 89/120 | train_loss=0.3693 val_loss=0.5673 val_illicit_f1=0.3711 val_illicit_pr_auc=0.4773 monitor(val/illicit_pr_auc)=0.4773
2026-06-08 19:20:12,317 - INFO - Epoch 90/120 | train_loss=0.3659 val_loss=0.5569 val_illicit_f1=0.3727 val_illicit_pr_auc=0.4787 monitor(val/illicit_pr_auc)=0.4787
2026-06-08 19:20:20,271 - INFO - Epoch 91/120 | train_loss=0.3658 val_loss=0.5747 val_illicit_f1=0.3721 val_illicit_pr_auc=0.4822 monitor(val/illicit_pr_auc)=0.4822
2026-06-08 19:20:28,224 - INFO - Epoch 92/120 | train_loss=0.3669 val_loss=0.5482 val_illicit_f1=0.3722 val_illicit_pr_auc=0.4822 monitor(val/illicit_pr_auc)=0.4822
2026-06-08 19:20:36,133 - INFO - Epoch 93/120 | train_loss=0.3672 val_loss=0.5529 val_illicit_f1=0.3721 val_illicit_pr_auc=0.4802 monitor(val/illicit_pr_auc)=0.4802
2026-06-08 19:20:43,875 - INFO - Epoch 94/120 | train_loss=0.3678 val_loss=0.5476 val_illicit_f1=0.3725 val_illicit_pr_auc=0.4824 monitor(val/illicit_pr_auc)=0.4824
2026-06-08 19:20:51,683 - INFO - Epoch 95/120 | train_loss=0.3645 val_loss=0.5364 val_illicit_f1=0.3730 val_illicit_pr_auc=0.4808 monitor(val/illicit_pr_auc)=0.4808
2026-06-08 19:20:59,478 - INFO - Epoch 96/120 | train_loss=0.3646 val_loss=0.5467 val_illicit_f1=0.3736 val_illicit_pr_auc=0.4812 monitor(val/illicit_pr_auc)=0.4812
2026-06-08 19:21:07,379 - INFO - Epoch 97/120 | train_loss=0.3627 val_loss=0.5209 val_illicit_f1=0.3661 val_illicit_pr_auc=0.4768 monitor(val/illicit_pr_auc)=0.4768
2026-06-08 19:21:15,222 - INFO - Epoch 98/120 | train_loss=0.3641 val_loss=0.5149 val_illicit_f1=0.3627 val_illicit_pr_auc=0.4695 monitor(val/illicit_pr_auc)=0.4695
2026-06-08 19:21:23,004 - INFO - Epoch 99/120 | train_loss=0.3624 val_loss=0.5586 val_illicit_f1=0.3709 val_illicit_pr_auc=0.4825 monitor(val/illicit_pr_auc)=0.4825
2026-06-08 19:21:30,837 - INFO - Epoch 100/120 | train_loss=0.3629 val_loss=0.5566 val_illicit_f1=0.3709 val_illicit_pr_auc=0.4823 monitor(val/illicit_pr_auc)=0.4823
2026-06-08 19:21:38,661 - INFO - Epoch 101/120 | train_loss=0.3627 val_loss=0.5507 val_illicit_f1=0.3731 val_illicit_pr_auc=0.4800 monitor(val/illicit_pr_auc)=0.4800
2026-06-08 19:21:38,662 - INFO - Early stopping at epoch 101 after 20 stale evals
2026-06-08 19:21:41,925 - INFO - Best threshold on validation (val/illicit_f1) = 0.8808 (score=0.4807)
2026-06-08 19:21:41,925 - INFO - Test metrics | Loss: 0.5557, Illicit F1: 0.4843, Illicit PR-AUC: 0.5085, Illicit ROC-AUC: 0.9515, Licit F1: 0.9724
2026-06-08 19:21:41,925 - INFO - Saved final metrics to outputs/PNA_LIM/test_metrics.json

======================================================
  Finished at  : Mon Jun  8 07:21:44 PM CEST 2026
======================================================
