============================================================================================== 
Warning! Mixing Conda and module environments may lead to corruption of the
user environment. 
We do not recommend users mixing those two environments unless absolutely
necessary. Note that 
SURF does not provide any support for Conda environment.
For more information, please refer to our software policy page:
https://servicedesk.surf.nl/wiki/display/WIKI/Software+policy+Snellius#SoftwarepolicySnellius-UseofAnacondaandMinicondaenvironmentsonSnellius 

Remember that many packages have already been installed on the system and can
be loaded using 
the 'module load <package__name>' command. If you are uncertain if a package is
already available 
on the system, please use 'module avail' or 'module spider' to search for it.
============================================================================================== 
wandb: WARNING If you're specifying your api key in code, ensure this code is not shared publicly.
wandb: WARNING Consider setting the WANDB_API_KEY environment variable, or running `wandb login` from the command line.
wandb: [wandb.login()] Using explicit session credentials for https://api.wandb.ai.
wandb: Appending key for api.wandb.ai to your netrc file: /home/ghonkoop/.netrc
wandb: Currently logged in as: kusta (hierarchical-subgraph-transformer) to https://api.wandb.ai. Use `wandb login --relogin` to force relogin
wandb: setting up run yt7mg28h
wandb: Tracking run with wandb version 0.26.1
wandb: Run data is saved locally in /gpfs/home6/ghonkoop/repos/PNA/wandb/run-20260608_214403-yt7mg28h
wandb: Run `wandb offline` to turn off syncing.
wandb: Syncing run PNA_HIS-4
wandb: ⭐️ View project at https://wandb.ai/hierarchical-subgraph-transformer/PNA
wandb: 🚀 View run at https://wandb.ai/hierarchical-subgraph-transformer/PNA/runs/yt7mg28h
/gpfs/home6/ghonkoop/repos/PNA/train.py:428: FutureWarning: You are using `torch.load` with `weights_only=False` (the current default value), which uses the default pickle module implicitly. It is possible to construct malicious pickle data which will execute arbitrary code during unpickling (See https://github.com/pytorch/pytorch/blob/main/SECURITY.md#untrusted-models for more details). In a future release, the default value for `weights_only` will be flipped to `True`. This limits the functions that could be executed during unpickling. Arbitrary objects will no longer be allowed to be loaded via this mode unless they are explicitly allowlisted by the user via `torch.serialization.add_safe_globals`. We recommend you start setting `weights_only=True` for any use case where you don't have full control of the loaded file. Please open an issue on GitHub for any issues related to this experimental feature.
  ckpt = torch.load(checkpoint_path, map_location=device)
wandb: updating run metadata
wandb: uploading output.log; uploading wandb-summary.json; uploading config.yaml
wandb: uploading history steps 112-114, summary, console lines 112-119
wandb: 
wandb: Run history:
wandb:         best_threshold ▁
wandb: checkpoint_best_metric ▁
wandb:       checkpoint_epoch ▁
wandb:                  epoch ▁▁▁▁▂▂▂▂▂▂▃▃▃▃▃▃▃▄▄▄▄▅▅▅▅▅▅▅▆▆▆▆▆▆▆▇▇▇▇█
wandb:             num_params ▁
wandb:        test/illicit_f1 ▁
wandb:    test/illicit_pr_auc ▁
wandb: test/illicit_precision ▁
wandb:    test/illicit_recall ▁
wandb:   test/illicit_roc_auc ▁
wandb:                    +29 ...
wandb: 
wandb: Run summary:
wandb:         best_threshold 0.85769
wandb: checkpoint_best_metric 0.55357
wandb:       checkpoint_epoch 94
wandb:                  epoch 114
wandb:             num_params 1367553
wandb:        test/illicit_f1 0.45095
wandb:    test/illicit_pr_auc 0.51913
wandb: test/illicit_precision 0.42532
wandb:    test/illicit_recall 0.47985
wandb:   test/illicit_roc_auc 0.95733
wandb:                    +29 ...
wandb: 
wandb: 🚀 View run PNA_HIS-4 at: https://wandb.ai/hierarchical-subgraph-transformer/PNA/runs/yt7mg28h
wandb: ⭐️ View project at: https://wandb.ai/hierarchical-subgraph-transformer/PNA
wandb: Synced 5 W&B file(s), 0 media file(s), 0 artifact file(s) and 0 other file(s)
wandb: Find logs at: ./wandb/run-20260608_214403-yt7mg28h/logs
