======================================================
  PNA Training
======================================================
  Job ID       : 23585041
  Config       : configs/aml/HIS.yaml
  Resume       : 0
  Python       : python3.11
  Started at   : Mon Jun  8 06:59:16 PM CEST 2026
======================================================
2026-06-08 18:59:29,740 - INFO - Using device: cuda
2026-06-08 18:59:29,760 - INFO - Loading cached PNA dataset from /home/ghonkoop/data/aml/HI-Small/pna_cache/node_features-raw_add_degree_feature-True_use_edge_features-True_edge_feature_normalize-zscore_edge_feature_clip-10.0_add_reverse_edges-False_train_ratio-0.6_val_ratio-0.2_split_mode-class_temporal_illicit_label-0_max_degree_hist-1000.pt
2026-06-08 18:59:36,962 - INFO - Loaded cached PNA dataset in 7.2s
2026-06-08 18:59:37,264 - INFO - Trainable parameters: 1038209
2026-06-08 18:59:37,362 - INFO - Using BCEWithLogitsLoss pos_weight=23.011017
2026-06-08 18:59:40,102 - INFO - Epoch 1/120 | train_loss=1.3536 val_loss=0.6600 val_illicit_f1=0.2315 val_illicit_pr_auc=0.3986 monitor(val/illicit_pr_auc)=0.3986
2026-06-08 18:59:41,928 - INFO - Epoch 2/120 | train_loss=2.9921 val_loss=0.5422 val_illicit_f1=0.3550 val_illicit_pr_auc=0.4498 monitor(val/illicit_pr_auc)=0.4498
2026-06-08 18:59:43,767 - INFO - Epoch 3/120 | train_loss=3.1340 val_loss=0.5456 val_illicit_f1=0.3558 val_illicit_pr_auc=0.4474 monitor(val/illicit_pr_auc)=0.4474
2026-06-08 18:59:45,494 - INFO - Epoch 4/120 | train_loss=1.8653 val_loss=0.5017 val_illicit_f1=0.3510 val_illicit_pr_auc=0.4455 monitor(val/illicit_pr_auc)=0.4455
2026-06-08 18:59:47,292 - INFO - Epoch 5/120 | train_loss=0.9817 val_loss=0.8042 val_illicit_f1=0.3924 val_illicit_pr_auc=0.3844 monitor(val/illicit_pr_auc)=0.3844
2026-06-08 18:59:49,129 - INFO - Epoch 6/120 | train_loss=0.8825 val_loss=0.5771 val_illicit_f1=0.3721 val_illicit_pr_auc=0.4207 monitor(val/illicit_pr_auc)=0.4207
2026-06-08 18:59:50,913 - INFO - Epoch 7/120 | train_loss=1.6155 val_loss=0.6066 val_illicit_f1=0.3687 val_illicit_pr_auc=0.4071 monitor(val/illicit_pr_auc)=0.4071
2026-06-08 18:59:52,671 - INFO - Epoch 8/120 | train_loss=0.6277 val_loss=0.5027 val_illicit_f1=0.3649 val_illicit_pr_auc=0.4741 monitor(val/illicit_pr_auc)=0.4741
2026-06-08 18:59:54,457 - INFO - Epoch 9/120 | train_loss=4.2384 val_loss=1.9818 val_illicit_f1=0.1007 val_illicit_pr_auc=0.3337 monitor(val/illicit_pr_auc)=0.3337
2026-06-08 18:59:56,261 - INFO - Epoch 10/120 | train_loss=0.4703 val_loss=0.5468 val_illicit_f1=0.3850 val_illicit_pr_auc=0.4527 monitor(val/illicit_pr_auc)=0.4527
2026-06-08 18:59:58,077 - INFO - Epoch 11/120 | train_loss=2.1376 val_loss=0.4527 val_illicit_f1=0.3784 val_illicit_pr_auc=0.4754 monitor(val/illicit_pr_auc)=0.4754
2026-06-08 18:59:59,908 - INFO - Epoch 12/120 | train_loss=0.4185 val_loss=0.5205 val_illicit_f1=0.3752 val_illicit_pr_auc=0.4776 monitor(val/illicit_pr_auc)=0.4776
2026-06-08 19:00:01,714 - INFO - Epoch 13/120 | train_loss=2.6426 val_loss=0.4631 val_illicit_f1=0.3545 val_illicit_pr_auc=0.4709 monitor(val/illicit_pr_auc)=0.4709
2026-06-08 19:00:03,556 - INFO - Epoch 14/120 | train_loss=1.9558 val_loss=0.4844 val_illicit_f1=0.3103 val_illicit_pr_auc=0.4824 monitor(val/illicit_pr_auc)=0.4824
2026-06-08 19:00:05,285 - INFO - Epoch 15/120 | train_loss=0.5621 val_loss=0.5012 val_illicit_f1=0.3315 val_illicit_pr_auc=0.4642 monitor(val/illicit_pr_auc)=0.4642
2026-06-08 19:00:07,060 - INFO - Epoch 16/120 | train_loss=0.6311 val_loss=0.5492 val_illicit_f1=0.3667 val_illicit_pr_auc=0.4630 monitor(val/illicit_pr_auc)=0.4630
2026-06-08 19:00:08,845 - INFO - Epoch 17/120 | train_loss=3.3521 val_loss=0.4579 val_illicit_f1=0.3585 val_illicit_pr_auc=0.4752 monitor(val/illicit_pr_auc)=0.4752
2026-06-08 19:00:10,688 - INFO - Epoch 18/120 | train_loss=0.3864 val_loss=0.4746 val_illicit_f1=0.3769 val_illicit_pr_auc=0.5039 monitor(val/illicit_pr_auc)=0.5039
2026-06-08 19:00:12,498 - INFO - Epoch 19/120 | train_loss=0.6334 val_loss=0.4903 val_illicit_f1=0.3704 val_illicit_pr_auc=0.4747 monitor(val/illicit_pr_auc)=0.4747
2026-06-08 19:00:14,312 - INFO - Epoch 20/120 | train_loss=0.4050 val_loss=1.8603 val_illicit_f1=0.2682 val_illicit_pr_auc=0.3304 monitor(val/illicit_pr_auc)=0.3304
2026-06-08 19:00:16,062 - INFO - Epoch 21/120 | train_loss=3.6490 val_loss=0.4494 val_illicit_f1=0.3724 val_illicit_pr_auc=0.4907 monitor(val/illicit_pr_auc)=0.4907
2026-06-08 19:00:17,899 - INFO - Epoch 22/120 | train_loss=0.5947 val_loss=0.5048 val_illicit_f1=0.3585 val_illicit_pr_auc=0.4890 monitor(val/illicit_pr_auc)=0.4890
2026-06-08 19:00:19,663 - INFO - Epoch 23/120 | train_loss=0.3760 val_loss=0.4833 val_illicit_f1=0.3760 val_illicit_pr_auc=0.5006 monitor(val/illicit_pr_auc)=0.5006
2026-06-08 19:00:21,475 - INFO - Epoch 24/120 | train_loss=2.0426 val_loss=0.4992 val_illicit_f1=0.3690 val_illicit_pr_auc=0.5022 monitor(val/illicit_pr_auc)=0.5022
2026-06-08 19:00:23,282 - INFO - Epoch 25/120 | train_loss=0.3927 val_loss=0.4805 val_illicit_f1=0.3756 val_illicit_pr_auc=0.4952 monitor(val/illicit_pr_auc)=0.4952
2026-06-08 19:00:25,156 - INFO - Epoch 26/120 | train_loss=1.8570 val_loss=1.2984 val_illicit_f1=0.3136 val_illicit_pr_auc=0.3153 monitor(val/illicit_pr_auc)=0.3153
2026-06-08 19:00:26,991 - INFO - Epoch 27/120 | train_loss=0.4362 val_loss=0.5104 val_illicit_f1=0.3735 val_illicit_pr_auc=0.4818 monitor(val/illicit_pr_auc)=0.4818
2026-06-08 19:00:28,795 - INFO - Epoch 28/120 | train_loss=0.4288 val_loss=0.6465 val_illicit_f1=0.3899 val_illicit_pr_auc=0.4610 monitor(val/illicit_pr_auc)=0.4610
2026-06-08 19:00:30,580 - INFO - Epoch 29/120 | train_loss=3.5069 val_loss=0.5372 val_illicit_f1=0.3240 val_illicit_pr_auc=0.4787 monitor(val/illicit_pr_auc)=0.4787
2026-06-08 19:00:32,428 - INFO - Epoch 30/120 | train_loss=0.4075 val_loss=0.4579 val_illicit_f1=0.3515 val_illicit_pr_auc=0.5007 monitor(val/illicit_pr_auc)=0.5007
2026-06-08 19:00:34,247 - INFO - Epoch 31/120 | train_loss=2.0280 val_loss=0.5470 val_illicit_f1=0.3170 val_illicit_pr_auc=0.4857 monitor(val/illicit_pr_auc)=0.4857
2026-06-08 19:00:36,093 - INFO - Epoch 32/120 | train_loss=0.3659 val_loss=0.5844 val_illicit_f1=0.3845 val_illicit_pr_auc=0.4777 monitor(val/illicit_pr_auc)=0.4777
2026-06-08 19:00:37,899 - INFO - Epoch 33/120 | train_loss=1.2161 val_loss=0.5075 val_illicit_f1=0.3845 val_illicit_pr_auc=0.5111 monitor(val/illicit_pr_auc)=0.5111
2026-06-08 19:00:39,719 - INFO - Epoch 34/120 | train_loss=0.3615 val_loss=0.4713 val_illicit_f1=0.3726 val_illicit_pr_auc=0.5289 monitor(val/illicit_pr_auc)=0.5289
2026-06-08 19:00:41,458 - INFO - Epoch 35/120 | train_loss=0.3535 val_loss=0.4726 val_illicit_f1=0.3694 val_illicit_pr_auc=0.5227 monitor(val/illicit_pr_auc)=0.5227
2026-06-08 19:00:43,324 - INFO - Epoch 36/120 | train_loss=0.9129 val_loss=0.5148 val_illicit_f1=0.3046 val_illicit_pr_auc=0.5144 monitor(val/illicit_pr_auc)=0.5144
2026-06-08 19:00:45,048 - INFO - Epoch 37/120 | train_loss=0.3272 val_loss=0.5010 val_illicit_f1=0.3769 val_illicit_pr_auc=0.5158 monitor(val/illicit_pr_auc)=0.5158
2026-06-08 19:00:46,848 - INFO - Epoch 38/120 | train_loss=0.3384 val_loss=0.5180 val_illicit_f1=0.3378 val_illicit_pr_auc=0.5030 monitor(val/illicit_pr_auc)=0.5030
2026-06-08 19:00:48,660 - INFO - Epoch 39/120 | train_loss=0.3382 val_loss=0.4813 val_illicit_f1=0.3758 val_illicit_pr_auc=0.5217 monitor(val/illicit_pr_auc)=0.5217
2026-06-08 19:00:50,503 - INFO - Epoch 40/120 | train_loss=0.3458 val_loss=0.4637 val_illicit_f1=0.3679 val_illicit_pr_auc=0.5312 monitor(val/illicit_pr_auc)=0.5312
2026-06-08 19:00:52,349 - INFO - Epoch 41/120 | train_loss=0.6994 val_loss=0.5001 val_illicit_f1=0.3455 val_illicit_pr_auc=0.5287 monitor(val/illicit_pr_auc)=0.5287
2026-06-08 19:00:54,111 - INFO - Epoch 42/120 | train_loss=0.3374 val_loss=0.5821 val_illicit_f1=0.2836 val_illicit_pr_auc=0.5054 monitor(val/illicit_pr_auc)=0.5054
2026-06-08 19:00:55,934 - INFO - Epoch 43/120 | train_loss=0.3327 val_loss=0.4937 val_illicit_f1=0.3773 val_illicit_pr_auc=0.5251 monitor(val/illicit_pr_auc)=0.5251
2026-06-08 19:00:57,719 - INFO - Epoch 44/120 | train_loss=0.3374 val_loss=0.5257 val_illicit_f1=0.3828 val_illicit_pr_auc=0.5121 monitor(val/illicit_pr_auc)=0.5121
2026-06-08 19:00:59,526 - INFO - Epoch 45/120 | train_loss=0.3429 val_loss=0.5495 val_illicit_f1=0.3811 val_illicit_pr_auc=0.5225 monitor(val/illicit_pr_auc)=0.5225
2026-06-08 19:01:01,345 - INFO - Epoch 46/120 | train_loss=0.3542 val_loss=0.4855 val_illicit_f1=0.3731 val_illicit_pr_auc=0.5257 monitor(val/illicit_pr_auc)=0.5257
2026-06-08 19:01:03,172 - INFO - Epoch 47/120 | train_loss=1.4946 val_loss=0.6057 val_illicit_f1=0.2994 val_illicit_pr_auc=0.4866 monitor(val/illicit_pr_auc)=0.4866
2026-06-08 19:01:05,006 - INFO - Epoch 48/120 | train_loss=0.3354 val_loss=0.6959 val_illicit_f1=0.2699 val_illicit_pr_auc=0.4259 monitor(val/illicit_pr_auc)=0.4259
2026-06-08 19:01:06,868 - INFO - Epoch 49/120 | train_loss=0.3249 val_loss=0.6711 val_illicit_f1=0.2880 val_illicit_pr_auc=0.4666 monitor(val/illicit_pr_auc)=0.4666
2026-06-08 19:01:08,707 - INFO - Epoch 50/120 | train_loss=0.9591 val_loss=0.5689 val_illicit_f1=0.3852 val_illicit_pr_auc=0.5265 monitor(val/illicit_pr_auc)=0.5265
2026-06-08 19:01:10,551 - INFO - Epoch 51/120 | train_loss=0.3174 val_loss=0.5220 val_illicit_f1=0.3833 val_illicit_pr_auc=0.5456 monitor(val/illicit_pr_auc)=0.5456
2026-06-08 19:01:12,321 - INFO - Epoch 52/120 | train_loss=0.3169 val_loss=0.6033 val_illicit_f1=0.3155 val_illicit_pr_auc=0.4987 monitor(val/illicit_pr_auc)=0.4987
2026-06-08 19:01:14,142 - INFO - Epoch 53/120 | train_loss=0.3189 val_loss=0.5925 val_illicit_f1=0.3598 val_illicit_pr_auc=0.5153 monitor(val/illicit_pr_auc)=0.5153
2026-06-08 19:01:15,952 - INFO - Epoch 54/120 | train_loss=0.3221 val_loss=0.5436 val_illicit_f1=0.3831 val_illicit_pr_auc=0.5298 monitor(val/illicit_pr_auc)=0.5298
2026-06-08 19:01:17,766 - INFO - Epoch 55/120 | train_loss=0.3284 val_loss=0.5897 val_illicit_f1=0.3502 val_illicit_pr_auc=0.5226 monitor(val/illicit_pr_auc)=0.5226
2026-06-08 19:01:19,572 - INFO - Epoch 56/120 | train_loss=0.3260 val_loss=0.9412 val_illicit_f1=0.3353 val_illicit_pr_auc=0.4183 monitor(val/illicit_pr_auc)=0.4183
2026-06-08 19:01:21,353 - INFO - Epoch 57/120 | train_loss=0.3210 val_loss=0.5745 val_illicit_f1=0.3394 val_illicit_pr_auc=0.4910 monitor(val/illicit_pr_auc)=0.4910
2026-06-08 19:01:23,159 - INFO - Epoch 58/120 | train_loss=0.3325 val_loss=0.5353 val_illicit_f1=0.3771 val_illicit_pr_auc=0.5135 monitor(val/illicit_pr_auc)=0.5135
2026-06-08 19:01:24,958 - INFO - Epoch 59/120 | train_loss=0.3084 val_loss=0.5287 val_illicit_f1=0.3898 val_illicit_pr_auc=0.5378 monitor(val/illicit_pr_auc)=0.5378
2026-06-08 19:01:26,782 - INFO - Epoch 60/120 | train_loss=0.3137 val_loss=0.5216 val_illicit_f1=0.3812 val_illicit_pr_auc=0.5240 monitor(val/illicit_pr_auc)=0.5240
2026-06-08 19:01:28,527 - INFO - Epoch 61/120 | train_loss=0.3102 val_loss=0.5532 val_illicit_f1=0.3700 val_illicit_pr_auc=0.5190 monitor(val/illicit_pr_auc)=0.5190
2026-06-08 19:01:30,359 - INFO - Epoch 62/120 | train_loss=0.3029 val_loss=0.6394 val_illicit_f1=0.3473 val_illicit_pr_auc=0.4859 monitor(val/illicit_pr_auc)=0.4859
2026-06-08 19:01:32,185 - INFO - Epoch 63/120 | train_loss=0.3128 val_loss=0.5077 val_illicit_f1=0.3801 val_illicit_pr_auc=0.5387 monitor(val/illicit_pr_auc)=0.5387
2026-06-08 19:01:34,032 - INFO - Epoch 64/120 | train_loss=0.3309 val_loss=0.6799 val_illicit_f1=0.3345 val_illicit_pr_auc=0.4802 monitor(val/illicit_pr_auc)=0.4802
2026-06-08 19:01:35,842 - INFO - Epoch 65/120 | train_loss=0.3053 val_loss=0.6524 val_illicit_f1=0.3475 val_illicit_pr_auc=0.4891 monitor(val/illicit_pr_auc)=0.4891
2026-06-08 19:01:37,660 - INFO - Epoch 66/120 | train_loss=0.3080 val_loss=0.6465 val_illicit_f1=0.3107 val_illicit_pr_auc=0.4921 monitor(val/illicit_pr_auc)=0.4921
2026-06-08 19:01:39,490 - INFO - Epoch 67/120 | train_loss=0.2979 val_loss=0.6794 val_illicit_f1=0.3514 val_illicit_pr_auc=0.4790 monitor(val/illicit_pr_auc)=0.4790
2026-06-08 19:01:41,316 - INFO - Epoch 68/120 | train_loss=0.2992 val_loss=0.6254 val_illicit_f1=0.3701 val_illicit_pr_auc=0.5230 monitor(val/illicit_pr_auc)=0.5230
2026-06-08 19:01:43,140 - INFO - Epoch 69/120 | train_loss=0.2971 val_loss=0.5874 val_illicit_f1=0.3904 val_illicit_pr_auc=0.5335 monitor(val/illicit_pr_auc)=0.5335
2026-06-08 19:01:44,985 - INFO - Epoch 70/120 | train_loss=0.2992 val_loss=0.5425 val_illicit_f1=0.3839 val_illicit_pr_auc=0.5467 monitor(val/illicit_pr_auc)=0.5467
2026-06-08 19:01:46,773 - INFO - Epoch 71/120 | train_loss=0.2946 val_loss=0.5638 val_illicit_f1=0.3858 val_illicit_pr_auc=0.5368 monitor(val/illicit_pr_auc)=0.5368
2026-06-08 19:01:48,582 - INFO - Epoch 72/120 | train_loss=0.2977 val_loss=0.5248 val_illicit_f1=0.3831 val_illicit_pr_auc=0.5439 monitor(val/illicit_pr_auc)=0.5439
2026-06-08 19:01:50,325 - INFO - Epoch 73/120 | train_loss=0.2950 val_loss=0.5976 val_illicit_f1=0.3687 val_illicit_pr_auc=0.5243 monitor(val/illicit_pr_auc)=0.5243
2026-06-08 19:01:52,148 - INFO - Epoch 74/120 | train_loss=0.2917 val_loss=0.5481 val_illicit_f1=0.3856 val_illicit_pr_auc=0.5524 monitor(val/illicit_pr_auc)=0.5524
2026-06-08 19:01:53,947 - INFO - Epoch 75/120 | train_loss=0.2975 val_loss=0.5705 val_illicit_f1=0.3871 val_illicit_pr_auc=0.5453 monitor(val/illicit_pr_auc)=0.5453
2026-06-08 19:01:55,755 - INFO - Epoch 76/120 | train_loss=0.2995 val_loss=0.5278 val_illicit_f1=0.3874 val_illicit_pr_auc=0.5424 monitor(val/illicit_pr_auc)=0.5424
2026-06-08 19:01:57,544 - INFO - Epoch 77/120 | train_loss=0.2964 val_loss=0.5549 val_illicit_f1=0.3885 val_illicit_pr_auc=0.5517 monitor(val/illicit_pr_auc)=0.5517
2026-06-08 19:01:59,340 - INFO - Epoch 78/120 | train_loss=0.2942 val_loss=0.6167 val_illicit_f1=0.3880 val_illicit_pr_auc=0.5443 monitor(val/illicit_pr_auc)=0.5443
2026-06-08 19:02:01,184 - INFO - Epoch 79/120 | train_loss=0.2976 val_loss=0.6105 val_illicit_f1=0.3875 val_illicit_pr_auc=0.5488 monitor(val/illicit_pr_auc)=0.5488
2026-06-08 19:02:02,989 - INFO - Epoch 80/120 | train_loss=0.2845 val_loss=0.6273 val_illicit_f1=0.3905 val_illicit_pr_auc=0.5485 monitor(val/illicit_pr_auc)=0.5485
2026-06-08 19:02:04,795 - INFO - Epoch 81/120 | train_loss=0.2996 val_loss=0.5428 val_illicit_f1=0.3868 val_illicit_pr_auc=0.5282 monitor(val/illicit_pr_auc)=0.5282
2026-06-08 19:02:06,599 - INFO - Epoch 82/120 | train_loss=0.3103 val_loss=0.6220 val_illicit_f1=0.2979 val_illicit_pr_auc=0.4810 monitor(val/illicit_pr_auc)=0.4810
2026-06-08 19:02:08,407 - INFO - Epoch 83/120 | train_loss=0.2930 val_loss=0.5611 val_illicit_f1=0.3872 val_illicit_pr_auc=0.5479 monitor(val/illicit_pr_auc)=0.5479
2026-06-08 19:02:10,230 - INFO - Epoch 84/120 | train_loss=0.2888 val_loss=0.5737 val_illicit_f1=0.3523 val_illicit_pr_auc=0.5383 monitor(val/illicit_pr_auc)=0.5383
2026-06-08 19:02:12,035 - INFO - Epoch 85/120 | train_loss=0.2998 val_loss=0.6015 val_illicit_f1=0.3936 val_illicit_pr_auc=0.5462 monitor(val/illicit_pr_auc)=0.5462
2026-06-08 19:02:13,840 - INFO - Epoch 86/120 | train_loss=0.2954 val_loss=0.5986 val_illicit_f1=0.3843 val_illicit_pr_auc=0.5511 monitor(val/illicit_pr_auc)=0.5511
2026-06-08 19:02:15,664 - INFO - Epoch 87/120 | train_loss=0.2879 val_loss=0.5881 val_illicit_f1=0.3845 val_illicit_pr_auc=0.5453 monitor(val/illicit_pr_auc)=0.5453
2026-06-08 19:02:17,483 - INFO - Epoch 88/120 | train_loss=0.2902 val_loss=0.6159 val_illicit_f1=0.3635 val_illicit_pr_auc=0.5302 monitor(val/illicit_pr_auc)=0.5302
2026-06-08 19:02:19,308 - INFO - Epoch 89/120 | train_loss=0.2865 val_loss=0.6135 val_illicit_f1=0.3870 val_illicit_pr_auc=0.5477 monitor(val/illicit_pr_auc)=0.5477
2026-06-08 19:02:21,138 - INFO - Epoch 90/120 | train_loss=0.2897 val_loss=0.6420 val_illicit_f1=0.3904 val_illicit_pr_auc=0.5379 monitor(val/illicit_pr_auc)=0.5379
2026-06-08 19:02:22,954 - INFO - Epoch 91/120 | train_loss=0.2812 val_loss=0.7110 val_illicit_f1=0.3001 val_illicit_pr_auc=0.4705 monitor(val/illicit_pr_auc)=0.4705
2026-06-08 19:02:24,790 - INFO - Epoch 92/120 | train_loss=0.2841 val_loss=0.6435 val_illicit_f1=0.3898 val_illicit_pr_auc=0.5536 monitor(val/illicit_pr_auc)=0.5536
2026-06-08 19:02:26,557 - INFO - Epoch 93/120 | train_loss=0.2876 val_loss=0.6568 val_illicit_f1=0.3898 val_illicit_pr_auc=0.5422 monitor(val/illicit_pr_auc)=0.5422
2026-06-08 19:02:28,344 - INFO - Epoch 94/120 | train_loss=0.2841 val_loss=0.6332 val_illicit_f1=0.3875 val_illicit_pr_auc=0.5410 monitor(val/illicit_pr_auc)=0.5410
2026-06-08 19:02:30,184 - INFO - Epoch 95/120 | train_loss=0.2850 val_loss=0.6918 val_illicit_f1=0.3025 val_illicit_pr_auc=0.4748 monitor(val/illicit_pr_auc)=0.4748
2026-06-08 19:02:31,949 - INFO - Epoch 96/120 | train_loss=0.2862 val_loss=0.6410 val_illicit_f1=0.3843 val_illicit_pr_auc=0.5430 monitor(val/illicit_pr_auc)=0.5430
2026-06-08 19:02:33,772 - INFO - Epoch 97/120 | train_loss=0.2860 val_loss=0.6880 val_illicit_f1=0.3383 val_illicit_pr_auc=0.5095 monitor(val/illicit_pr_auc)=0.5095
2026-06-08 19:02:35,633 - INFO - Epoch 98/120 | train_loss=0.2890 val_loss=0.6263 val_illicit_f1=0.3842 val_illicit_pr_auc=0.5509 monitor(val/illicit_pr_auc)=0.5509
2026-06-08 19:02:37,477 - INFO - Epoch 99/120 | train_loss=0.2820 val_loss=0.6701 val_illicit_f1=0.2948 val_illicit_pr_auc=0.4772 monitor(val/illicit_pr_auc)=0.4772
2026-06-08 19:02:39,306 - INFO - Epoch 100/120 | train_loss=0.2863 val_loss=0.6484 val_illicit_f1=0.3862 val_illicit_pr_auc=0.5505 monitor(val/illicit_pr_auc)=0.5505
2026-06-08 19:02:41,076 - INFO - Epoch 101/120 | train_loss=0.2871 val_loss=0.6607 val_illicit_f1=0.3889 val_illicit_pr_auc=0.5436 monitor(val/illicit_pr_auc)=0.5436
2026-06-08 19:02:42,852 - INFO - Epoch 102/120 | train_loss=0.2880 val_loss=0.6346 val_illicit_f1=0.3863 val_illicit_pr_auc=0.5438 monitor(val/illicit_pr_auc)=0.5438
2026-06-08 19:02:44,686 - INFO - Epoch 103/120 | train_loss=0.2829 val_loss=0.6656 val_illicit_f1=0.3898 val_illicit_pr_auc=0.5468 monitor(val/illicit_pr_auc)=0.5468
2026-06-08 19:02:46,443 - INFO - Epoch 104/120 | train_loss=0.2813 val_loss=0.6890 val_illicit_f1=0.3014 val_illicit_pr_auc=0.4816 monitor(val/illicit_pr_auc)=0.4816
2026-06-08 19:02:48,201 - INFO - Epoch 105/120 | train_loss=0.2837 val_loss=0.6640 val_illicit_f1=0.3879 val_illicit_pr_auc=0.5418 monitor(val/illicit_pr_auc)=0.5418
2026-06-08 19:02:49,939 - INFO - Epoch 106/120 | train_loss=0.2813 val_loss=0.6744 val_illicit_f1=0.3498 val_illicit_pr_auc=0.5212 monitor(val/illicit_pr_auc)=0.5212
2026-06-08 19:02:51,731 - INFO - Epoch 107/120 | train_loss=0.2791 val_loss=0.6630 val_illicit_f1=0.3910 val_illicit_pr_auc=0.5494 monitor(val/illicit_pr_auc)=0.5494
2026-06-08 19:02:53,491 - INFO - Epoch 108/120 | train_loss=1.6210 val_loss=0.6964 val_illicit_f1=0.3906 val_illicit_pr_auc=0.5445 monitor(val/illicit_pr_auc)=0.5445
2026-06-08 19:02:55,268 - INFO - Epoch 109/120 | train_loss=0.2784 val_loss=0.6750 val_illicit_f1=0.3888 val_illicit_pr_auc=0.5458 monitor(val/illicit_pr_auc)=0.5458
2026-06-08 19:02:57,027 - INFO - Epoch 110/120 | train_loss=0.2815 val_loss=0.6833 val_illicit_f1=0.3879 val_illicit_pr_auc=0.5467 monitor(val/illicit_pr_auc)=0.5467
2026-06-08 19:02:58,863 - INFO - Epoch 111/120 | train_loss=0.2738 val_loss=0.6855 val_illicit_f1=0.3902 val_illicit_pr_auc=0.5480 monitor(val/illicit_pr_auc)=0.5480
2026-06-08 19:03:00,830 - INFO - Epoch 112/120 | train_loss=0.2748 val_loss=0.6886 val_illicit_f1=0.3858 val_illicit_pr_auc=0.5421 monitor(val/illicit_pr_auc)=0.5421
2026-06-08 19:03:00,830 - INFO - Early stopping at epoch 112 after 20 stale evals
2026-06-08 19:03:01,881 - INFO - Saved final metrics to outputs/PNA_HIS/test_metrics.json

======================================================
  Finished at  : Mon Jun  8 07:03:03 PM CEST 2026
======================================================
