Running seed 42 with /tmp/pna_seed_42_5xmb.yaml
2026-06-08 19:36:44,830 - INFO - Using device: cuda
2026-06-08 19:36:44,832 - INFO - Loading cached PNA dataset from /home/ghonkoop/data/saml-d/pna_cache/node_features-raw_add_degree_feature-True_use_edge_features-True_edge_feature_normalize-zscore_edge_feature_clip-10.0_add_reverse_edges-False_train_ratio-0.6_val_ratio-0.2_split_mode-class_temporal_illicit_label-0_max_degree_hist-1000.pt
2026-06-08 19:36:50,042 - INFO - Loaded cached PNA dataset in 5.2s
2026-06-08 19:36:50,383 - INFO - Trainable parameters: 1037825
2026-06-08 19:36:50,476 - INFO - Using BCEWithLogitsLoss pos_weight=25.029240
2026-06-08 19:36:52,638 - INFO - Epoch 1/120 | train_loss=0.2633 val_loss=0.7737 val_illicit_f1=0.1029 val_illicit_pr_auc=0.8207 monitor(val/illicit_pr_auc)=0.8207
2026-06-08 19:36:53,994 - INFO - Epoch 2/120 | train_loss=0.1194 val_loss=0.2352 val_illicit_f1=0.8193 val_illicit_pr_auc=0.9145 monitor(val/illicit_pr_auc)=0.9145
2026-06-08 19:36:55,341 - INFO - Epoch 3/120 | train_loss=0.0884 val_loss=0.4057 val_illicit_f1=0.8116 val_illicit_pr_auc=0.9285 monitor(val/illicit_pr_auc)=0.9285
2026-06-08 19:36:56,739 - INFO - Epoch 4/120 | train_loss=0.0721 val_loss=0.2001 val_illicit_f1=0.8689 val_illicit_pr_auc=0.9594 monitor(val/illicit_pr_auc)=0.9594
2026-06-08 19:36:58,063 - INFO - Epoch 5/120 | train_loss=0.0574 val_loss=0.1737 val_illicit_f1=0.8645 val_illicit_pr_auc=0.9559 monitor(val/illicit_pr_auc)=0.9559
2026-06-08 19:36:59,401 - INFO - Epoch 6/120 | train_loss=0.0616 val_loss=0.1887 val_illicit_f1=0.8971 val_illicit_pr_auc=0.9802 monitor(val/illicit_pr_auc)=0.9802
2026-06-08 19:37:00,678 - INFO - Epoch 7/120 | train_loss=0.0551 val_loss=0.4378 val_illicit_f1=0.2682 val_illicit_pr_auc=0.9174 monitor(val/illicit_pr_auc)=0.9174
2026-06-08 19:37:01,947 - INFO - Epoch 8/120 | train_loss=0.0582 val_loss=0.3146 val_illicit_f1=0.5190 val_illicit_pr_auc=0.9485 monitor(val/illicit_pr_auc)=0.9485
2026-06-08 19:37:03,228 - INFO - Epoch 9/120 | train_loss=0.0620 val_loss=0.2651 val_illicit_f1=0.6000 val_illicit_pr_auc=0.9676 monitor(val/illicit_pr_auc)=0.9676
2026-06-08 19:37:04,504 - INFO - Epoch 10/120 | train_loss=0.0656 val_loss=0.2822 val_illicit_f1=0.4770 val_illicit_pr_auc=0.9489 monitor(val/illicit_pr_auc)=0.9489
2026-06-08 19:37:05,802 - INFO - Epoch 11/120 | train_loss=0.0506 val_loss=0.1298 val_illicit_f1=0.8792 val_illicit_pr_auc=0.9782 monitor(val/illicit_pr_auc)=0.9782
2026-06-08 19:37:07,096 - INFO - Epoch 12/120 | train_loss=0.0540 val_loss=0.1101 val_illicit_f1=0.7630 val_illicit_pr_auc=0.9804 monitor(val/illicit_pr_auc)=0.9804
2026-06-08 19:37:08,364 - INFO - Epoch 13/120 | train_loss=0.0489 val_loss=0.1574 val_illicit_f1=0.6236 val_illicit_pr_auc=0.9758 monitor(val/illicit_pr_auc)=0.9758
2026-06-08 19:37:09,637 - INFO - Epoch 14/120 | train_loss=0.0609 val_loss=0.2477 val_illicit_f1=0.4749 val_illicit_pr_auc=0.9407 monitor(val/illicit_pr_auc)=0.9407
2026-06-08 19:37:10,890 - INFO - Epoch 15/120 | train_loss=0.0418 val_loss=0.1365 val_illicit_f1=0.6025 val_illicit_pr_auc=0.9745 monitor(val/illicit_pr_auc)=0.9745
2026-06-08 19:37:12,212 - INFO - Epoch 16/120 | train_loss=0.0466 val_loss=0.2198 val_illicit_f1=0.5743 val_illicit_pr_auc=0.9727 monitor(val/illicit_pr_auc)=0.9727
2026-06-08 19:37:13,549 - INFO - Epoch 17/120 | train_loss=0.0371 val_loss=0.1400 val_illicit_f1=0.6207 val_illicit_pr_auc=0.9768 monitor(val/illicit_pr_auc)=0.9768
2026-06-08 19:37:14,881 - INFO - Epoch 18/120 | train_loss=0.0492 val_loss=0.1382 val_illicit_f1=0.6485 val_illicit_pr_auc=0.9649 monitor(val/illicit_pr_auc)=0.9649
2026-06-08 19:37:16,234 - INFO - Epoch 19/120 | train_loss=0.0534 val_loss=0.1584 val_illicit_f1=0.6693 val_illicit_pr_auc=0.9827 monitor(val/illicit_pr_auc)=0.9827
2026-06-08 19:37:17,567 - INFO - Epoch 20/120 | train_loss=0.0464 val_loss=0.3210 val_illicit_f1=0.5525 val_illicit_pr_auc=0.9773 monitor(val/illicit_pr_auc)=0.9773
2026-06-08 19:37:18,898 - INFO - Epoch 21/120 | train_loss=0.0398 val_loss=0.1598 val_illicit_f1=0.5919 val_illicit_pr_auc=0.9631 monitor(val/illicit_pr_auc)=0.9631
2026-06-08 19:37:20,246 - INFO - Epoch 22/120 | train_loss=0.0433 val_loss=0.1842 val_illicit_f1=0.5710 val_illicit_pr_auc=0.9721 monitor(val/illicit_pr_auc)=0.9721
2026-06-08 19:37:21,597 - INFO - Epoch 23/120 | train_loss=0.0452 val_loss=0.1947 val_illicit_f1=0.5822 val_illicit_pr_auc=0.9865 monitor(val/illicit_pr_auc)=0.9865
2026-06-08 19:37:22,883 - INFO - Epoch 24/120 | train_loss=0.0340 val_loss=0.1248 val_illicit_f1=0.6115 val_illicit_pr_auc=0.9800 monitor(val/illicit_pr_auc)=0.9800
2026-06-08 19:37:24,210 - INFO - Epoch 25/120 | train_loss=0.0363 val_loss=0.1579 val_illicit_f1=0.5779 val_illicit_pr_auc=0.9737 monitor(val/illicit_pr_auc)=0.9737
2026-06-08 19:37:25,514 - INFO - Epoch 26/120 | train_loss=0.0422 val_loss=0.1392 val_illicit_f1=0.6193 val_illicit_pr_auc=0.9898 monitor(val/illicit_pr_auc)=0.9898
2026-06-08 19:37:26,843 - INFO - Epoch 27/120 | train_loss=0.0305 val_loss=0.2930 val_illicit_f1=0.4570 val_illicit_pr_auc=0.9396 monitor(val/illicit_pr_auc)=0.9396
2026-06-08 19:37:28,172 - INFO - Epoch 28/120 | train_loss=0.0382 val_loss=0.4011 val_illicit_f1=0.3694 val_illicit_pr_auc=0.9351 monitor(val/illicit_pr_auc)=0.9351
2026-06-08 19:37:29,507 - INFO - Epoch 29/120 | train_loss=0.0506 val_loss=0.1400 val_illicit_f1=0.7489 val_illicit_pr_auc=0.9606 monitor(val/illicit_pr_auc)=0.9606
2026-06-08 19:37:30,847 - INFO - Epoch 30/120 | train_loss=0.0336 val_loss=0.1384 val_illicit_f1=0.6190 val_illicit_pr_auc=0.9635 monitor(val/illicit_pr_auc)=0.9635
2026-06-08 19:37:32,189 - INFO - Epoch 31/120 | train_loss=0.0401 val_loss=0.1852 val_illicit_f1=0.7077 val_illicit_pr_auc=0.9381 monitor(val/illicit_pr_auc)=0.9381
2026-06-08 19:37:33,536 - INFO - Epoch 32/120 | train_loss=0.0506 val_loss=0.1196 val_illicit_f1=0.6412 val_illicit_pr_auc=0.9732 monitor(val/illicit_pr_auc)=0.9732
2026-06-08 19:37:34,867 - INFO - Epoch 33/120 | train_loss=0.0332 val_loss=0.1694 val_illicit_f1=0.5940 val_illicit_pr_auc=0.9580 monitor(val/illicit_pr_auc)=0.9580
2026-06-08 19:37:36,188 - INFO - Epoch 34/120 | train_loss=0.0318 val_loss=0.1657 val_illicit_f1=0.5818 val_illicit_pr_auc=0.9602 monitor(val/illicit_pr_auc)=0.9602
2026-06-08 19:37:37,508 - INFO - Epoch 35/120 | train_loss=0.0281 val_loss=0.1570 val_illicit_f1=0.5996 val_illicit_pr_auc=0.9726 monitor(val/illicit_pr_auc)=0.9726
2026-06-08 19:37:38,819 - INFO - Epoch 36/120 | train_loss=0.0307 val_loss=0.1404 val_illicit_f1=0.5986 val_illicit_pr_auc=0.9651 monitor(val/illicit_pr_auc)=0.9651
2026-06-08 19:37:40,085 - INFO - Epoch 37/120 | train_loss=0.0236 val_loss=0.1461 val_illicit_f1=0.6040 val_illicit_pr_auc=0.9622 monitor(val/illicit_pr_auc)=0.9622
2026-06-08 19:37:41,415 - INFO - Epoch 38/120 | train_loss=0.0341 val_loss=0.2075 val_illicit_f1=0.5758 val_illicit_pr_auc=0.9608 monitor(val/illicit_pr_auc)=0.9608
2026-06-08 19:37:42,677 - INFO - Epoch 39/120 | train_loss=0.0248 val_loss=0.1215 val_illicit_f1=0.6816 val_illicit_pr_auc=0.9743 monitor(val/illicit_pr_auc)=0.9743
2026-06-08 19:37:43,945 - INFO - Epoch 40/120 | train_loss=0.0242 val_loss=0.1829 val_illicit_f1=0.5901 val_illicit_pr_auc=0.9734 monitor(val/illicit_pr_auc)=0.9734
2026-06-08 19:37:45,263 - INFO - Epoch 41/120 | train_loss=0.0221 val_loss=0.1963 val_illicit_f1=0.5901 val_illicit_pr_auc=0.9698 monitor(val/illicit_pr_auc)=0.9698
2026-06-08 19:37:46,585 - INFO - Epoch 42/120 | train_loss=0.0204 val_loss=0.1596 val_illicit_f1=0.5986 val_illicit_pr_auc=0.9635 monitor(val/illicit_pr_auc)=0.9635
2026-06-08 19:37:47,898 - INFO - Epoch 43/120 | train_loss=0.0193 val_loss=0.1552 val_illicit_f1=0.6111 val_illicit_pr_auc=0.9660 monitor(val/illicit_pr_auc)=0.9660
2026-06-08 19:37:49,184 - INFO - Epoch 44/120 | train_loss=0.0220 val_loss=0.1468 val_illicit_f1=0.6511 val_illicit_pr_auc=0.9755 monitor(val/illicit_pr_auc)=0.9755
2026-06-08 19:37:50,504 - INFO - Epoch 45/120 | train_loss=0.0240 val_loss=0.1978 val_illicit_f1=0.5866 val_illicit_pr_auc=0.9537 monitor(val/illicit_pr_auc)=0.9537
2026-06-08 19:37:51,827 - INFO - Epoch 46/120 | train_loss=0.0182 val_loss=0.1603 val_illicit_f1=0.6109 val_illicit_pr_auc=0.9597 monitor(val/illicit_pr_auc)=0.9597
2026-06-08 19:37:51,827 - INFO - Early stopping at epoch 46 after 20 stale evals
2026-06-08 19:37:52,709 - INFO - Best threshold on validation (val/illicit_f1) = 0.8115 (score=0.9558)
2026-06-08 19:37:52,709 - INFO - Test metrics | Loss: 0.4344, Illicit F1: 0.9221, Illicit PR-AUC: 0.9487, Illicit ROC-AUC: 0.9770, Licit F1: 0.9971
2026-06-08 19:37:52,709 - INFO - Saved final metrics to outputs/PNA_SAMLD_seed_42/test_metrics.json
Running seed 43 with /tmp/pna_seed_43_A9ki.yaml
2026-06-08 19:37:59,666 - INFO - Using device: cuda
2026-06-08 19:37:59,667 - INFO - Loading cached PNA dataset from /home/ghonkoop/data/saml-d/pna_cache/node_features-raw_add_degree_feature-True_use_edge_features-True_edge_feature_normalize-zscore_edge_feature_clip-10.0_add_reverse_edges-False_train_ratio-0.6_val_ratio-0.2_split_mode-class_temporal_illicit_label-0_max_degree_hist-1000.pt
2026-06-08 19:38:04,779 - INFO - Loaded cached PNA dataset in 5.1s
2026-06-08 19:38:05,016 - INFO - Trainable parameters: 1037825
2026-06-08 19:38:05,081 - INFO - Using BCEWithLogitsLoss pos_weight=25.029240
2026-06-08 19:38:07,390 - INFO - Epoch 1/120 | train_loss=0.3518 val_loss=0.5268 val_illicit_f1=0.3741 val_illicit_pr_auc=0.8472 monitor(val/illicit_pr_auc)=0.8472
2026-06-08 19:38:08,699 - INFO - Epoch 2/120 | train_loss=0.1250 val_loss=0.5478 val_illicit_f1=0.1207 val_illicit_pr_auc=0.9564 monitor(val/illicit_pr_auc)=0.9564
2026-06-08 19:38:09,970 - INFO - Epoch 3/120 | train_loss=0.0617 val_loss=0.2240 val_illicit_f1=0.8533 val_illicit_pr_auc=0.9294 monitor(val/illicit_pr_auc)=0.9294
2026-06-08 19:38:11,232 - INFO - Epoch 4/120 | train_loss=0.0754 val_loss=0.2207 val_illicit_f1=0.8173 val_illicit_pr_auc=0.9424 monitor(val/illicit_pr_auc)=0.9424
2026-06-08 19:38:12,519 - INFO - Epoch 5/120 | train_loss=0.0701 val_loss=0.2249 val_illicit_f1=0.8550 val_illicit_pr_auc=0.9725 monitor(val/illicit_pr_auc)=0.9725
2026-06-08 19:38:13,861 - INFO - Epoch 6/120 | train_loss=0.0729 val_loss=0.2590 val_illicit_f1=0.7277 val_illicit_pr_auc=0.8624 monitor(val/illicit_pr_auc)=0.8624
2026-06-08 19:38:15,163 - INFO - Epoch 7/120 | train_loss=0.0825 val_loss=0.1350 val_illicit_f1=0.8962 val_illicit_pr_auc=0.9779 monitor(val/illicit_pr_auc)=0.9779
2026-06-08 19:38:16,508 - INFO - Epoch 8/120 | train_loss=0.0669 val_loss=0.1990 val_illicit_f1=0.8906 val_illicit_pr_auc=0.9703 monitor(val/illicit_pr_auc)=0.9703
2026-06-08 19:38:17,860 - INFO - Epoch 9/120 | train_loss=0.0591 val_loss=0.1696 val_illicit_f1=0.8860 val_illicit_pr_auc=0.9826 monitor(val/illicit_pr_auc)=0.9826
2026-06-08 19:38:19,197 - INFO - Epoch 10/120 | train_loss=0.0691 val_loss=0.5324 val_illicit_f1=0.1452 val_illicit_pr_auc=0.9789 monitor(val/illicit_pr_auc)=0.9789
2026-06-08 19:38:20,547 - INFO - Epoch 11/120 | train_loss=0.0503 val_loss=0.2384 val_illicit_f1=0.5846 val_illicit_pr_auc=0.9841 monitor(val/illicit_pr_auc)=0.9841
2026-06-08 19:38:21,874 - INFO - Epoch 12/120 | train_loss=0.0413 val_loss=0.1414 val_illicit_f1=0.6259 val_illicit_pr_auc=0.9516 monitor(val/illicit_pr_auc)=0.9516
2026-06-08 19:38:23,208 - INFO - Epoch 13/120 | train_loss=0.0547 val_loss=0.4835 val_illicit_f1=0.1493 val_illicit_pr_auc=0.9780 monitor(val/illicit_pr_auc)=0.9780
2026-06-08 19:38:24,495 - INFO - Epoch 14/120 | train_loss=0.0478 val_loss=0.3216 val_illicit_f1=0.5653 val_illicit_pr_auc=0.9699 monitor(val/illicit_pr_auc)=0.9699
2026-06-08 19:38:25,762 - INFO - Epoch 15/120 | train_loss=0.0730 val_loss=0.1544 val_illicit_f1=0.8847 val_illicit_pr_auc=0.9744 monitor(val/illicit_pr_auc)=0.9744
2026-06-08 19:38:27,038 - INFO - Epoch 16/120 | train_loss=0.0510 val_loss=0.3173 val_illicit_f1=0.4685 val_illicit_pr_auc=0.9821 monitor(val/illicit_pr_auc)=0.9821
2026-06-08 19:38:28,314 - INFO - Epoch 17/120 | train_loss=0.0504 val_loss=0.2249 val_illicit_f1=0.5738 val_illicit_pr_auc=0.9801 monitor(val/illicit_pr_auc)=0.9801
2026-06-08 19:38:29,581 - INFO - Epoch 18/120 | train_loss=0.0432 val_loss=0.2206 val_illicit_f1=0.5653 val_illicit_pr_auc=0.9531 monitor(val/illicit_pr_auc)=0.9531
2026-06-08 19:38:30,849 - INFO - Epoch 19/120 | train_loss=0.0393 val_loss=0.1224 val_illicit_f1=0.6216 val_illicit_pr_auc=0.9805 monitor(val/illicit_pr_auc)=0.9805
2026-06-08 19:38:32,139 - INFO - Epoch 20/120 | train_loss=0.0449 val_loss=0.2406 val_illicit_f1=0.5534 val_illicit_pr_auc=0.9889 monitor(val/illicit_pr_auc)=0.9889
2026-06-08 19:38:33,418 - INFO - Epoch 21/120 | train_loss=0.0400 val_loss=0.2256 val_illicit_f1=0.5797 val_illicit_pr_auc=0.9834 monitor(val/illicit_pr_auc)=0.9834
2026-06-08 19:38:34,740 - INFO - Epoch 22/120 | train_loss=0.0347 val_loss=0.1369 val_illicit_f1=0.6131 val_illicit_pr_auc=0.9805 monitor(val/illicit_pr_auc)=0.9805
2026-06-08 19:38:36,041 - INFO - Epoch 23/120 | train_loss=0.0396 val_loss=0.1495 val_illicit_f1=0.6310 val_illicit_pr_auc=0.9886 monitor(val/illicit_pr_auc)=0.9886
2026-06-08 19:38:37,329 - INFO - Epoch 24/120 | train_loss=0.0366 val_loss=0.1632 val_illicit_f1=0.5975 val_illicit_pr_auc=0.9693 monitor(val/illicit_pr_auc)=0.9693
2026-06-08 19:38:38,608 - INFO - Epoch 25/120 | train_loss=0.0327 val_loss=0.1502 val_illicit_f1=0.6084 val_illicit_pr_auc=0.9767 monitor(val/illicit_pr_auc)=0.9767
2026-06-08 19:38:39,884 - INFO - Epoch 26/120 | train_loss=0.0320 val_loss=0.1414 val_illicit_f1=0.5913 val_illicit_pr_auc=0.9806 monitor(val/illicit_pr_auc)=0.9806
2026-06-08 19:38:41,166 - INFO - Epoch 27/120 | train_loss=0.0311 val_loss=0.1437 val_illicit_f1=0.6350 val_illicit_pr_auc=0.9771 monitor(val/illicit_pr_auc)=0.9771
2026-06-08 19:38:42,447 - INFO - Epoch 28/120 | train_loss=0.0327 val_loss=0.1066 val_illicit_f1=0.6064 val_illicit_pr_auc=0.9865 monitor(val/illicit_pr_auc)=0.9865
2026-06-08 19:38:43,719 - INFO - Epoch 29/120 | train_loss=0.0322 val_loss=0.1250 val_illicit_f1=0.6018 val_illicit_pr_auc=0.9852 monitor(val/illicit_pr_auc)=0.9852
2026-06-08 19:38:44,986 - INFO - Epoch 30/120 | train_loss=0.0352 val_loss=0.1935 val_illicit_f1=0.5933 val_illicit_pr_auc=0.9600 monitor(val/illicit_pr_auc)=0.9600
2026-06-08 19:38:46,273 - INFO - Epoch 31/120 | train_loss=0.0423 val_loss=0.1737 val_illicit_f1=0.5644 val_illicit_pr_auc=0.9842 monitor(val/illicit_pr_auc)=0.9842
2026-06-08 19:38:47,544 - INFO - Epoch 32/120 | train_loss=0.0283 val_loss=0.1360 val_illicit_f1=0.6255 val_illicit_pr_auc=0.9729 monitor(val/illicit_pr_auc)=0.9729
2026-06-08 19:38:48,824 - INFO - Epoch 33/120 | train_loss=0.0297 val_loss=0.1069 val_illicit_f1=0.6414 val_illicit_pr_auc=0.9796 monitor(val/illicit_pr_auc)=0.9796
2026-06-08 19:38:50,099 - INFO - Epoch 34/120 | train_loss=0.0294 val_loss=0.1010 val_illicit_f1=0.6693 val_illicit_pr_auc=0.9832 monitor(val/illicit_pr_auc)=0.9832
2026-06-08 19:38:51,367 - INFO - Epoch 35/120 | train_loss=0.0302 val_loss=0.1281 val_illicit_f1=0.6271 val_illicit_pr_auc=0.9722 monitor(val/illicit_pr_auc)=0.9722
2026-06-08 19:38:52,657 - INFO - Epoch 36/120 | train_loss=0.0257 val_loss=0.1131 val_illicit_f1=0.6667 val_illicit_pr_auc=0.9767 monitor(val/illicit_pr_auc)=0.9767
2026-06-08 19:38:53,984 - INFO - Epoch 37/120 | train_loss=0.0256 val_loss=0.1012 val_illicit_f1=0.7265 val_illicit_pr_auc=0.9815 monitor(val/illicit_pr_auc)=0.9815
2026-06-08 19:38:55,254 - INFO - Epoch 38/120 | train_loss=0.0236 val_loss=0.1333 val_illicit_f1=0.6061 val_illicit_pr_auc=0.9758 monitor(val/illicit_pr_auc)=0.9758
2026-06-08 19:38:56,529 - INFO - Epoch 39/120 | train_loss=0.0249 val_loss=0.1107 val_illicit_f1=0.7859 val_illicit_pr_auc=0.9775 monitor(val/illicit_pr_auc)=0.9775
2026-06-08 19:38:57,794 - INFO - Epoch 40/120 | train_loss=0.0215 val_loss=0.0975 val_illicit_f1=0.7238 val_illicit_pr_auc=0.9792 monitor(val/illicit_pr_auc)=0.9792
2026-06-08 19:38:57,794 - INFO - Early stopping at epoch 40 after 20 stale evals
2026-06-08 19:38:58,659 - INFO - Best threshold on validation (val/illicit_f1) = 0.8808 (score=0.9501)
2026-06-08 19:38:58,659 - INFO - Test metrics | Loss: 0.6269, Illicit F1: 0.8939, Illicit PR-AUC: 0.9381, Illicit ROC-AUC: 0.9777, Licit F1: 0.9962
2026-06-08 19:38:58,659 - INFO - Saved final metrics to outputs/PNA_SAMLD_seed_43/test_metrics.json
Running seed 44 with /tmp/pna_seed_44_3XuG.yaml
2026-06-08 19:39:05,628 - INFO - Using device: cuda
2026-06-08 19:39:05,629 - INFO - Loading cached PNA dataset from /home/ghonkoop/data/saml-d/pna_cache/node_features-raw_add_degree_feature-True_use_edge_features-True_edge_feature_normalize-zscore_edge_feature_clip-10.0_add_reverse_edges-False_train_ratio-0.6_val_ratio-0.2_split_mode-class_temporal_illicit_label-0_max_degree_hist-1000.pt
2026-06-08 19:39:10,707 - INFO - Loaded cached PNA dataset in 5.1s
2026-06-08 19:39:10,927 - INFO - Trainable parameters: 1037825
2026-06-08 19:39:10,991 - INFO - Using BCEWithLogitsLoss pos_weight=25.029240
2026-06-08 19:39:12,990 - INFO - Epoch 1/120 | train_loss=0.2895 val_loss=0.6032 val_illicit_f1=0.2036 val_illicit_pr_auc=0.8124 monitor(val/illicit_pr_auc)=0.8124
2026-06-08 19:39:14,350 - INFO - Epoch 2/120 | train_loss=0.1131 val_loss=0.5707 val_illicit_f1=0.1312 val_illicit_pr_auc=0.9570 monitor(val/illicit_pr_auc)=0.9570
2026-06-08 19:39:15,625 - INFO - Epoch 3/120 | train_loss=0.0874 val_loss=0.1843 val_illicit_f1=0.7824 val_illicit_pr_auc=0.9407 monitor(val/illicit_pr_auc)=0.9407
2026-06-08 19:39:16,946 - INFO - Epoch 4/120 | train_loss=0.0686 val_loss=0.4690 val_illicit_f1=0.2674 val_illicit_pr_auc=0.9071 monitor(val/illicit_pr_auc)=0.9071
2026-06-08 19:39:18,274 - INFO - Epoch 5/120 | train_loss=0.0711 val_loss=0.4410 val_illicit_f1=0.1913 val_illicit_pr_auc=0.9461 monitor(val/illicit_pr_auc)=0.9461
2026-06-08 19:39:19,594 - INFO - Epoch 6/120 | train_loss=0.0659 val_loss=0.2793 val_illicit_f1=0.8550 val_illicit_pr_auc=0.9486 monitor(val/illicit_pr_auc)=0.9486
2026-06-08 19:39:20,924 - INFO - Epoch 7/120 | train_loss=0.0659 val_loss=0.2499 val_illicit_f1=0.8321 val_illicit_pr_auc=0.9377 monitor(val/illicit_pr_auc)=0.9377
2026-06-08 19:39:22,284 - INFO - Epoch 8/120 | train_loss=0.0596 val_loss=0.2869 val_illicit_f1=0.5856 val_illicit_pr_auc=0.9695 monitor(val/illicit_pr_auc)=0.9695
2026-06-08 19:39:23,634 - INFO - Epoch 9/120 | train_loss=0.0541 val_loss=0.3061 val_illicit_f1=0.3817 val_illicit_pr_auc=0.9748 monitor(val/illicit_pr_auc)=0.9748
2026-06-08 19:39:24,963 - INFO - Epoch 10/120 | train_loss=0.0551 val_loss=0.1741 val_illicit_f1=0.8244 val_illicit_pr_auc=0.9283 monitor(val/illicit_pr_auc)=0.9283
2026-06-08 19:39:26,311 - INFO - Epoch 11/120 | train_loss=0.0495 val_loss=0.1397 val_illicit_f1=0.9037 val_illicit_pr_auc=0.9813 monitor(val/illicit_pr_auc)=0.9813
2026-06-08 19:39:27,628 - INFO - Epoch 12/120 | train_loss=0.0494 val_loss=0.3212 val_illicit_f1=0.4125 val_illicit_pr_auc=0.9588 monitor(val/illicit_pr_auc)=0.9588
2026-06-08 19:39:28,939 - INFO - Epoch 13/120 | train_loss=0.0390 val_loss=0.1369 val_illicit_f1=0.6762 val_illicit_pr_auc=0.9740 monitor(val/illicit_pr_auc)=0.9740
2026-06-08 19:39:30,280 - INFO - Epoch 14/120 | train_loss=0.0469 val_loss=0.3282 val_illicit_f1=0.4225 val_illicit_pr_auc=0.9303 monitor(val/illicit_pr_auc)=0.9303
2026-06-08 19:39:31,586 - INFO - Epoch 15/120 | train_loss=0.0455 val_loss=0.1735 val_illicit_f1=0.5912 val_illicit_pr_auc=0.9695 monitor(val/illicit_pr_auc)=0.9695
2026-06-08 19:39:32,936 - INFO - Epoch 16/120 | train_loss=0.0498 val_loss=0.1483 val_illicit_f1=0.6485 val_illicit_pr_auc=0.9670 monitor(val/illicit_pr_auc)=0.9670
2026-06-08 19:39:34,258 - INFO - Epoch 17/120 | train_loss=0.0512 val_loss=0.1617 val_illicit_f1=0.7152 val_illicit_pr_auc=0.9376 monitor(val/illicit_pr_auc)=0.9376
2026-06-08 19:39:35,581 - INFO - Epoch 18/120 | train_loss=0.0577 val_loss=0.1664 val_illicit_f1=0.6562 val_illicit_pr_auc=0.9157 monitor(val/illicit_pr_auc)=0.9157
2026-06-08 19:39:36,873 - INFO - Epoch 19/120 | train_loss=0.0470 val_loss=0.1761 val_illicit_f1=0.6022 val_illicit_pr_auc=0.9658 monitor(val/illicit_pr_auc)=0.9658
2026-06-08 19:39:38,196 - INFO - Epoch 20/120 | train_loss=0.0350 val_loss=0.1431 val_illicit_f1=0.6140 val_illicit_pr_auc=0.9767 monitor(val/illicit_pr_auc)=0.9767
2026-06-08 19:39:39,531 - INFO - Epoch 21/120 | train_loss=0.0369 val_loss=0.1646 val_illicit_f1=0.5793 val_illicit_pr_auc=0.9645 monitor(val/illicit_pr_auc)=0.9645
2026-06-08 19:39:40,861 - INFO - Epoch 22/120 | train_loss=0.0431 val_loss=0.2872 val_illicit_f1=0.5855 val_illicit_pr_auc=0.9511 monitor(val/illicit_pr_auc)=0.9511
2026-06-08 19:39:42,196 - INFO - Epoch 23/120 | train_loss=0.0415 val_loss=0.2820 val_illicit_f1=0.4971 val_illicit_pr_auc=0.9407 monitor(val/illicit_pr_auc)=0.9407
2026-06-08 19:39:43,531 - INFO - Epoch 24/120 | train_loss=0.0526 val_loss=0.1370 val_illicit_f1=0.6352 val_illicit_pr_auc=0.9762 monitor(val/illicit_pr_auc)=0.9762
2026-06-08 19:39:44,856 - INFO - Epoch 25/120 | train_loss=0.0444 val_loss=0.1758 val_illicit_f1=0.6490 val_illicit_pr_auc=0.9700 monitor(val/illicit_pr_auc)=0.9700
2026-06-08 19:39:46,181 - INFO - Epoch 26/120 | train_loss=0.0353 val_loss=0.1950 val_illicit_f1=0.5903 val_illicit_pr_auc=0.9700 monitor(val/illicit_pr_auc)=0.9700
2026-06-08 19:39:47,499 - INFO - Epoch 27/120 | train_loss=0.0354 val_loss=0.1406 val_illicit_f1=0.6424 val_illicit_pr_auc=0.9702 monitor(val/illicit_pr_auc)=0.9702
2026-06-08 19:39:48,814 - INFO - Epoch 28/120 | train_loss=0.0338 val_loss=0.1401 val_illicit_f1=0.6165 val_illicit_pr_auc=0.9735 monitor(val/illicit_pr_auc)=0.9735
2026-06-08 19:39:50,133 - INFO - Epoch 29/120 | train_loss=0.0337 val_loss=0.1369 val_illicit_f1=0.6085 val_illicit_pr_auc=0.9741 monitor(val/illicit_pr_auc)=0.9741
2026-06-08 19:39:51,391 - INFO - Epoch 30/120 | train_loss=0.0331 val_loss=0.1396 val_illicit_f1=0.5989 val_illicit_pr_auc=0.9768 monitor(val/illicit_pr_auc)=0.9768
2026-06-08 19:39:52,660 - INFO - Epoch 31/120 | train_loss=0.0302 val_loss=0.1307 val_illicit_f1=0.5972 val_illicit_pr_auc=0.9720 monitor(val/illicit_pr_auc)=0.9720
2026-06-08 19:39:52,660 - INFO - Early stopping at epoch 31 after 20 stale evals
2026-06-08 19:39:53,500 - INFO - Best threshold on validation (val/illicit_f1) = 0.7423 (score=0.9261)
2026-06-08 19:39:53,501 - INFO - Test metrics | Loss: 0.4203, Illicit F1: 0.8939, Illicit PR-AUC: 0.9512, Illicit ROC-AUC: 0.9798, Licit F1: 0.9962
2026-06-08 19:39:53,501 - INFO - Saved final metrics to outputs/PNA_SAMLD_seed_44/test_metrics.json
Running seed 45 with /tmp/pna_seed_45_Pic5.yaml
2026-06-08 19:39:59,858 - INFO - Using device: cuda
2026-06-08 19:39:59,858 - INFO - Loading cached PNA dataset from /home/ghonkoop/data/saml-d/pna_cache/node_features-raw_add_degree_feature-True_use_edge_features-True_edge_feature_normalize-zscore_edge_feature_clip-10.0_add_reverse_edges-False_train_ratio-0.6_val_ratio-0.2_split_mode-class_temporal_illicit_label-0_max_degree_hist-1000.pt
2026-06-08 19:40:04,945 - INFO - Loaded cached PNA dataset in 5.1s
2026-06-08 19:40:05,167 - INFO - Trainable parameters: 1037825
2026-06-08 19:40:05,233 - INFO - Using BCEWithLogitsLoss pos_weight=25.029240
2026-06-08 19:40:07,270 - INFO - Epoch 1/120 | train_loss=0.4075 val_loss=0.9140 val_illicit_f1=0.1090 val_illicit_pr_auc=0.8413 monitor(val/illicit_pr_auc)=0.8413
2026-06-08 19:40:08,628 - INFO - Epoch 2/120 | train_loss=0.0938 val_loss=0.4329 val_illicit_f1=0.4385 val_illicit_pr_auc=0.9405 monitor(val/illicit_pr_auc)=0.9405
2026-06-08 19:40:09,958 - INFO - Epoch 3/120 | train_loss=0.0731 val_loss=0.4441 val_illicit_f1=0.5174 val_illicit_pr_auc=0.9139 monitor(val/illicit_pr_auc)=0.9139
2026-06-08 19:40:11,310 - INFO - Epoch 4/120 | train_loss=0.0738 val_loss=0.2561 val_illicit_f1=0.6393 val_illicit_pr_auc=0.9760 monitor(val/illicit_pr_auc)=0.9760
2026-06-08 19:40:12,631 - INFO - Epoch 5/120 | train_loss=0.0662 val_loss=0.6554 val_illicit_f1=0.1195 val_illicit_pr_auc=0.9639 monitor(val/illicit_pr_auc)=0.9639
2026-06-08 19:40:13,900 - INFO - Epoch 6/120 | train_loss=0.0770 val_loss=0.4047 val_illicit_f1=0.2691 val_illicit_pr_auc=0.9532 monitor(val/illicit_pr_auc)=0.9532
2026-06-08 19:40:15,183 - INFO - Epoch 7/120 | train_loss=0.0525 val_loss=0.2228 val_illicit_f1=0.6345 val_illicit_pr_auc=0.9581 monitor(val/illicit_pr_auc)=0.9581
2026-06-08 19:40:16,524 - INFO - Epoch 8/120 | train_loss=0.0516 val_loss=0.1335 val_illicit_f1=0.6733 val_illicit_pr_auc=0.9729 monitor(val/illicit_pr_auc)=0.9729
2026-06-08 19:40:17,877 - INFO - Epoch 9/120 | train_loss=0.0572 val_loss=0.1655 val_illicit_f1=0.8966 val_illicit_pr_auc=0.9836 monitor(val/illicit_pr_auc)=0.9836
2026-06-08 19:40:19,181 - INFO - Epoch 10/120 | train_loss=0.0547 val_loss=0.2198 val_illicit_f1=0.6539 val_illicit_pr_auc=0.9841 monitor(val/illicit_pr_auc)=0.9841
2026-06-08 19:40:20,523 - INFO - Epoch 11/120 | train_loss=0.0683 val_loss=0.2650 val_illicit_f1=0.6061 val_illicit_pr_auc=0.9798 monitor(val/illicit_pr_auc)=0.9798
2026-06-08 19:40:21,858 - INFO - Epoch 12/120 | train_loss=0.0473 val_loss=0.1932 val_illicit_f1=0.6159 val_illicit_pr_auc=0.9780 monitor(val/illicit_pr_auc)=0.9780
2026-06-08 19:40:23,163 - INFO - Epoch 13/120 | train_loss=0.0458 val_loss=0.2944 val_illicit_f1=0.3196 val_illicit_pr_auc=0.9847 monitor(val/illicit_pr_auc)=0.9847
2026-06-08 19:40:24,461 - INFO - Epoch 14/120 | train_loss=0.0604 val_loss=0.1595 val_illicit_f1=0.8066 val_illicit_pr_auc=0.9854 monitor(val/illicit_pr_auc)=0.9854
2026-06-08 19:40:25,790 - INFO - Epoch 15/120 | train_loss=0.0576 val_loss=0.1399 val_illicit_f1=0.7935 val_illicit_pr_auc=0.9834 monitor(val/illicit_pr_auc)=0.9834
2026-06-08 19:40:27,155 - INFO - Epoch 16/120 | train_loss=0.0446 val_loss=0.2685 val_illicit_f1=0.4704 val_illicit_pr_auc=0.9898 monitor(val/illicit_pr_auc)=0.9898
2026-06-08 19:40:28,491 - INFO - Epoch 17/120 | train_loss=0.0440 val_loss=0.1898 val_illicit_f1=0.5868 val_illicit_pr_auc=0.9785 monitor(val/illicit_pr_auc)=0.9785
2026-06-08 19:40:29,817 - INFO - Epoch 18/120 | train_loss=0.0481 val_loss=0.1048 val_illicit_f1=0.9214 val_illicit_pr_auc=0.9873 monitor(val/illicit_pr_auc)=0.9873
2026-06-08 19:40:31,096 - INFO - Epoch 19/120 | train_loss=0.0493 val_loss=0.1269 val_illicit_f1=0.9086 val_illicit_pr_auc=0.9869 monitor(val/illicit_pr_auc)=0.9869
2026-06-08 19:40:32,425 - INFO - Epoch 20/120 | train_loss=0.0411 val_loss=0.1605 val_illicit_f1=0.5919 val_illicit_pr_auc=0.9785 monitor(val/illicit_pr_auc)=0.9785
2026-06-08 19:40:33,779 - INFO - Epoch 21/120 | train_loss=0.0310 val_loss=0.1195 val_illicit_f1=0.6162 val_illicit_pr_auc=0.9865 monitor(val/illicit_pr_auc)=0.9865
2026-06-08 19:40:35,117 - INFO - Epoch 22/120 | train_loss=0.0434 val_loss=0.1290 val_illicit_f1=0.6501 val_illicit_pr_auc=0.9568 monitor(val/illicit_pr_auc)=0.9568
2026-06-08 19:40:36,449 - INFO - Epoch 23/120 | train_loss=0.0459 val_loss=0.3452 val_illicit_f1=0.2901 val_illicit_pr_auc=0.9672 monitor(val/illicit_pr_auc)=0.9672
2026-06-08 19:40:37,789 - INFO - Epoch 24/120 | train_loss=0.0388 val_loss=0.2032 val_illicit_f1=0.5681 val_illicit_pr_auc=0.9807 monitor(val/illicit_pr_auc)=0.9807
2026-06-08 19:40:39,114 - INFO - Epoch 25/120 | train_loss=0.0407 val_loss=0.1525 val_illicit_f1=0.6129 val_illicit_pr_auc=0.9800 monitor(val/illicit_pr_auc)=0.9800
2026-06-08 19:40:40,424 - INFO - Epoch 26/120 | train_loss=0.0414 val_loss=0.1106 val_illicit_f1=0.6367 val_illicit_pr_auc=0.9779 monitor(val/illicit_pr_auc)=0.9779
2026-06-08 19:40:41,733 - INFO - Epoch 27/120 | train_loss=0.0394 val_loss=0.1065 val_illicit_f1=0.6439 val_illicit_pr_auc=0.9825 monitor(val/illicit_pr_auc)=0.9825
2026-06-08 19:40:43,065 - INFO - Epoch 28/120 | train_loss=0.0352 val_loss=0.1653 val_illicit_f1=0.5846 val_illicit_pr_auc=0.9777 monitor(val/illicit_pr_auc)=0.9777
2026-06-08 19:40:44,366 - INFO - Epoch 29/120 | train_loss=0.0378 val_loss=0.1924 val_illicit_f1=0.5029 val_illicit_pr_auc=0.9775 monitor(val/illicit_pr_auc)=0.9775
2026-06-08 19:40:45,693 - INFO - Epoch 30/120 | train_loss=0.0434 val_loss=0.1218 val_illicit_f1=0.6437 val_illicit_pr_auc=0.9829 monitor(val/illicit_pr_auc)=0.9829
2026-06-08 19:40:46,965 - INFO - Epoch 31/120 | train_loss=0.0357 val_loss=0.1033 val_illicit_f1=0.6450 val_illicit_pr_auc=0.9815 monitor(val/illicit_pr_auc)=0.9815
2026-06-08 19:40:48,285 - INFO - Epoch 32/120 | train_loss=0.0349 val_loss=0.1171 val_illicit_f1=0.6129 val_illicit_pr_auc=0.9839 monitor(val/illicit_pr_auc)=0.9839
2026-06-08 19:40:49,599 - INFO - Epoch 33/120 | train_loss=0.0267 val_loss=0.1614 val_illicit_f1=0.5843 val_illicit_pr_auc=0.9701 monitor(val/illicit_pr_auc)=0.9701
2026-06-08 19:40:50,928 - INFO - Epoch 34/120 | train_loss=0.0286 val_loss=0.1540 val_illicit_f1=0.5912 val_illicit_pr_auc=0.9685 monitor(val/illicit_pr_auc)=0.9685
2026-06-08 19:40:52,249 - INFO - Epoch 35/120 | train_loss=0.0246 val_loss=0.1227 val_illicit_f1=0.6215 val_illicit_pr_auc=0.9742 monitor(val/illicit_pr_auc)=0.9742
2026-06-08 19:40:53,566 - INFO - Epoch 36/120 | train_loss=0.0256 val_loss=0.1181 val_illicit_f1=0.6255 val_illicit_pr_auc=0.9761 monitor(val/illicit_pr_auc)=0.9761
2026-06-08 19:40:53,566 - INFO - Early stopping at epoch 36 after 20 stale evals
2026-06-08 19:40:54,402 - INFO - Best threshold on validation (val/illicit_f1) = 0.9038 (score=0.9379)
2026-06-08 19:40:54,403 - INFO - Test metrics | Loss: 0.6924, Illicit F1: 0.8939, Illicit PR-AUC: 0.9576, Illicit ROC-AUC: 0.9764, Licit F1: 0.9962
2026-06-08 19:40:54,403 - INFO - Saved final metrics to outputs/PNA_SAMLD_seed_45/test_metrics.json
Running seed 46 with /tmp/pna_seed_46_sHtr.yaml
2026-06-08 19:41:01,366 - INFO - Using device: cuda
2026-06-08 19:41:01,366 - INFO - Loading cached PNA dataset from /home/ghonkoop/data/saml-d/pna_cache/node_features-raw_add_degree_feature-True_use_edge_features-True_edge_feature_normalize-zscore_edge_feature_clip-10.0_add_reverse_edges-False_train_ratio-0.6_val_ratio-0.2_split_mode-class_temporal_illicit_label-0_max_degree_hist-1000.pt
2026-06-08 19:41:06,511 - INFO - Loaded cached PNA dataset in 5.1s
2026-06-08 19:41:06,735 - INFO - Trainable parameters: 1037825
2026-06-08 19:41:06,801 - INFO - Using BCEWithLogitsLoss pos_weight=25.029240
2026-06-08 19:41:08,815 - INFO - Epoch 1/120 | train_loss=0.2992 val_loss=0.6778 val_illicit_f1=0.1172 val_illicit_pr_auc=0.8337 monitor(val/illicit_pr_auc)=0.8337
2026-06-08 19:41:10,162 - INFO - Epoch 2/120 | train_loss=0.1212 val_loss=0.3494 val_illicit_f1=0.8301 val_illicit_pr_auc=0.9665 monitor(val/illicit_pr_auc)=0.9665
2026-06-08 19:41:11,429 - INFO - Epoch 3/120 | train_loss=0.0758 val_loss=0.3676 val_illicit_f1=0.5588 val_illicit_pr_auc=0.9502 monitor(val/illicit_pr_auc)=0.9502
2026-06-08 19:41:12,666 - INFO - Epoch 4/120 | train_loss=0.0611 val_loss=0.1854 val_illicit_f1=0.8747 val_illicit_pr_auc=0.9617 monitor(val/illicit_pr_auc)=0.9617
2026-06-08 19:41:13,973 - INFO - Epoch 5/120 | train_loss=0.0643 val_loss=0.6409 val_illicit_f1=0.1455 val_illicit_pr_auc=0.9611 monitor(val/illicit_pr_auc)=0.9611
2026-06-08 19:41:15,225 - INFO - Epoch 6/120 | train_loss=0.0606 val_loss=0.3568 val_illicit_f1=0.5823 val_illicit_pr_auc=0.9125 monitor(val/illicit_pr_auc)=0.9125
2026-06-08 19:41:16,571 - INFO - Epoch 7/120 | train_loss=0.0685 val_loss=0.2152 val_illicit_f1=0.6000 val_illicit_pr_auc=0.9687 monitor(val/illicit_pr_auc)=0.9687
2026-06-08 19:41:17,912 - INFO - Epoch 8/120 | train_loss=0.0582 val_loss=0.3718 val_illicit_f1=0.4685 val_illicit_pr_auc=0.9244 monitor(val/illicit_pr_auc)=0.9244
2026-06-08 19:41:19,215 - INFO - Epoch 9/120 | train_loss=0.0554 val_loss=0.2844 val_illicit_f1=0.5827 val_illicit_pr_auc=0.8878 monitor(val/illicit_pr_auc)=0.8878
2026-06-08 19:41:20,517 - INFO - Epoch 10/120 | train_loss=0.0568 val_loss=0.1624 val_illicit_f1=0.7860 val_illicit_pr_auc=0.9156 monitor(val/illicit_pr_auc)=0.9156
2026-06-08 19:41:21,873 - INFO - Epoch 11/120 | train_loss=0.0617 val_loss=0.1185 val_illicit_f1=0.6733 val_illicit_pr_auc=0.9762 monitor(val/illicit_pr_auc)=0.9762
2026-06-08 19:41:23,185 - INFO - Epoch 12/120 | train_loss=0.0772 val_loss=0.3373 val_illicit_f1=0.3935 val_illicit_pr_auc=0.9369 monitor(val/illicit_pr_auc)=0.9369
2026-06-08 19:41:24,464 - INFO - Epoch 13/120 | train_loss=0.0557 val_loss=0.2082 val_illicit_f1=0.6453 val_illicit_pr_auc=0.9680 monitor(val/illicit_pr_auc)=0.9680
2026-06-08 19:41:25,732 - INFO - Epoch 14/120 | train_loss=0.0527 val_loss=0.1500 val_illicit_f1=0.6381 val_illicit_pr_auc=0.9591 monitor(val/illicit_pr_auc)=0.9591
2026-06-08 19:41:27,028 - INFO - Epoch 15/120 | train_loss=0.0772 val_loss=0.4518 val_illicit_f1=0.2535 val_illicit_pr_auc=0.9234 monitor(val/illicit_pr_auc)=0.9234
2026-06-08 19:41:28,308 - INFO - Epoch 16/120 | train_loss=0.0473 val_loss=0.1213 val_illicit_f1=0.6707 val_illicit_pr_auc=0.9741 monitor(val/illicit_pr_auc)=0.9741
2026-06-08 19:41:29,573 - INFO - Epoch 17/120 | train_loss=0.0444 val_loss=0.2537 val_illicit_f1=0.5443 val_illicit_pr_auc=0.9746 monitor(val/illicit_pr_auc)=0.9746
2026-06-08 19:41:30,857 - INFO - Epoch 18/120 | train_loss=0.0400 val_loss=0.1718 val_illicit_f1=0.5719 val_illicit_pr_auc=0.9833 monitor(val/illicit_pr_auc)=0.9833
2026-06-08 19:41:32,173 - INFO - Epoch 19/120 | train_loss=0.0401 val_loss=0.2010 val_illicit_f1=0.8088 val_illicit_pr_auc=0.9188 monitor(val/illicit_pr_auc)=0.9188
2026-06-08 19:41:33,486 - INFO - Epoch 20/120 | train_loss=0.0444 val_loss=0.1459 val_illicit_f1=0.6134 val_illicit_pr_auc=0.9746 monitor(val/illicit_pr_auc)=0.9746
2026-06-08 19:41:34,798 - INFO - Epoch 21/120 | train_loss=0.0514 val_loss=0.1590 val_illicit_f1=0.5739 val_illicit_pr_auc=0.9725 monitor(val/illicit_pr_auc)=0.9725
2026-06-08 19:41:36,109 - INFO - Epoch 22/120 | train_loss=0.0460 val_loss=0.1258 val_illicit_f1=0.6222 val_illicit_pr_auc=0.9790 monitor(val/illicit_pr_auc)=0.9790
2026-06-08 19:41:37,415 - INFO - Epoch 23/120 | train_loss=0.0352 val_loss=0.1592 val_illicit_f1=0.5868 val_illicit_pr_auc=0.9639 monitor(val/illicit_pr_auc)=0.9639
2026-06-08 19:41:38,737 - INFO - Epoch 24/120 | train_loss=0.0327 val_loss=0.1582 val_illicit_f1=0.6433 val_illicit_pr_auc=0.9719 monitor(val/illicit_pr_auc)=0.9719
2026-06-08 19:41:40,041 - INFO - Epoch 25/120 | train_loss=0.0428 val_loss=0.3904 val_illicit_f1=0.4227 val_illicit_pr_auc=0.9696 monitor(val/illicit_pr_auc)=0.9696
2026-06-08 19:41:41,373 - INFO - Epoch 26/120 | train_loss=0.0416 val_loss=0.1138 val_illicit_f1=0.6427 val_illicit_pr_auc=0.9868 monitor(val/illicit_pr_auc)=0.9868
2026-06-08 19:41:42,679 - INFO - Epoch 27/120 | train_loss=0.0322 val_loss=0.1415 val_illicit_f1=0.5989 val_illicit_pr_auc=0.9733 monitor(val/illicit_pr_auc)=0.9733
2026-06-08 19:41:43,930 - INFO - Epoch 28/120 | train_loss=0.0291 val_loss=0.1085 val_illicit_f1=0.6627 val_illicit_pr_auc=0.9722 monitor(val/illicit_pr_auc)=0.9722
2026-06-08 19:41:45,200 - INFO - Epoch 29/120 | train_loss=0.0352 val_loss=0.1234 val_illicit_f1=0.6134 val_illicit_pr_auc=0.9813 monitor(val/illicit_pr_auc)=0.9813
2026-06-08 19:41:46,454 - INFO - Epoch 30/120 | train_loss=0.0285 val_loss=0.1242 val_illicit_f1=0.6901 val_illicit_pr_auc=0.9760 monitor(val/illicit_pr_auc)=0.9760
2026-06-08 19:41:47,719 - INFO - Epoch 31/120 | train_loss=0.0355 val_loss=0.1848 val_illicit_f1=0.5753 val_illicit_pr_auc=0.9731 monitor(val/illicit_pr_auc)=0.9731
2026-06-08 19:41:48,988 - INFO - Epoch 32/120 | train_loss=0.0299 val_loss=0.1276 val_illicit_f1=0.6157 val_illicit_pr_auc=0.9681 monitor(val/illicit_pr_auc)=0.9681
2026-06-08 19:41:50,310 - INFO - Epoch 33/120 | train_loss=0.0308 val_loss=0.1081 val_illicit_f1=0.6174 val_illicit_pr_auc=0.9827 monitor(val/illicit_pr_auc)=0.9827
2026-06-08 19:41:51,640 - INFO - Epoch 34/120 | train_loss=0.0281 val_loss=0.1028 val_illicit_f1=0.7069 val_illicit_pr_auc=0.9756 monitor(val/illicit_pr_auc)=0.9756
2026-06-08 19:41:52,958 - INFO - Epoch 35/120 | train_loss=0.0319 val_loss=0.1744 val_illicit_f1=0.5826 val_illicit_pr_auc=0.9639 monitor(val/illicit_pr_auc)=0.9639
2026-06-08 19:41:54,210 - INFO - Epoch 36/120 | train_loss=0.0275 val_loss=0.1164 val_illicit_f1=0.6330 val_illicit_pr_auc=0.9712 monitor(val/illicit_pr_auc)=0.9712
2026-06-08 19:41:55,491 - INFO - Epoch 37/120 | train_loss=0.0329 val_loss=0.1303 val_illicit_f1=0.6120 val_illicit_pr_auc=0.9703 monitor(val/illicit_pr_auc)=0.9703
2026-06-08 19:41:56,755 - INFO - Epoch 38/120 | train_loss=0.0274 val_loss=0.1099 val_illicit_f1=0.6654 val_illicit_pr_auc=0.9762 monitor(val/illicit_pr_auc)=0.9762
2026-06-08 19:41:58,040 - INFO - Epoch 39/120 | train_loss=0.0314 val_loss=0.1674 val_illicit_f1=0.5767 val_illicit_pr_auc=0.9763 monitor(val/illicit_pr_auc)=0.9763
2026-06-08 19:41:59,303 - INFO - Epoch 40/120 | train_loss=0.0273 val_loss=0.0804 val_illicit_f1=0.7780 val_illicit_pr_auc=0.9842 monitor(val/illicit_pr_auc)=0.9842
2026-06-08 19:42:00,621 - INFO - Epoch 41/120 | train_loss=0.0197 val_loss=0.0957 val_illicit_f1=0.7812 val_illicit_pr_auc=0.9772 monitor(val/illicit_pr_auc)=0.9772
2026-06-08 19:42:01,900 - INFO - Epoch 42/120 | train_loss=0.0195 val_loss=0.0810 val_illicit_f1=0.8267 val_illicit_pr_auc=0.9828 monitor(val/illicit_pr_auc)=0.9828
2026-06-08 19:42:03,193 - INFO - Epoch 43/120 | train_loss=0.0198 val_loss=0.0700 val_illicit_f1=0.8173 val_illicit_pr_auc=0.9890 monitor(val/illicit_pr_auc)=0.9890
2026-06-08 19:42:04,457 - INFO - Epoch 44/120 | train_loss=0.0173 val_loss=0.1675 val_illicit_f1=0.6194 val_illicit_pr_auc=0.9613 monitor(val/illicit_pr_auc)=0.9613
2026-06-08 19:42:05,773 - INFO - Epoch 45/120 | train_loss=0.0181 val_loss=0.1148 val_illicit_f1=0.6285 val_illicit_pr_auc=0.9840 monitor(val/illicit_pr_auc)=0.9840
2026-06-08 19:42:07,052 - INFO - Epoch 46/120 | train_loss=0.0159 val_loss=0.1142 val_illicit_f1=0.6404 val_illicit_pr_auc=0.9823 monitor(val/illicit_pr_auc)=0.9823
2026-06-08 19:42:08,310 - INFO - Epoch 47/120 | train_loss=0.0175 val_loss=0.1868 val_illicit_f1=0.6160 val_illicit_pr_auc=0.9660 monitor(val/illicit_pr_auc)=0.9660
2026-06-08 19:42:09,627 - INFO - Epoch 48/120 | train_loss=0.0163 val_loss=0.1152 val_illicit_f1=0.6462 val_illicit_pr_auc=0.9811 monitor(val/illicit_pr_auc)=0.9811
2026-06-08 19:42:10,941 - INFO - Epoch 49/120 | train_loss=0.0190 val_loss=0.0882 val_illicit_f1=0.7207 val_illicit_pr_auc=0.9843 monitor(val/illicit_pr_auc)=0.9843
2026-06-08 19:42:12,257 - INFO - Epoch 50/120 | train_loss=0.0118 val_loss=0.1117 val_illicit_f1=0.7222 val_illicit_pr_auc=0.9805 monitor(val/illicit_pr_auc)=0.9805
2026-06-08 19:42:13,579 - INFO - Epoch 51/120 | train_loss=0.0129 val_loss=0.1057 val_illicit_f1=0.6911 val_illicit_pr_auc=0.9898 monitor(val/illicit_pr_auc)=0.9898
2026-06-08 19:42:14,910 - INFO - Epoch 52/120 | train_loss=0.0138 val_loss=0.0746 val_illicit_f1=0.7440 val_illicit_pr_auc=0.9902 monitor(val/illicit_pr_auc)=0.9902
2026-06-08 19:42:16,167 - INFO - Epoch 53/120 | train_loss=0.0119 val_loss=0.1560 val_illicit_f1=0.6269 val_illicit_pr_auc=0.9692 monitor(val/illicit_pr_auc)=0.9692
2026-06-08 19:42:17,410 - INFO - Epoch 54/120 | train_loss=0.0121 val_loss=0.1124 val_illicit_f1=0.6450 val_illicit_pr_auc=0.9830 monitor(val/illicit_pr_auc)=0.9830
2026-06-08 19:42:18,716 - INFO - Epoch 55/120 | train_loss=0.0128 val_loss=0.0978 val_illicit_f1=0.7089 val_illicit_pr_auc=0.9841 monitor(val/illicit_pr_auc)=0.9841
2026-06-08 19:42:19,978 - INFO - Epoch 56/120 | train_loss=0.0145 val_loss=0.1222 val_illicit_f1=0.6602 val_illicit_pr_auc=0.9808 monitor(val/illicit_pr_auc)=0.9808
2026-06-08 19:42:21,227 - INFO - Epoch 57/120 | train_loss=0.0116 val_loss=0.1334 val_illicit_f1=0.6733 val_illicit_pr_auc=0.9789 monitor(val/illicit_pr_auc)=0.9789
2026-06-08 19:42:22,475 - INFO - Epoch 58/120 | train_loss=0.0093 val_loss=0.0974 val_illicit_f1=0.7630 val_illicit_pr_auc=0.9827 monitor(val/illicit_pr_auc)=0.9827
2026-06-08 19:42:23,743 - INFO - Epoch 59/120 | train_loss=0.0094 val_loss=0.0714 val_illicit_f1=0.8048 val_illicit_pr_auc=0.9910 monitor(val/illicit_pr_auc)=0.9910
2026-06-08 19:42:25,032 - INFO - Epoch 60/120 | train_loss=0.0085 val_loss=0.0955 val_illicit_f1=0.7664 val_illicit_pr_auc=0.9839 monitor(val/illicit_pr_auc)=0.9839
2026-06-08 19:42:26,338 - INFO - Epoch 61/120 | train_loss=0.0136 val_loss=0.1588 val_illicit_f1=0.6182 val_illicit_pr_auc=0.9735 monitor(val/illicit_pr_auc)=0.9735
2026-06-08 19:42:27,664 - INFO - Epoch 62/120 | train_loss=0.0086 val_loss=0.0984 val_illicit_f1=0.7545 val_illicit_pr_auc=0.9826 monitor(val/illicit_pr_auc)=0.9826
2026-06-08 19:42:28,937 - INFO - Epoch 63/120 | train_loss=0.0254 val_loss=0.0643 val_illicit_f1=0.8276 val_illicit_pr_auc=0.9892 monitor(val/illicit_pr_auc)=0.9892
2026-06-08 19:42:30,253 - INFO - Epoch 64/120 | train_loss=0.0154 val_loss=0.0809 val_illicit_f1=0.8048 val_illicit_pr_auc=0.9848 monitor(val/illicit_pr_auc)=0.9848
2026-06-08 19:42:31,567 - INFO - Epoch 65/120 | train_loss=0.0109 val_loss=0.1038 val_illicit_f1=0.6576 val_illicit_pr_auc=0.9813 monitor(val/illicit_pr_auc)=0.9813
2026-06-08 19:42:32,816 - INFO - Epoch 66/120 | train_loss=0.0097 val_loss=0.0897 val_illicit_f1=0.7814 val_illicit_pr_auc=0.9835 monitor(val/illicit_pr_auc)=0.9835
2026-06-08 19:42:34,079 - INFO - Epoch 67/120 | train_loss=0.0087 val_loss=0.1195 val_illicit_f1=0.6511 val_illicit_pr_auc=0.9800 monitor(val/illicit_pr_auc)=0.9800
2026-06-08 19:42:35,395 - INFO - Epoch 68/120 | train_loss=0.0079 val_loss=0.1044 val_illicit_f1=0.7179 val_illicit_pr_auc=0.9817 monitor(val/illicit_pr_auc)=0.9817
2026-06-08 19:42:36,668 - INFO - Epoch 69/120 | train_loss=0.0072 val_loss=0.1198 val_illicit_f1=0.7378 val_illicit_pr_auc=0.9788 monitor(val/illicit_pr_auc)=0.9788
2026-06-08 19:42:37,939 - INFO - Epoch 70/120 | train_loss=0.0114 val_loss=0.1001 val_illicit_f1=0.7489 val_illicit_pr_auc=0.9851 monitor(val/illicit_pr_auc)=0.9851
2026-06-08 19:42:39,240 - INFO - Epoch 71/120 | train_loss=0.0126 val_loss=0.0978 val_illicit_f1=0.7219 val_illicit_pr_auc=0.9865 monitor(val/illicit_pr_auc)=0.9865
2026-06-08 19:42:40,564 - INFO - Epoch 72/120 | train_loss=0.0135 val_loss=0.0827 val_illicit_f1=0.7981 val_illicit_pr_auc=0.9848 monitor(val/illicit_pr_auc)=0.9848
2026-06-08 19:42:41,850 - INFO - Epoch 73/120 | train_loss=0.0075 val_loss=0.0840 val_illicit_f1=0.8267 val_illicit_pr_auc=0.9848 monitor(val/illicit_pr_auc)=0.9848
2026-06-08 19:42:43,159 - INFO - Epoch 74/120 | train_loss=0.0073 val_loss=0.1094 val_illicit_f1=0.7812 val_illicit_pr_auc=0.9809 monitor(val/illicit_pr_auc)=0.9809
2026-06-08 19:42:44,482 - INFO - Epoch 75/120 | train_loss=0.0111 val_loss=0.0944 val_illicit_f1=0.7907 val_illicit_pr_auc=0.9878 monitor(val/illicit_pr_auc)=0.9878
2026-06-08 19:42:45,801 - INFO - Epoch 76/120 | train_loss=0.0089 val_loss=0.1172 val_illicit_f1=0.7012 val_illicit_pr_auc=0.9797 monitor(val/illicit_pr_auc)=0.9797
2026-06-08 19:42:47,112 - INFO - Epoch 77/120 | train_loss=0.0080 val_loss=0.1086 val_illicit_f1=0.7389 val_illicit_pr_auc=0.9808 monitor(val/illicit_pr_auc)=0.9808
2026-06-08 19:42:48,369 - INFO - Epoch 78/120 | train_loss=0.0069 val_loss=0.1008 val_illicit_f1=0.8166 val_illicit_pr_auc=0.9837 monitor(val/illicit_pr_auc)=0.9837
2026-06-08 19:42:49,670 - INFO - Epoch 79/120 | train_loss=0.0069 val_loss=0.0978 val_illicit_f1=0.8000 val_illicit_pr_auc=0.9835 monitor(val/illicit_pr_auc)=0.9835
2026-06-08 19:42:49,670 - INFO - Early stopping at epoch 79 after 20 stale evals
2026-06-08 19:42:50,514 - INFO - Best threshold on validation (val/illicit_f1) = 0.9500 (score=0.9651)
2026-06-08 19:42:50,514 - INFO - Test metrics | Loss: 0.3039, Illicit F1: 0.9313, Illicit PR-AUC: 0.9481, Illicit ROC-AUC: 0.9787, Licit F1: 0.9973
2026-06-08 19:42:50,514 - INFO - Saved final metrics to outputs/PNA_SAMLD_seed_46/test_metrics.json
