============================================================================================== 
Warning! Mixing Conda and module environments may lead to corruption of the
user environment. 
We do not recommend users mixing those two environments unless absolutely
necessary. Note that 
SURF does not provide any support for Conda environment.
For more information, please refer to our software policy page:
https://servicedesk.surf.nl/wiki/display/WIKI/Software+policy+Snellius#SoftwarepolicySnellius-UseofAnacondaandMinicondaenvironmentsonSnellius 

Remember that many packages have already been installed on the system and can
be loaded using 
the 'module load <package__name>' command. If you are uncertain if a package is
already available 
on the system, please use 'module avail' or 'module spider' to search for it.
============================================================================================== 
wandb: WARNING If you're specifying your api key in code, ensure this code is not shared publicly.
wandb: WARNING Consider setting the WANDB_API_KEY environment variable, or running `wandb login` from the command line.
wandb: [wandb.login()] Using explicit session credentials for https://api.wandb.ai.
wandb: Appending key for api.wandb.ai to your netrc file: /home/ghonkoop/.netrc
wandb: Currently logged in as: kusta (hierarchical-subgraph-transformer) to https://api.wandb.ai. Use `wandb login --relogin` to force relogin
wandb: Tracking run with wandb version 0.26.1
wandb: Run data is saved locally in /gpfs/home6/ghonkoop/repos/PNA/wandb/run-20260608_220241-v66tqpx3
wandb: Run `wandb offline` to turn off syncing.
wandb: Syncing run PNA_HIS_seed_42
wandb: ⭐️ View project at https://wandb.ai/hierarchical-subgraph-transformer/PNA
wandb: 🚀 View run at https://wandb.ai/hierarchical-subgraph-transformer/PNA/runs/v66tqpx3
/gpfs/home6/ghonkoop/repos/PNA/train.py:431: FutureWarning: You are using `torch.load` with `weights_only=False` (the current default value), which uses the default pickle module implicitly. It is possible to construct malicious pickle data which will execute arbitrary code during unpickling (See https://github.com/pytorch/pytorch/blob/main/SECURITY.md#untrusted-models for more details). In a future release, the default value for `weights_only` will be flipped to `True`. This limits the functions that could be executed during unpickling. Arbitrary objects will no longer be allowed to be loaded via this mode unless they are explicitly allowlisted by the user via `torch.serialization.add_safe_globals`. We recommend you start setting `weights_only=True` for any use case where you don't have full control of the loaded file. Please open an issue on GitHub for any issues related to this experimental feature.
  ckpt = torch.load(checkpoint_path, map_location=device)
wandb: updating run metadata
wandb: uploading wandb-summary.json; uploading config.yaml; uploading output.log
wandb: uploading history steps 92-98, summary, console lines 18-24
wandb: 
wandb: Run history:
wandb:         best_threshold ▁
wandb: checkpoint_best_metric ▁
wandb:       checkpoint_epoch ▁
wandb:                  epoch ▁▁▁▁▂▂▂▂▂▂▃▃▃▃▃▄▄▄▄▄▄▅▅▅▅▅▅▅▆▆▆▆▆▇▇▇▇▇▇█
wandb:             num_params ▁
wandb:        test/illicit_f1 ▁
wandb:    test/illicit_pr_auc ▁
wandb: test/illicit_precision ▁
wandb:    test/illicit_recall ▁
wandb:   test/illicit_roc_auc ▁
wandb:                    +29 ...
wandb: 
wandb: Run summary:
wandb:         best_threshold 0.88077
wandb: checkpoint_best_metric 0.54655
wandb:       checkpoint_epoch 78
wandb:                  epoch 98
wandb:             num_params 1038209
wandb:        test/illicit_f1 0.45769
wandb:    test/illicit_pr_auc 0.51222
wandb: test/illicit_precision 0.48178
wandb:    test/illicit_recall 0.4359
wandb:   test/illicit_roc_auc 0.95809
wandb:                    +29 ...
wandb: 
wandb: 🚀 View run PNA_HIS_seed_42 at: https://wandb.ai/hierarchical-subgraph-transformer/PNA/runs/v66tqpx3
wandb: ⭐️ View project at: https://wandb.ai/hierarchical-subgraph-transformer/PNA
wandb: Synced 5 W&B file(s), 0 media file(s), 0 artifact file(s) and 0 other file(s)
wandb: Find logs at: ./wandb/run-20260608_220241-v66tqpx3/logs
wandb: WARNING If you're specifying your api key in code, ensure this code is not shared publicly.
wandb: WARNING Consider setting the WANDB_API_KEY environment variable, or running `wandb login` from the command line.
wandb: [wandb.login()] Using explicit session credentials for https://api.wandb.ai.
wandb: Appending key for api.wandb.ai to your netrc file: /home/ghonkoop/.netrc
wandb: Currently logged in as: kusta (hierarchical-subgraph-transformer) to https://api.wandb.ai. Use `wandb login --relogin` to force relogin
wandb: Tracking run with wandb version 0.26.1
wandb: Run data is saved locally in /gpfs/home6/ghonkoop/repos/PNA/wandb/run-20260608_220558-c4bug0mb
wandb: Run `wandb offline` to turn off syncing.
wandb: Syncing run PNA_HIS_seed_43
wandb: ⭐️ View project at https://wandb.ai/hierarchical-subgraph-transformer/PNA
wandb: 🚀 View run at https://wandb.ai/hierarchical-subgraph-transformer/PNA/runs/c4bug0mb
/gpfs/home6/ghonkoop/repos/PNA/train.py:431: FutureWarning: You are using `torch.load` with `weights_only=False` (the current default value), which uses the default pickle module implicitly. It is possible to construct malicious pickle data which will execute arbitrary code during unpickling (See https://github.com/pytorch/pytorch/blob/main/SECURITY.md#untrusted-models for more details). In a future release, the default value for `weights_only` will be flipped to `True`. This limits the functions that could be executed during unpickling. Arbitrary objects will no longer be allowed to be loaded via this mode unless they are explicitly allowlisted by the user via `torch.serialization.add_safe_globals`. We recommend you start setting `weights_only=True` for any use case where you don't have full control of the loaded file. Please open an issue on GitHub for any issues related to this experimental feature.
  ckpt = torch.load(checkpoint_path, map_location=device)
wandb: updating run metadata
wandb: uploading history steps 83-90, summary, console lines 16-23
wandb: 
wandb: Run history:
wandb:         best_threshold ▁
wandb: checkpoint_best_metric ▁
wandb:       checkpoint_epoch ▁
wandb:                  epoch ▁▁▁▁▁▂▂▂▂▂▃▃▃▃▃▄▄▄▄▄▄▄▅▅▅▅▅▅▆▆▆▇▇▇▇▇▇███
wandb:             num_params ▁
wandb:        test/illicit_f1 ▁
wandb:    test/illicit_pr_auc ▁
wandb: test/illicit_precision ▁
wandb:    test/illicit_recall ▁
wandb:   test/illicit_roc_auc ▁
wandb:                    +29 ...
wandb: 
wandb: Run summary:
wandb:         best_threshold 0.88077
wandb: checkpoint_best_metric 0.54492
wandb:       checkpoint_epoch 70
wandb:                  epoch 90
wandb:             num_params 1038209
wandb:        test/illicit_f1 0.44023
wandb:    test/illicit_pr_auc 0.51431
wandb: test/illicit_precision 0.45669
wandb:    test/illicit_recall 0.42491
wandb:   test/illicit_roc_auc 0.95706
wandb:                    +29 ...
wandb: 
wandb: 🚀 View run PNA_HIS_seed_43 at: https://wandb.ai/hierarchical-subgraph-transformer/PNA/runs/c4bug0mb
wandb: ⭐️ View project at: https://wandb.ai/hierarchical-subgraph-transformer/PNA
wandb: Synced 5 W&B file(s), 0 media file(s), 0 artifact file(s) and 0 other file(s)
wandb: Find logs at: ./wandb/run-20260608_220558-c4bug0mb/logs
wandb: WARNING If you're specifying your api key in code, ensure this code is not shared publicly.
wandb: WARNING Consider setting the WANDB_API_KEY environment variable, or running `wandb login` from the command line.
wandb: [wandb.login()] Using explicit session credentials for https://api.wandb.ai.
wandb: Appending key for api.wandb.ai to your netrc file: /home/ghonkoop/.netrc
wandb: Currently logged in as: kusta (hierarchical-subgraph-transformer) to https://api.wandb.ai. Use `wandb login --relogin` to force relogin
wandb: Tracking run with wandb version 0.26.1
wandb: Run data is saved locally in /gpfs/home6/ghonkoop/repos/PNA/wandb/run-20260608_220900-ge9dvnly
wandb: Run `wandb offline` to turn off syncing.
wandb: Syncing run PNA_HIS_seed_44
wandb: ⭐️ View project at https://wandb.ai/hierarchical-subgraph-transformer/PNA
wandb: 🚀 View run at https://wandb.ai/hierarchical-subgraph-transformer/PNA/runs/ge9dvnly
/gpfs/home6/ghonkoop/repos/PNA/train.py:431: FutureWarning: You are using `torch.load` with `weights_only=False` (the current default value), which uses the default pickle module implicitly. It is possible to construct malicious pickle data which will execute arbitrary code during unpickling (See https://github.com/pytorch/pytorch/blob/main/SECURITY.md#untrusted-models for more details). In a future release, the default value for `weights_only` will be flipped to `True`. This limits the functions that could be executed during unpickling. Arbitrary objects will no longer be allowed to be loaded via this mode unless they are explicitly allowlisted by the user via `torch.serialization.add_safe_globals`. We recommend you start setting `weights_only=True` for any use case where you don't have full control of the loaded file. Please open an issue on GitHub for any issues related to this experimental feature.
  ckpt = torch.load(checkpoint_path, map_location=device)
wandb: updating run metadata
wandb: uploading output.log; uploading wandb-summary.json; uploading config.yaml
wandb: 
wandb: Run history:
wandb:         best_threshold ▁
wandb: checkpoint_best_metric ▁
wandb:       checkpoint_epoch ▁
wandb:                  epoch ▁▁▁▁▁▂▂▂▂▂▃▃▃▃▃▄▄▄▄▄▄▅▅▅▅▅▅▅▅▆▆▆▆▇▇▇▇███
wandb:             num_params ▁
wandb:        test/illicit_f1 ▁
wandb:    test/illicit_pr_auc ▁
wandb: test/illicit_precision ▁
wandb:    test/illicit_recall ▁
wandb:   test/illicit_roc_auc ▁
wandb:                    +29 ...
wandb: 
wandb: Run summary:
wandb:         best_threshold 0.85769
wandb: checkpoint_best_metric 0.55565
wandb:       checkpoint_epoch 99
wandb:                  epoch 119
wandb:             num_params 1038209
wandb:        test/illicit_f1 0.46984
wandb:    test/illicit_pr_auc 0.51769
wandb: test/illicit_precision 0.41457
wandb:    test/illicit_recall 0.54212
wandb:   test/illicit_roc_auc 0.95769
wandb:                    +29 ...
wandb: 
wandb: 🚀 View run PNA_HIS_seed_44 at: https://wandb.ai/hierarchical-subgraph-transformer/PNA/runs/ge9dvnly
wandb: ⭐️ View project at: https://wandb.ai/hierarchical-subgraph-transformer/PNA
wandb: Synced 5 W&B file(s), 0 media file(s), 0 artifact file(s) and 0 other file(s)
wandb: Find logs at: ./wandb/run-20260608_220900-ge9dvnly/logs
wandb: WARNING If you're specifying your api key in code, ensure this code is not shared publicly.
wandb: WARNING Consider setting the WANDB_API_KEY environment variable, or running `wandb login` from the command line.
wandb: [wandb.login()] Using explicit session credentials for https://api.wandb.ai.
wandb: Appending key for api.wandb.ai to your netrc file: /home/ghonkoop/.netrc
wandb: Currently logged in as: kusta (hierarchical-subgraph-transformer) to https://api.wandb.ai. Use `wandb login --relogin` to force relogin
wandb: Tracking run with wandb version 0.26.1
wandb: Run data is saved locally in /gpfs/home6/ghonkoop/repos/PNA/wandb/run-20260608_221254-fgd4wc4q
wandb: Run `wandb offline` to turn off syncing.
wandb: Syncing run PNA_HIS_seed_45
wandb: ⭐️ View project at https://wandb.ai/hierarchical-subgraph-transformer/PNA
wandb: 🚀 View run at https://wandb.ai/hierarchical-subgraph-transformer/PNA/runs/fgd4wc4q
/gpfs/home6/ghonkoop/repos/PNA/train.py:431: FutureWarning: You are using `torch.load` with `weights_only=False` (the current default value), which uses the default pickle module implicitly. It is possible to construct malicious pickle data which will execute arbitrary code during unpickling (See https://github.com/pytorch/pytorch/blob/main/SECURITY.md#untrusted-models for more details). In a future release, the default value for `weights_only` will be flipped to `True`. This limits the functions that could be executed during unpickling. Arbitrary objects will no longer be allowed to be loaded via this mode unless they are explicitly allowlisted by the user via `torch.serialization.add_safe_globals`. We recommend you start setting `weights_only=True` for any use case where you don't have full control of the loaded file. Please open an issue on GitHub for any issues related to this experimental feature.
  ckpt = torch.load(checkpoint_path, map_location=device)
wandb: updating run metadata
wandb: uploading output.log; uploading wandb-summary.json; uploading config.yaml
wandb: 
wandb: Run history:
wandb:         best_threshold ▁
wandb: checkpoint_best_metric ▁
wandb:       checkpoint_epoch ▁
wandb:                  epoch ▁▁▂▂▂▂▂▃▃▃▃▃▃▃▃▄▄▄▄▄▅▅▅▅▅▅▅▅▆▆▆▆▆▇▇▇▇▇██
wandb:             num_params ▁
wandb:        test/illicit_f1 ▁
wandb:    test/illicit_pr_auc ▁
wandb: test/illicit_precision ▁
wandb:    test/illicit_recall ▁
wandb:   test/illicit_roc_auc ▁
wandb:                    +29 ...
wandb: 
wandb: Run summary:
wandb:         best_threshold 0.88077
wandb: checkpoint_best_metric 0.55952
wandb:       checkpoint_epoch 120
wandb:                  epoch 140
wandb:             num_params 1038209
wandb:        test/illicit_f1 0.46713
wandb:    test/illicit_pr_auc 0.52285
wandb: test/illicit_precision 0.44262
wandb:    test/illicit_recall 0.49451
wandb:   test/illicit_roc_auc 0.9588
wandb:                    +29 ...
wandb: 
wandb: 🚀 View run PNA_HIS_seed_45 at: https://wandb.ai/hierarchical-subgraph-transformer/PNA/runs/fgd4wc4q
wandb: ⭐️ View project at: https://wandb.ai/hierarchical-subgraph-transformer/PNA
wandb: Synced 5 W&B file(s), 0 media file(s), 0 artifact file(s) and 0 other file(s)
wandb: Find logs at: ./wandb/run-20260608_221254-fgd4wc4q/logs
wandb: WARNING If you're specifying your api key in code, ensure this code is not shared publicly.
wandb: WARNING Consider setting the WANDB_API_KEY environment variable, or running `wandb login` from the command line.
wandb: [wandb.login()] Using explicit session credentials for https://api.wandb.ai.
wandb: Appending key for api.wandb.ai to your netrc file: /home/ghonkoop/.netrc
wandb: Currently logged in as: kusta (hierarchical-subgraph-transformer) to https://api.wandb.ai. Use `wandb login --relogin` to force relogin
wandb: Tracking run with wandb version 0.26.1
wandb: Run data is saved locally in /gpfs/home6/ghonkoop/repos/PNA/wandb/run-20260608_221729-wuo5mf5r
wandb: Run `wandb offline` to turn off syncing.
wandb: Syncing run PNA_HIS_seed_46
wandb: ⭐️ View project at https://wandb.ai/hierarchical-subgraph-transformer/PNA
wandb: 🚀 View run at https://wandb.ai/hierarchical-subgraph-transformer/PNA/runs/wuo5mf5r
/gpfs/home6/ghonkoop/repos/PNA/train.py:431: FutureWarning: You are using `torch.load` with `weights_only=False` (the current default value), which uses the default pickle module implicitly. It is possible to construct malicious pickle data which will execute arbitrary code during unpickling (See https://github.com/pytorch/pytorch/blob/main/SECURITY.md#untrusted-models for more details). In a future release, the default value for `weights_only` will be flipped to `True`. This limits the functions that could be executed during unpickling. Arbitrary objects will no longer be allowed to be loaded via this mode unless they are explicitly allowlisted by the user via `torch.serialization.add_safe_globals`. We recommend you start setting `weights_only=True` for any use case where you don't have full control of the loaded file. Please open an issue on GitHub for any issues related to this experimental feature.
  ckpt = torch.load(checkpoint_path, map_location=device)
wandb: uploading output.log; uploading wandb-summary.json; uploading config.yaml
wandb: 
wandb: Run history:
wandb:         best_threshold ▁
wandb: checkpoint_best_metric ▁
wandb:       checkpoint_epoch ▁
wandb:                  epoch ▁▁▁▂▂▂▃▃▃▃▃▃▃▄▄▄▄▄▄▄▅▅▅▅▅▅▅▆▆▆▆▇▇▇▇▇████
wandb:             num_params ▁
wandb:        test/illicit_f1 ▁
wandb:    test/illicit_pr_auc ▁
wandb: test/illicit_precision ▁
wandb:    test/illicit_recall ▁
wandb:   test/illicit_roc_auc ▁
wandb:                    +29 ...
wandb: 
wandb: Run summary:
wandb:         best_threshold 0.83462
wandb: checkpoint_best_metric 0.5409
wandb:       checkpoint_epoch 81
wandb:                  epoch 101
wandb:             num_params 1038209
wandb:        test/illicit_f1 0.45854
wandb:    test/illicit_pr_auc 0.51451
wandb: test/illicit_precision 0.41228
wandb:    test/illicit_recall 0.51648
wandb:   test/illicit_roc_auc 0.95777
wandb:                    +29 ...
wandb: 
wandb: 🚀 View run PNA_HIS_seed_46 at: https://wandb.ai/hierarchical-subgraph-transformer/PNA/runs/wuo5mf5r
wandb: ⭐️ View project at: https://wandb.ai/hierarchical-subgraph-transformer/PNA
wandb: Synced 5 W&B file(s), 0 media file(s), 0 artifact file(s) and 0 other file(s)
wandb: Find logs at: ./wandb/run-20260608_221729-wuo5mf5r/logs
