======================================================
  PNA Seed sweep
======================================================
  Job ID       : 23590312
  Config       : configs/aml/HIM-2.yaml
  Resume       : 0
  Python       : python3.11
  Started at   : Mon Jun  8 10:02:54 PM CEST 2026
======================================================

================================================================================
  Seed 1/5
================================================================================
  Seed         : 42
  Run name     : PNA_HIM-2_seed_42
  Temp config  : /tmp/pna_seed_42_5ADJ.yaml
  Metrics file : outputs/PNA_HIM-2_seed_42/test_metrics.json
  Started at   : Mon Jun  8 10:02:54 PM CEST 2026
--------------------------------------------------------------------------------

2026-06-08 22:02:59,951 - INFO - Using device: cuda
2026-06-08 22:02:59,953 - INFO - Loading cached PNA dataset from /home/ghonkoop/data/aml/HI-Medium/pna_cache/node_features-raw_add_degree_feature-True_use_edge_features-True_edge_feature_normalize-zscore_edge_feature_clip-10.0_add_reverse_edges-False_train_ratio-0.6_val_ratio-0.2_split_mode-class_temporal_illicit_label-0_max_degree_hist-1000.pt
2026-06-08 22:03:37,561 - INFO - Loaded cached PNA dataset in 37.6s
2026-06-08 22:03:37,822 - INFO - Trainable parameters: 1038209
2026-06-08 22:03:39,713 - INFO - Using BCEWithLogitsLoss pos_weight=17.541267
2026-06-08 22:04:28,343 - INFO - Epoch 5/150 | train_loss=0.5719 val_loss=0.4742 val_illicit_f1=0.3978 val_illicit_pr_auc=0.5364 monitor(val/illicit_pr_auc)=0.5364
2026-06-08 22:05:14,800 - INFO - Epoch 10/150 | train_loss=0.4393 val_loss=0.4588 val_illicit_f1=0.4171 val_illicit_pr_auc=0.5612 monitor(val/illicit_pr_auc)=0.5612
2026-06-08 22:06:00,854 - INFO - Epoch 15/150 | train_loss=0.4573 val_loss=0.4438 val_illicit_f1=0.4192 val_illicit_pr_auc=0.5796 monitor(val/illicit_pr_auc)=0.5796
2026-06-08 22:06:46,818 - INFO - Epoch 20/150 | train_loss=0.3825 val_loss=0.4300 val_illicit_f1=0.4073 val_illicit_pr_auc=0.5958 monitor(val/illicit_pr_auc)=0.5958
2026-06-08 22:07:32,918 - INFO - Epoch 25/150 | train_loss=0.3696 val_loss=0.4392 val_illicit_f1=0.4113 val_illicit_pr_auc=0.5978 monitor(val/illicit_pr_auc)=0.5978
2026-06-08 22:08:19,386 - INFO - Epoch 30/150 | train_loss=0.3567 val_loss=0.4372 val_illicit_f1=0.4157 val_illicit_pr_auc=0.5977 monitor(val/illicit_pr_auc)=0.5977
2026-06-08 22:09:05,742 - INFO - Epoch 35/150 | train_loss=0.3599 val_loss=1.4905 val_illicit_f1=0.1041 val_illicit_pr_auc=0.3196 monitor(val/illicit_pr_auc)=0.3196
2026-06-08 22:09:52,123 - INFO - Epoch 40/150 | train_loss=0.3523 val_loss=0.4327 val_illicit_f1=0.4129 val_illicit_pr_auc=0.6068 monitor(val/illicit_pr_auc)=0.6068
2026-06-08 22:10:38,142 - INFO - Epoch 45/150 | train_loss=0.3477 val_loss=0.4280 val_illicit_f1=0.4125 val_illicit_pr_auc=0.6115 monitor(val/illicit_pr_auc)=0.6115
2026-06-08 22:11:24,610 - INFO - Epoch 50/150 | train_loss=0.4009 val_loss=1.9376 val_illicit_f1=0.1029 val_illicit_pr_auc=0.2154 monitor(val/illicit_pr_auc)=0.2154
2026-06-08 22:12:10,481 - INFO - Epoch 55/150 | train_loss=0.3353 val_loss=0.4385 val_illicit_f1=0.4153 val_illicit_pr_auc=0.6127 monitor(val/illicit_pr_auc)=0.6127
2026-06-08 22:12:56,503 - INFO - Epoch 60/150 | train_loss=0.3298 val_loss=0.4433 val_illicit_f1=0.4145 val_illicit_pr_auc=0.6067 monitor(val/illicit_pr_auc)=0.6067
2026-06-08 22:13:42,496 - INFO - Epoch 65/150 | train_loss=0.3272 val_loss=0.4470 val_illicit_f1=0.4138 val_illicit_pr_auc=0.6100 monitor(val/illicit_pr_auc)=0.6100
2026-06-08 22:14:28,532 - INFO - Epoch 70/150 | train_loss=0.3275 val_loss=0.4627 val_illicit_f1=0.3969 val_illicit_pr_auc=0.6102 monitor(val/illicit_pr_auc)=0.6102
2026-06-08 22:15:14,897 - INFO - Epoch 75/150 | train_loss=0.3373 val_loss=0.6478 val_illicit_f1=0.2965 val_illicit_pr_auc=0.5351 monitor(val/illicit_pr_auc)=0.5351
2026-06-08 22:16:01,613 - INFO - Epoch 80/150 | train_loss=0.3204 val_loss=0.4562 val_illicit_f1=0.4145 val_illicit_pr_auc=0.6192 monitor(val/illicit_pr_auc)=0.6192
2026-06-08 22:16:47,973 - INFO - Epoch 85/150 | train_loss=0.4415 val_loss=0.4926 val_illicit_f1=0.3480 val_illicit_pr_auc=0.6025 monitor(val/illicit_pr_auc)=0.6025
2026-06-08 22:17:34,009 - INFO - Epoch 90/150 | train_loss=0.3190 val_loss=0.4728 val_illicit_f1=0.4196 val_illicit_pr_auc=0.6202 monitor(val/illicit_pr_auc)=0.6202
2026-06-08 22:18:20,702 - INFO - Epoch 95/150 | train_loss=0.3125 val_loss=0.4862 val_illicit_f1=0.4238 val_illicit_pr_auc=0.6183 monitor(val/illicit_pr_auc)=0.6183
2026-06-08 22:19:06,570 - INFO - Epoch 100/150 | train_loss=0.3097 val_loss=1.2911 val_illicit_f1=0.1636 val_illicit_pr_auc=0.3605 monitor(val/illicit_pr_auc)=0.3605
2026-06-08 22:19:52,766 - INFO - Epoch 105/150 | train_loss=0.3109 val_loss=0.4499 val_illicit_f1=0.4172 val_illicit_pr_auc=0.6248 monitor(val/illicit_pr_auc)=0.6248
2026-06-08 22:20:39,152 - INFO - Epoch 110/150 | train_loss=0.3062 val_loss=0.4815 val_illicit_f1=0.4209 val_illicit_pr_auc=0.6200 monitor(val/illicit_pr_auc)=0.6200
2026-06-08 22:21:25,535 - INFO - Epoch 115/150 | train_loss=0.3055 val_loss=0.4824 val_illicit_f1=0.4224 val_illicit_pr_auc=0.6234 monitor(val/illicit_pr_auc)=0.6234
2026-06-08 22:22:11,970 - INFO - Epoch 120/150 | train_loss=0.3289 val_loss=0.4879 val_illicit_f1=0.4227 val_illicit_pr_auc=0.6221 monitor(val/illicit_pr_auc)=0.6221
2026-06-08 22:22:58,078 - INFO - Epoch 125/150 | train_loss=0.3014 val_loss=0.5035 val_illicit_f1=0.4245 val_illicit_pr_auc=0.6236 monitor(val/illicit_pr_auc)=0.6236
2026-06-08 22:23:25,808 - INFO - Early stopping at epoch 128 after 20 stale evals
2026-06-08 22:23:29,672 - INFO - Best threshold on validation (val/illicit_f1) = 0.8577 (score=0.5529)
2026-06-08 22:23:29,673 - INFO - Test metrics | Loss: 0.4781, Illicit F1: 0.5427, Illicit PR-AUC: 0.6327, Illicit ROC-AUC: 0.9638, Licit F1: 0.9757
2026-06-08 22:23:29,673 - INFO - Saved final metrics to outputs/PNA_HIM-2_seed_42/test_metrics.json

--------------------------------------------------------------------------------
  Seed 42 completed at Mon Jun  8 10:23:33 PM CEST 2026
  Metrics file: outputs/PNA_HIM-2_seed_42/test_metrics.json
================================================================================

================================================================================
  Seed 2/5
================================================================================
  Seed         : 43
  Run name     : PNA_HIM-2_seed_43
  Temp config  : /tmp/pna_seed_43_SEwT.yaml
  Metrics file : outputs/PNA_HIM-2_seed_43/test_metrics.json
  Started at   : Mon Jun  8 10:23:33 PM CEST 2026
--------------------------------------------------------------------------------

2026-06-08 22:23:38,942 - INFO - Using device: cuda
2026-06-08 22:23:38,943 - INFO - Loading cached PNA dataset from /home/ghonkoop/data/aml/HI-Medium/pna_cache/node_features-raw_add_degree_feature-True_use_edge_features-True_edge_feature_normalize-zscore_edge_feature_clip-10.0_add_reverse_edges-False_train_ratio-0.6_val_ratio-0.2_split_mode-class_temporal_illicit_label-0_max_degree_hist-1000.pt
2026-06-08 22:24:17,328 - INFO - Loaded cached PNA dataset in 38.4s
2026-06-08 22:24:17,612 - INFO - Trainable parameters: 1038209
2026-06-08 22:24:19,488 - INFO - Using BCEWithLogitsLoss pos_weight=17.541267
2026-06-08 22:25:08,577 - INFO - Epoch 5/150 | train_loss=0.6858 val_loss=0.7562 val_illicit_f1=0.2345 val_illicit_pr_auc=0.4830 monitor(val/illicit_pr_auc)=0.4830
2026-06-08 22:25:55,153 - INFO - Epoch 10/150 | train_loss=0.4558 val_loss=0.4752 val_illicit_f1=0.3998 val_illicit_pr_auc=0.5473 monitor(val/illicit_pr_auc)=0.5473
2026-06-08 22:26:42,168 - INFO - Epoch 15/150 | train_loss=0.6195 val_loss=0.4435 val_illicit_f1=0.4039 val_illicit_pr_auc=0.5739 monitor(val/illicit_pr_auc)=0.5739
2026-06-08 22:27:28,305 - INFO - Epoch 20/150 | train_loss=0.3877 val_loss=0.4437 val_illicit_f1=0.4081 val_illicit_pr_auc=0.5907 monitor(val/illicit_pr_auc)=0.5907
2026-06-08 22:28:15,145 - INFO - Epoch 25/150 | train_loss=0.3652 val_loss=0.4505 val_illicit_f1=0.4060 val_illicit_pr_auc=0.5915 monitor(val/illicit_pr_auc)=0.5915
2026-06-08 22:29:02,392 - INFO - Epoch 30/150 | train_loss=0.3685 val_loss=0.4349 val_illicit_f1=0.4010 val_illicit_pr_auc=0.5987 monitor(val/illicit_pr_auc)=0.5987
2026-06-08 22:29:48,964 - INFO - Epoch 35/150 | train_loss=0.3594 val_loss=0.4395 val_illicit_f1=0.4066 val_illicit_pr_auc=0.5996 monitor(val/illicit_pr_auc)=0.5996
2026-06-08 22:30:35,950 - INFO - Epoch 40/150 | train_loss=0.3528 val_loss=0.4411 val_illicit_f1=0.4193 val_illicit_pr_auc=0.6008 monitor(val/illicit_pr_auc)=0.6008
2026-06-08 22:31:22,321 - INFO - Epoch 45/150 | train_loss=0.5394 val_loss=0.4349 val_illicit_f1=0.4212 val_illicit_pr_auc=0.6064 monitor(val/illicit_pr_auc)=0.6064
2026-06-08 22:32:09,011 - INFO - Epoch 50/150 | train_loss=0.3436 val_loss=0.4498 val_illicit_f1=0.4185 val_illicit_pr_auc=0.6089 monitor(val/illicit_pr_auc)=0.6089
2026-06-08 22:32:55,762 - INFO - Epoch 55/150 | train_loss=0.3316 val_loss=0.4420 val_illicit_f1=0.4117 val_illicit_pr_auc=0.6085 monitor(val/illicit_pr_auc)=0.6085
2026-06-08 22:33:42,768 - INFO - Epoch 60/150 | train_loss=0.3320 val_loss=0.4297 val_illicit_f1=0.4116 val_illicit_pr_auc=0.6107 monitor(val/illicit_pr_auc)=0.6107
2026-06-08 22:34:29,766 - INFO - Epoch 65/150 | train_loss=0.3259 val_loss=0.4695 val_illicit_f1=0.4200 val_illicit_pr_auc=0.6125 monitor(val/illicit_pr_auc)=0.6125
2026-06-08 22:35:16,772 - INFO - Epoch 70/150 | train_loss=0.3297 val_loss=0.4321 val_illicit_f1=0.4173 val_illicit_pr_auc=0.6163 monitor(val/illicit_pr_auc)=0.6163
2026-06-08 22:36:04,072 - INFO - Epoch 75/150 | train_loss=0.3249 val_loss=0.4562 val_illicit_f1=0.4206 val_illicit_pr_auc=0.6138 monitor(val/illicit_pr_auc)=0.6138
2026-06-08 22:36:50,638 - INFO - Epoch 80/150 | train_loss=0.3188 val_loss=0.4611 val_illicit_f1=0.4175 val_illicit_pr_auc=0.6198 monitor(val/illicit_pr_auc)=0.6198
2026-06-08 22:37:37,440 - INFO - Epoch 85/150 | train_loss=0.3195 val_loss=0.4589 val_illicit_f1=0.4189 val_illicit_pr_auc=0.6184 monitor(val/illicit_pr_auc)=0.6184
2026-06-08 22:38:24,136 - INFO - Epoch 90/150 | train_loss=0.3106 val_loss=0.4530 val_illicit_f1=0.4157 val_illicit_pr_auc=0.6187 monitor(val/illicit_pr_auc)=0.6187
2026-06-08 22:39:10,908 - INFO - Epoch 95/150 | train_loss=0.3111 val_loss=0.4982 val_illicit_f1=0.3390 val_illicit_pr_auc=0.5944 monitor(val/illicit_pr_auc)=0.5944
2026-06-08 22:39:57,856 - INFO - Epoch 100/150 | train_loss=0.3099 val_loss=0.4609 val_illicit_f1=0.4173 val_illicit_pr_auc=0.6217 monitor(val/illicit_pr_auc)=0.6217
2026-06-08 22:40:44,644 - INFO - Epoch 105/150 | train_loss=0.3148 val_loss=0.4868 val_illicit_f1=0.4202 val_illicit_pr_auc=0.6239 monitor(val/illicit_pr_auc)=0.6239
2026-06-08 22:41:31,510 - INFO - Epoch 110/150 | train_loss=0.3076 val_loss=0.4637 val_illicit_f1=0.4172 val_illicit_pr_auc=0.6269 monitor(val/illicit_pr_auc)=0.6269
2026-06-08 22:42:18,421 - INFO - Epoch 115/150 | train_loss=0.3037 val_loss=0.4692 val_illicit_f1=0.4167 val_illicit_pr_auc=0.6248 monitor(val/illicit_pr_auc)=0.6248
2026-06-08 22:43:05,300 - INFO - Epoch 120/150 | train_loss=0.3005 val_loss=0.4758 val_illicit_f1=0.4211 val_illicit_pr_auc=0.6317 monitor(val/illicit_pr_auc)=0.6317
2026-06-08 22:43:51,914 - INFO - Epoch 125/150 | train_loss=0.3038 val_loss=0.4764 val_illicit_f1=0.4200 val_illicit_pr_auc=0.6289 monitor(val/illicit_pr_auc)=0.6289
2026-06-08 22:44:38,808 - INFO - Epoch 130/150 | train_loss=0.2991 val_loss=0.4822 val_illicit_f1=0.4173 val_illicit_pr_auc=0.6299 monitor(val/illicit_pr_auc)=0.6299
2026-06-08 22:45:25,273 - INFO - Epoch 135/150 | train_loss=0.2969 val_loss=0.4872 val_illicit_f1=0.4178 val_illicit_pr_auc=0.6324 monitor(val/illicit_pr_auc)=0.6324
2026-06-08 22:46:12,302 - INFO - Epoch 140/150 | train_loss=0.2964 val_loss=1.5121 val_illicit_f1=0.1280 val_illicit_pr_auc=0.3183 monitor(val/illicit_pr_auc)=0.3183
2026-06-08 22:46:59,175 - INFO - Epoch 145/150 | train_loss=0.4402 val_loss=0.5480 val_illicit_f1=0.4206 val_illicit_pr_auc=0.6301 monitor(val/illicit_pr_auc)=0.6301
2026-06-08 22:47:45,542 - INFO - Epoch 150/150 | train_loss=0.2916 val_loss=0.5039 val_illicit_f1=0.4224 val_illicit_pr_auc=0.6330 monitor(val/illicit_pr_auc)=0.6330
2026-06-08 22:47:49,333 - INFO - Best threshold on validation (val/illicit_f1) = 0.8808 (score=0.5650)
2026-06-08 22:47:49,333 - INFO - Test metrics | Loss: 0.5278, Illicit F1: 0.5657, Illicit PR-AUC: 0.6374, Illicit ROC-AUC: 0.9648, Licit F1: 0.9756
2026-06-08 22:47:49,333 - INFO - Saved final metrics to outputs/PNA_HIM-2_seed_43/test_metrics.json

--------------------------------------------------------------------------------
  Seed 43 completed at Mon Jun  8 10:47:52 PM CEST 2026
  Metrics file: outputs/PNA_HIM-2_seed_43/test_metrics.json
================================================================================

================================================================================
  Seed 3/5
================================================================================
  Seed         : 44
  Run name     : PNA_HIM-2_seed_44
  Temp config  : /tmp/pna_seed_44_YQD0.yaml
  Metrics file : outputs/PNA_HIM-2_seed_44/test_metrics.json
  Started at   : Mon Jun  8 10:47:52 PM CEST 2026
--------------------------------------------------------------------------------

2026-06-08 22:47:58,986 - INFO - Using device: cuda
2026-06-08 22:47:58,986 - INFO - Loading cached PNA dataset from /home/ghonkoop/data/aml/HI-Medium/pna_cache/node_features-raw_add_degree_feature-True_use_edge_features-True_edge_feature_normalize-zscore_edge_feature_clip-10.0_add_reverse_edges-False_train_ratio-0.6_val_ratio-0.2_split_mode-class_temporal_illicit_label-0_max_degree_hist-1000.pt
2026-06-08 22:48:36,834 - INFO - Loaded cached PNA dataset in 37.8s
2026-06-08 22:48:37,103 - INFO - Trainable parameters: 1038209
2026-06-08 22:48:39,026 - INFO - Using BCEWithLogitsLoss pos_weight=17.541267
2026-06-08 22:49:27,775 - INFO - Epoch 5/150 | train_loss=0.8357 val_loss=0.5578 val_illicit_f1=0.3183 val_illicit_pr_auc=0.5278 monitor(val/illicit_pr_auc)=0.5278
2026-06-08 22:50:14,323 - INFO - Epoch 10/150 | train_loss=0.4390 val_loss=0.4543 val_illicit_f1=0.4192 val_illicit_pr_auc=0.5741 monitor(val/illicit_pr_auc)=0.5741
2026-06-08 22:51:01,010 - INFO - Epoch 15/150 | train_loss=0.3891 val_loss=0.4730 val_illicit_f1=0.4145 val_illicit_pr_auc=0.5629 monitor(val/illicit_pr_auc)=0.5629
2026-06-08 22:51:47,374 - INFO - Epoch 20/150 | train_loss=0.4080 val_loss=0.4517 val_illicit_f1=0.4161 val_illicit_pr_auc=0.5924 monitor(val/illicit_pr_auc)=0.5924
2026-06-08 22:52:34,060 - INFO - Epoch 25/150 | train_loss=0.3862 val_loss=0.4407 val_illicit_f1=0.4132 val_illicit_pr_auc=0.5960 monitor(val/illicit_pr_auc)=0.5960
2026-06-08 22:53:20,772 - INFO - Epoch 30/150 | train_loss=0.3741 val_loss=0.4366 val_illicit_f1=0.4029 val_illicit_pr_auc=0.6022 monitor(val/illicit_pr_auc)=0.6022
2026-06-08 22:54:07,206 - INFO - Epoch 35/150 | train_loss=0.3872 val_loss=0.4380 val_illicit_f1=0.4097 val_illicit_pr_auc=0.6045 monitor(val/illicit_pr_auc)=0.6045
2026-06-08 22:54:53,591 - INFO - Epoch 40/150 | train_loss=0.3527 val_loss=0.4443 val_illicit_f1=0.4091 val_illicit_pr_auc=0.6094 monitor(val/illicit_pr_auc)=0.6094
2026-06-08 22:55:39,521 - INFO - Epoch 45/150 | train_loss=0.3476 val_loss=0.4646 val_illicit_f1=0.4370 val_illicit_pr_auc=0.6065 monitor(val/illicit_pr_auc)=0.6065
2026-06-08 22:56:25,977 - INFO - Epoch 50/150 | train_loss=0.3475 val_loss=0.4364 val_illicit_f1=0.4069 val_illicit_pr_auc=0.6105 monitor(val/illicit_pr_auc)=0.6105
2026-06-08 22:57:12,675 - INFO - Epoch 55/150 | train_loss=0.3407 val_loss=0.4259 val_illicit_f1=0.4106 val_illicit_pr_auc=0.6162 monitor(val/illicit_pr_auc)=0.6162
2026-06-08 22:57:59,319 - INFO - Epoch 60/150 | train_loss=0.3311 val_loss=0.4373 val_illicit_f1=0.4129 val_illicit_pr_auc=0.6165 monitor(val/illicit_pr_auc)=0.6165
2026-06-08 22:58:45,680 - INFO - Epoch 65/150 | train_loss=0.3288 val_loss=0.4410 val_illicit_f1=0.4109 val_illicit_pr_auc=0.6149 monitor(val/illicit_pr_auc)=0.6149
2026-06-08 22:59:32,298 - INFO - Epoch 70/150 | train_loss=0.3234 val_loss=0.4434 val_illicit_f1=0.4162 val_illicit_pr_auc=0.6217 monitor(val/illicit_pr_auc)=0.6217
2026-06-08 23:00:18,709 - INFO - Epoch 75/150 | train_loss=0.3205 val_loss=0.4534 val_illicit_f1=0.4162 val_illicit_pr_auc=0.6168 monitor(val/illicit_pr_auc)=0.6168
2026-06-08 23:01:05,315 - INFO - Epoch 80/150 | train_loss=0.3175 val_loss=0.4556 val_illicit_f1=0.4159 val_illicit_pr_auc=0.6179 monitor(val/illicit_pr_auc)=0.6179
2026-06-08 23:01:52,240 - INFO - Epoch 85/150 | train_loss=0.3137 val_loss=0.4562 val_illicit_f1=0.4178 val_illicit_pr_auc=0.6230 monitor(val/illicit_pr_auc)=0.6230
2026-06-08 23:02:38,725 - INFO - Epoch 90/150 | train_loss=0.3091 val_loss=0.4728 val_illicit_f1=0.4183 val_illicit_pr_auc=0.6230 monitor(val/illicit_pr_auc)=0.6230
2026-06-08 23:03:24,931 - INFO - Epoch 95/150 | train_loss=0.3117 val_loss=0.4916 val_illicit_f1=0.4196 val_illicit_pr_auc=0.6222 monitor(val/illicit_pr_auc)=0.6222
2026-06-08 23:04:11,455 - INFO - Epoch 100/150 | train_loss=0.3038 val_loss=0.4787 val_illicit_f1=0.4188 val_illicit_pr_auc=0.6241 monitor(val/illicit_pr_auc)=0.6241
2026-06-08 23:04:58,106 - INFO - Epoch 105/150 | train_loss=0.3027 val_loss=0.4775 val_illicit_f1=0.4190 val_illicit_pr_auc=0.6250 monitor(val/illicit_pr_auc)=0.6250
2026-06-08 23:05:44,414 - INFO - Epoch 110/150 | train_loss=0.3026 val_loss=0.4802 val_illicit_f1=0.4187 val_illicit_pr_auc=0.6240 monitor(val/illicit_pr_auc)=0.6240
2026-06-08 23:06:30,655 - INFO - Epoch 115/150 | train_loss=0.3033 val_loss=0.4943 val_illicit_f1=0.4198 val_illicit_pr_auc=0.6258 monitor(val/illicit_pr_auc)=0.6258
2026-06-08 23:07:17,053 - INFO - Epoch 120/150 | train_loss=0.3020 val_loss=0.4777 val_illicit_f1=0.4151 val_illicit_pr_auc=0.6235 monitor(val/illicit_pr_auc)=0.6235
2026-06-08 23:08:03,762 - INFO - Epoch 125/150 | train_loss=0.2972 val_loss=0.4920 val_illicit_f1=0.4185 val_illicit_pr_auc=0.6260 monitor(val/illicit_pr_auc)=0.6260
2026-06-08 23:08:50,234 - INFO - Epoch 130/150 | train_loss=0.3008 val_loss=0.4771 val_illicit_f1=0.4172 val_illicit_pr_auc=0.6253 monitor(val/illicit_pr_auc)=0.6253
2026-06-08 23:09:36,426 - INFO - Epoch 135/150 | train_loss=0.3004 val_loss=0.4756 val_illicit_f1=0.4189 val_illicit_pr_auc=0.6241 monitor(val/illicit_pr_auc)=0.6241
2026-06-08 23:10:23,000 - INFO - Epoch 140/150 | train_loss=0.2971 val_loss=0.4913 val_illicit_f1=0.4200 val_illicit_pr_auc=0.6277 monitor(val/illicit_pr_auc)=0.6277
2026-06-08 23:11:09,389 - INFO - Epoch 145/150 | train_loss=0.2992 val_loss=0.4870 val_illicit_f1=0.4194 val_illicit_pr_auc=0.6277 monitor(val/illicit_pr_auc)=0.6277
2026-06-08 23:11:55,129 - INFO - Epoch 150/150 | train_loss=0.2993 val_loss=0.4955 val_illicit_f1=0.4194 val_illicit_pr_auc=0.6274 monitor(val/illicit_pr_auc)=0.6274
2026-06-08 23:11:58,887 - INFO - Best threshold on validation (val/illicit_f1) = 0.8577 (score=0.5595)
2026-06-08 23:11:58,887 - INFO - Test metrics | Loss: 0.5144, Illicit F1: 0.5509, Illicit PR-AUC: 0.6344, Illicit ROC-AUC: 0.9649, Licit F1: 0.9747
2026-06-08 23:11:58,887 - INFO - Saved final metrics to outputs/PNA_HIM-2_seed_44/test_metrics.json

--------------------------------------------------------------------------------
  Seed 44 completed at Mon Jun  8 11:12:02 PM CEST 2026
  Metrics file: outputs/PNA_HIM-2_seed_44/test_metrics.json
================================================================================

================================================================================
  Seed 4/5
================================================================================
  Seed         : 45
  Run name     : PNA_HIM-2_seed_45
  Temp config  : /tmp/pna_seed_45_0EQm.yaml
  Metrics file : outputs/PNA_HIM-2_seed_45/test_metrics.json
  Started at   : Mon Jun  8 11:12:02 PM CEST 2026
--------------------------------------------------------------------------------

2026-06-08 23:12:08,960 - INFO - Using device: cuda
2026-06-08 23:12:08,962 - INFO - Loading cached PNA dataset from /home/ghonkoop/data/aml/HI-Medium/pna_cache/node_features-raw_add_degree_feature-True_use_edge_features-True_edge_feature_normalize-zscore_edge_feature_clip-10.0_add_reverse_edges-False_train_ratio-0.6_val_ratio-0.2_split_mode-class_temporal_illicit_label-0_max_degree_hist-1000.pt
2026-06-08 23:12:46,522 - INFO - Loaded cached PNA dataset in 37.6s
2026-06-08 23:12:46,794 - INFO - Trainable parameters: 1038209
2026-06-08 23:12:48,717 - INFO - Using BCEWithLogitsLoss pos_weight=17.541267
2026-06-08 23:13:37,929 - INFO - Epoch 5/150 | train_loss=1.1060 val_loss=0.4573 val_illicit_f1=0.4099 val_illicit_pr_auc=0.5548 monitor(val/illicit_pr_auc)=0.5548
2026-06-08 23:14:24,889 - INFO - Epoch 10/150 | train_loss=0.4223 val_loss=0.4727 val_illicit_f1=0.4004 val_illicit_pr_auc=0.5483 monitor(val/illicit_pr_auc)=0.5483
2026-06-08 23:15:11,518 - INFO - Epoch 15/150 | train_loss=0.4130 val_loss=0.4391 val_illicit_f1=0.4153 val_illicit_pr_auc=0.5845 monitor(val/illicit_pr_auc)=0.5845
2026-06-08 23:15:58,151 - INFO - Epoch 20/150 | train_loss=0.4632 val_loss=0.4289 val_illicit_f1=0.4146 val_illicit_pr_auc=0.5914 monitor(val/illicit_pr_auc)=0.5914
2026-06-08 23:16:44,754 - INFO - Epoch 25/150 | train_loss=0.3745 val_loss=1.5404 val_illicit_f1=0.1027 val_illicit_pr_auc=0.3162 monitor(val/illicit_pr_auc)=0.3162
2026-06-08 23:17:31,446 - INFO - Epoch 30/150 | train_loss=0.3634 val_loss=0.8391 val_illicit_f1=0.2300 val_illicit_pr_auc=0.4671 monitor(val/illicit_pr_auc)=0.4671
2026-06-08 23:18:17,265 - INFO - Epoch 35/150 | train_loss=0.3574 val_loss=0.4367 val_illicit_f1=0.4115 val_illicit_pr_auc=0.6015 monitor(val/illicit_pr_auc)=0.6015
2026-06-08 23:19:03,598 - INFO - Epoch 40/150 | train_loss=0.3505 val_loss=0.4263 val_illicit_f1=0.4170 val_illicit_pr_auc=0.6015 monitor(val/illicit_pr_auc)=0.6015
2026-06-08 23:19:49,894 - INFO - Epoch 45/150 | train_loss=0.3565 val_loss=0.4408 val_illicit_f1=0.4109 val_illicit_pr_auc=0.6087 monitor(val/illicit_pr_auc)=0.6087
2026-06-08 23:20:36,637 - INFO - Epoch 50/150 | train_loss=0.3390 val_loss=0.4925 val_illicit_f1=0.3409 val_illicit_pr_auc=0.6003 monitor(val/illicit_pr_auc)=0.6003
2026-06-08 23:21:23,187 - INFO - Epoch 55/150 | train_loss=0.3370 val_loss=0.4332 val_illicit_f1=0.4143 val_illicit_pr_auc=0.6043 monitor(val/illicit_pr_auc)=0.6043
2026-06-08 23:22:09,200 - INFO - Epoch 60/150 | train_loss=0.3259 val_loss=0.4400 val_illicit_f1=0.4134 val_illicit_pr_auc=0.6124 monitor(val/illicit_pr_auc)=0.6124
2026-06-08 23:22:55,815 - INFO - Epoch 65/150 | train_loss=0.3264 val_loss=0.4304 val_illicit_f1=0.4146 val_illicit_pr_auc=0.6141 monitor(val/illicit_pr_auc)=0.6141
2026-06-08 23:23:42,241 - INFO - Epoch 70/150 | train_loss=0.3242 val_loss=0.4596 val_illicit_f1=0.4167 val_illicit_pr_auc=0.6110 monitor(val/illicit_pr_auc)=0.6110
2026-06-08 23:24:28,930 - INFO - Epoch 75/150 | train_loss=0.3267 val_loss=0.4353 val_illicit_f1=0.4181 val_illicit_pr_auc=0.6170 monitor(val/illicit_pr_auc)=0.6170
2026-06-08 23:25:15,131 - INFO - Epoch 80/150 | train_loss=0.3218 val_loss=0.4366 val_illicit_f1=0.4097 val_illicit_pr_auc=0.6135 monitor(val/illicit_pr_auc)=0.6135
2026-06-08 23:26:01,759 - INFO - Epoch 85/150 | train_loss=0.5428 val_loss=0.4525 val_illicit_f1=0.4144 val_illicit_pr_auc=0.6143 monitor(val/illicit_pr_auc)=0.6143
2026-06-08 23:26:48,176 - INFO - Epoch 90/150 | train_loss=0.3139 val_loss=0.4547 val_illicit_f1=0.4184 val_illicit_pr_auc=0.6191 monitor(val/illicit_pr_auc)=0.6191
2026-06-08 23:27:34,399 - INFO - Epoch 95/150 | train_loss=0.3150 val_loss=0.4442 val_illicit_f1=0.4192 val_illicit_pr_auc=0.6180 monitor(val/illicit_pr_auc)=0.6180
2026-06-08 23:28:20,577 - INFO - Epoch 100/150 | train_loss=0.3086 val_loss=0.4492 val_illicit_f1=0.4160 val_illicit_pr_auc=0.6174 monitor(val/illicit_pr_auc)=0.6174
2026-06-08 23:29:06,693 - INFO - Epoch 105/150 | train_loss=0.3088 val_loss=0.4710 val_illicit_f1=0.4196 val_illicit_pr_auc=0.6182 monitor(val/illicit_pr_auc)=0.6182
2026-06-08 23:29:53,236 - INFO - Epoch 110/150 | train_loss=0.3061 val_loss=0.4619 val_illicit_f1=0.4197 val_illicit_pr_auc=0.6179 monitor(val/illicit_pr_auc)=0.6179
2026-06-08 23:30:21,293 - INFO - Early stopping at epoch 113 after 20 stale evals
2026-06-08 23:30:25,106 - INFO - Best threshold on validation (val/illicit_f1) = 0.8808 (score=0.5476)
2026-06-08 23:30:25,107 - INFO - Test metrics | Loss: 0.4422, Illicit F1: 0.5285, Illicit PR-AUC: 0.6270, Illicit ROC-AUC: 0.9640, Licit F1: 0.9763
2026-06-08 23:30:25,107 - INFO - Saved final metrics to outputs/PNA_HIM-2_seed_45/test_metrics.json

--------------------------------------------------------------------------------
  Seed 45 completed at Mon Jun  8 11:30:28 PM CEST 2026
  Metrics file: outputs/PNA_HIM-2_seed_45/test_metrics.json
================================================================================

================================================================================
  Seed 5/5
================================================================================
  Seed         : 46
  Run name     : PNA_HIM-2_seed_46
  Temp config  : /tmp/pna_seed_46_hpr6.yaml
  Metrics file : outputs/PNA_HIM-2_seed_46/test_metrics.json
  Started at   : Mon Jun  8 11:30:28 PM CEST 2026
--------------------------------------------------------------------------------

2026-06-08 23:30:39,550 - INFO - Using device: cuda
2026-06-08 23:30:39,551 - INFO - Loading cached PNA dataset from /home/ghonkoop/data/aml/HI-Medium/pna_cache/node_features-raw_add_degree_feature-True_use_edge_features-True_edge_feature_normalize-zscore_edge_feature_clip-10.0_add_reverse_edges-False_train_ratio-0.6_val_ratio-0.2_split_mode-class_temporal_illicit_label-0_max_degree_hist-1000.pt
2026-06-08 23:31:16,874 - INFO - Loaded cached PNA dataset in 37.3s
2026-06-08 23:31:17,135 - INFO - Trainable parameters: 1038209
2026-06-08 23:31:19,032 - INFO - Using BCEWithLogitsLoss pos_weight=17.541267
2026-06-08 23:32:08,676 - INFO - Epoch 5/150 | train_loss=0.9804 val_loss=0.4720 val_illicit_f1=0.3821 val_illicit_pr_auc=0.5432 monitor(val/illicit_pr_auc)=0.5432
2026-06-08 23:32:55,925 - INFO - Epoch 10/150 | train_loss=0.4107 val_loss=0.4398 val_illicit_f1=0.4044 val_illicit_pr_auc=0.5667 monitor(val/illicit_pr_auc)=0.5667
2026-06-08 23:33:43,212 - INFO - Epoch 15/150 | train_loss=0.5067 val_loss=2.0341 val_illicit_f1=0.1023 val_illicit_pr_auc=0.0778 monitor(val/illicit_pr_auc)=0.0778
2026-06-08 23:34:30,070 - INFO - Epoch 20/150 | train_loss=0.4461 val_loss=0.4378 val_illicit_f1=0.4083 val_illicit_pr_auc=0.5923 monitor(val/illicit_pr_auc)=0.5923
2026-06-08 23:35:17,112 - INFO - Epoch 25/150 | train_loss=1.1081 val_loss=0.4495 val_illicit_f1=0.4163 val_illicit_pr_auc=0.5970 monitor(val/illicit_pr_auc)=0.5970
2026-06-08 23:36:04,252 - INFO - Epoch 30/150 | train_loss=0.3634 val_loss=0.4329 val_illicit_f1=0.4042 val_illicit_pr_auc=0.6006 monitor(val/illicit_pr_auc)=0.6006
2026-06-08 23:36:51,743 - INFO - Epoch 35/150 | train_loss=0.3577 val_loss=0.4461 val_illicit_f1=0.4150 val_illicit_pr_auc=0.5939 monitor(val/illicit_pr_auc)=0.5939
2026-06-08 23:37:38,723 - INFO - Epoch 40/150 | train_loss=0.3504 val_loss=0.4444 val_illicit_f1=0.4177 val_illicit_pr_auc=0.6012 monitor(val/illicit_pr_auc)=0.6012
2026-06-08 23:38:25,767 - INFO - Epoch 45/150 | train_loss=0.3487 val_loss=0.7503 val_illicit_f1=0.2504 val_illicit_pr_auc=0.4501 monitor(val/illicit_pr_auc)=0.4501
2026-06-08 23:39:12,224 - INFO - Epoch 50/150 | train_loss=0.3374 val_loss=0.4347 val_illicit_f1=0.4192 val_illicit_pr_auc=0.6101 monitor(val/illicit_pr_auc)=0.6101
2026-06-08 23:39:59,264 - INFO - Epoch 55/150 | train_loss=0.3353 val_loss=0.4397 val_illicit_f1=0.4070 val_illicit_pr_auc=0.6136 monitor(val/illicit_pr_auc)=0.6136
2026-06-08 23:40:46,452 - INFO - Epoch 60/150 | train_loss=0.3293 val_loss=0.4640 val_illicit_f1=0.4182 val_illicit_pr_auc=0.6139 monitor(val/illicit_pr_auc)=0.6139
2026-06-08 23:41:33,465 - INFO - Epoch 65/150 | train_loss=0.3333 val_loss=0.4409 val_illicit_f1=0.4154 val_illicit_pr_auc=0.6173 monitor(val/illicit_pr_auc)=0.6173
2026-06-08 23:42:20,528 - INFO - Epoch 70/150 | train_loss=0.3275 val_loss=0.4368 val_illicit_f1=0.4161 val_illicit_pr_auc=0.6122 monitor(val/illicit_pr_auc)=0.6122
2026-06-08 23:43:07,180 - INFO - Epoch 75/150 | train_loss=0.3192 val_loss=0.4580 val_illicit_f1=0.4205 val_illicit_pr_auc=0.6149 monitor(val/illicit_pr_auc)=0.6149
2026-06-08 23:43:54,717 - INFO - Epoch 80/150 | train_loss=0.3188 val_loss=0.4345 val_illicit_f1=0.4166 val_illicit_pr_auc=0.6124 monitor(val/illicit_pr_auc)=0.6124
2026-06-08 23:44:41,508 - INFO - Epoch 85/150 | train_loss=0.3180 val_loss=0.8828 val_illicit_f1=0.2310 val_illicit_pr_auc=0.4836 monitor(val/illicit_pr_auc)=0.4836
2026-06-08 23:45:28,648 - INFO - Epoch 90/150 | train_loss=0.3122 val_loss=0.4572 val_illicit_f1=0.4198 val_illicit_pr_auc=0.6193 monitor(val/illicit_pr_auc)=0.6193
2026-06-08 23:46:15,768 - INFO - Epoch 95/150 | train_loss=0.3090 val_loss=0.4929 val_illicit_f1=0.4224 val_illicit_pr_auc=0.6168 monitor(val/illicit_pr_auc)=0.6168
2026-06-08 23:47:03,065 - INFO - Epoch 100/150 | train_loss=0.3093 val_loss=0.4513 val_illicit_f1=0.4156 val_illicit_pr_auc=0.6227 monitor(val/illicit_pr_auc)=0.6227
2026-06-08 23:47:49,836 - INFO - Epoch 105/150 | train_loss=0.3087 val_loss=0.4518 val_illicit_f1=0.3980 val_illicit_pr_auc=0.6154 monitor(val/illicit_pr_auc)=0.6154
2026-06-08 23:48:36,443 - INFO - Epoch 110/150 | train_loss=0.3043 val_loss=0.4726 val_illicit_f1=0.4166 val_illicit_pr_auc=0.6211 monitor(val/illicit_pr_auc)=0.6211
2026-06-08 23:49:22,925 - INFO - Epoch 115/150 | train_loss=0.3016 val_loss=0.5129 val_illicit_f1=0.4211 val_illicit_pr_auc=0.6240 monitor(val/illicit_pr_auc)=0.6240
2026-06-08 23:50:09,523 - INFO - Epoch 120/150 | train_loss=0.3043 val_loss=0.4787 val_illicit_f1=0.4206 val_illicit_pr_auc=0.6216 monitor(val/illicit_pr_auc)=0.6216
2026-06-08 23:50:55,997 - INFO - Epoch 125/150 | train_loss=0.2989 val_loss=0.5002 val_illicit_f1=0.4229 val_illicit_pr_auc=0.6218 monitor(val/illicit_pr_auc)=0.6218
2026-06-08 23:51:42,880 - INFO - Epoch 130/150 | train_loss=0.2982 val_loss=0.5084 val_illicit_f1=0.4210 val_illicit_pr_auc=0.6209 monitor(val/illicit_pr_auc)=0.6209
2026-06-08 23:52:29,542 - INFO - Epoch 135/150 | train_loss=0.2949 val_loss=0.4865 val_illicit_f1=0.4194 val_illicit_pr_auc=0.6244 monitor(val/illicit_pr_auc)=0.6244
2026-06-08 23:53:16,172 - INFO - Epoch 140/150 | train_loss=0.3041 val_loss=0.4825 val_illicit_f1=0.4208 val_illicit_pr_auc=0.6197 monitor(val/illicit_pr_auc)=0.6197
2026-06-08 23:54:03,142 - INFO - Epoch 145/150 | train_loss=0.2927 val_loss=0.5022 val_illicit_f1=0.4220 val_illicit_pr_auc=0.6253 monitor(val/illicit_pr_auc)=0.6253
2026-06-08 23:54:49,166 - INFO - Epoch 150/150 | train_loss=0.2950 val_loss=0.5074 val_illicit_f1=0.4198 val_illicit_pr_auc=0.6243 monitor(val/illicit_pr_auc)=0.6243
2026-06-08 23:54:52,991 - INFO - Best threshold on validation (val/illicit_f1) = 0.8577 (score=0.5537)
2026-06-08 23:54:52,991 - INFO - Test metrics | Loss: 0.5454, Illicit F1: 0.5507, Illicit PR-AUC: 0.6325, Illicit ROC-AUC: 0.9640, Licit F1: 0.9746
2026-06-08 23:54:52,991 - INFO - Saved final metrics to outputs/PNA_HIM-2_seed_46/test_metrics.json

--------------------------------------------------------------------------------
  Seed 46 completed at Mon Jun  8 11:54:56 PM CEST 2026
  Metrics file: outputs/PNA_HIM-2_seed_46/test_metrics.json
================================================================================

================================================================================
  PNA Seed Sweep Test Summary
================================================================================

Per-seed test metrics
------------------------------------------------------------------------------------------------------------------------
  seed  status      run_name                            loss     il_prec      il_rec       il_f1   il_pr_auc   il_roc_auc      lic_f1
------------------------------------------------------------------------------------------------------------------------
    42  ok          PNA_HIM-2_seed_42               0.478123    0.582609    0.507851    0.542667    0.632690     0.963795    0.975673
    43  ok          PNA_HIM-2_seed_43               0.527809    0.573415    0.558202    0.565706    0.637368     0.964820    0.975571
    44  ok          PNA_HIM-2_seed_44               0.514411    0.556661    0.545208    0.550875    0.634388     0.964881    0.974657
    45  ok          PNA_HIM-2_seed_45               0.442237    0.605594    0.468868    0.528532    0.627035     0.964007    0.976292
    46  ok          PNA_HIM-2_seed_46               0.545384    0.556354    0.545208    0.550725    0.632508     0.964048    0.974641
------------------------------------------------------------------------------------------------------------------------

Mean +/- std over completed seeds
------------------------------------------------------------------------
metric                                      mean           std     n
------------------------------------------------------------------------
test/illicit_f1                         0.547701      0.013566     5
test/illicit_pr_auc                     0.632798      0.003766     5
test/illicit_precision                  0.574927      0.020496     5
test/illicit_recall                     0.525068      0.036620     5
test/illicit_roc_auc                    0.964310      0.000503     5
test/licit_f1                           0.975367      0.000711     5
test/licit_pr_auc                       0.997853      0.000044     5
test/licit_precision                    0.973043      0.001934     5
test/licit_recall                       0.977712      0.003182     5
test/licit_roc_auc                      0.964103      0.000478     5
test/loss                               0.501593      0.041362     5
------------------------------------------------------------------------


======================================================
  Finished at  : Mon Jun  8 11:54:56 PM CEST 2026
======================================================
