======================================================
  PNA Seed sweep
======================================================
  Job ID       : 23590307
  Config       : configs/aml/HIS-2.yaml
  Resume       : 0
  Python       : python3.11
  Started at   : Mon Jun  8 10:02:25 PM CEST 2026
======================================================

================================================================================
  Seed 1/5
================================================================================
  Seed         : 42
  Run name     : PNA_HIS_seed_42
  Temp config  : /tmp/pna_seed_42_LdV5.yaml
  Metrics file : outputs/PNA_HIS_seed_42/test_metrics.json
  Started at   : Mon Jun  8 10:02:25 PM CEST 2026
--------------------------------------------------------------------------------

2026-06-08 22:02:33,505 - INFO - Using device: cuda
2026-06-08 22:02:33,507 - INFO - Loading cached PNA dataset from /home/ghonkoop/data/aml/HI-Small/pna_cache/node_features-raw_add_degree_feature-True_use_edge_features-True_edge_feature_normalize-zscore_edge_feature_clip-10.0_add_reverse_edges-False_train_ratio-0.6_val_ratio-0.2_split_mode-class_temporal_illicit_label-0_max_degree_hist-1000.pt
2026-06-08 22:02:40,793 - INFO - Loaded cached PNA dataset in 7.3s
2026-06-08 22:02:41,029 - INFO - Trainable parameters: 1038209
2026-06-08 22:02:41,118 - INFO - Using BCEWithLogitsLoss pos_weight=23.011017
2026-06-08 22:02:52,413 - INFO - Epoch 5/150 | train_loss=2.0729 val_loss=0.8052 val_illicit_f1=0.3981 val_illicit_pr_auc=0.4263 monitor(val/illicit_pr_auc)=0.4263
2026-06-08 22:03:01,476 - INFO - Epoch 10/150 | train_loss=2.6902 val_loss=0.6084 val_illicit_f1=0.2427 val_illicit_pr_auc=0.4712 monitor(val/illicit_pr_auc)=0.4712
2026-06-08 22:03:10,654 - INFO - Epoch 15/150 | train_loss=0.4735 val_loss=0.5045 val_illicit_f1=0.3436 val_illicit_pr_auc=0.4907 monitor(val/illicit_pr_auc)=0.4907
2026-06-08 22:03:19,815 - INFO - Epoch 20/150 | train_loss=1.4565 val_loss=0.8884 val_illicit_f1=0.3615 val_illicit_pr_auc=0.4027 monitor(val/illicit_pr_auc)=0.4027
2026-06-08 22:03:28,833 - INFO - Epoch 25/150 | train_loss=1.9166 val_loss=0.4556 val_illicit_f1=0.3771 val_illicit_pr_auc=0.4866 monitor(val/illicit_pr_auc)=0.4866
2026-06-08 22:03:37,676 - INFO - Epoch 30/150 | train_loss=0.3720 val_loss=0.4924 val_illicit_f1=0.3217 val_illicit_pr_auc=0.5099 monitor(val/illicit_pr_auc)=0.5099
2026-06-08 22:03:46,696 - INFO - Epoch 35/150 | train_loss=0.3793 val_loss=0.4605 val_illicit_f1=0.3711 val_illicit_pr_auc=0.5146 monitor(val/illicit_pr_auc)=0.5146
2026-06-08 22:03:55,863 - INFO - Epoch 40/150 | train_loss=0.3781 val_loss=0.5083 val_illicit_f1=0.3768 val_illicit_pr_auc=0.5061 monitor(val/illicit_pr_auc)=0.5061
2026-06-08 22:04:04,890 - INFO - Epoch 45/150 | train_loss=0.7759 val_loss=0.5120 val_illicit_f1=0.3777 val_illicit_pr_auc=0.5170 monitor(val/illicit_pr_auc)=0.5170
2026-06-08 22:04:14,062 - INFO - Epoch 50/150 | train_loss=0.3294 val_loss=0.5119 val_illicit_f1=0.3774 val_illicit_pr_auc=0.5261 monitor(val/illicit_pr_auc)=0.5261
2026-06-08 22:04:23,240 - INFO - Epoch 55/150 | train_loss=0.3346 val_loss=0.5007 val_illicit_f1=0.3817 val_illicit_pr_auc=0.5257 monitor(val/illicit_pr_auc)=0.5257
2026-06-08 22:04:32,173 - INFO - Epoch 60/150 | train_loss=0.3128 val_loss=0.4647 val_illicit_f1=0.3786 val_illicit_pr_auc=0.5316 monitor(val/illicit_pr_auc)=0.5316
2026-06-08 22:04:41,077 - INFO - Epoch 65/150 | train_loss=0.3044 val_loss=0.6533 val_illicit_f1=0.2854 val_illicit_pr_auc=0.4853 monitor(val/illicit_pr_auc)=0.4853
2026-06-08 22:04:50,088 - INFO - Epoch 70/150 | train_loss=0.3009 val_loss=0.5104 val_illicit_f1=0.3789 val_illicit_pr_auc=0.5372 monitor(val/illicit_pr_auc)=0.5372
2026-06-08 22:04:59,108 - INFO - Epoch 75/150 | train_loss=0.3047 val_loss=0.5564 val_illicit_f1=0.3841 val_illicit_pr_auc=0.5309 monitor(val/illicit_pr_auc)=0.5309
2026-06-08 22:05:08,028 - INFO - Epoch 80/150 | train_loss=0.2967 val_loss=0.5155 val_illicit_f1=0.3855 val_illicit_pr_auc=0.5375 monitor(val/illicit_pr_auc)=0.5375
2026-06-08 22:05:17,020 - INFO - Epoch 85/150 | train_loss=0.3008 val_loss=0.5548 val_illicit_f1=0.3776 val_illicit_pr_auc=0.5324 monitor(val/illicit_pr_auc)=0.5324
2026-06-08 22:05:26,107 - INFO - Epoch 90/150 | train_loss=0.2928 val_loss=0.5739 val_illicit_f1=0.3859 val_illicit_pr_auc=0.5386 monitor(val/illicit_pr_auc)=0.5386
2026-06-08 22:05:35,206 - INFO - Epoch 95/150 | train_loss=0.2908 val_loss=0.6820 val_illicit_f1=0.2959 val_illicit_pr_auc=0.4907 monitor(val/illicit_pr_auc)=0.4907
2026-06-08 22:05:40,638 - INFO - Early stopping at epoch 98 after 20 stale evals
2026-06-08 22:05:41,684 - INFO - Best threshold on validation (val/illicit_f1) = 0.8808 (score=0.5081)
2026-06-08 22:05:41,684 - INFO - Test metrics | Loss: 0.6590, Illicit F1: 0.4577, Illicit PR-AUC: 0.5122, Illicit ROC-AUC: 0.9581, Licit F1: 0.9776
2026-06-08 22:05:41,684 - INFO - Saved final metrics to outputs/PNA_HIS_seed_42/test_metrics.json

--------------------------------------------------------------------------------
  Seed 42 completed at Mon Jun  8 10:05:44 PM CEST 2026
  Metrics file: outputs/PNA_HIS_seed_42/test_metrics.json
================================================================================

================================================================================
  Seed 2/5
================================================================================
  Seed         : 43
  Run name     : PNA_HIS_seed_43
  Temp config  : /tmp/pna_seed_43_MVSK.yaml
  Metrics file : outputs/PNA_HIS_seed_43/test_metrics.json
  Started at   : Mon Jun  8 10:05:44 PM CEST 2026
--------------------------------------------------------------------------------

2026-06-08 22:05:50,075 - INFO - Using device: cuda
2026-06-08 22:05:50,076 - INFO - Loading cached PNA dataset from /home/ghonkoop/data/aml/HI-Small/pna_cache/node_features-raw_add_degree_feature-True_use_edge_features-True_edge_feature_normalize-zscore_edge_feature_clip-10.0_add_reverse_edges-False_train_ratio-0.6_val_ratio-0.2_split_mode-class_temporal_illicit_label-0_max_degree_hist-1000.pt
2026-06-08 22:05:57,346 - INFO - Loaded cached PNA dataset in 7.3s
2026-06-08 22:05:57,573 - INFO - Trainable parameters: 1038209
2026-06-08 22:05:57,661 - INFO - Using BCEWithLogitsLoss pos_weight=23.011017
2026-06-08 22:06:08,625 - INFO - Epoch 5/150 | train_loss=1.6499 val_loss=0.5437 val_illicit_f1=0.2517 val_illicit_pr_auc=0.4515 monitor(val/illicit_pr_auc)=0.4515
2026-06-08 22:06:17,858 - INFO - Epoch 10/150 | train_loss=1.6012 val_loss=0.5049 val_illicit_f1=0.3173 val_illicit_pr_auc=0.4524 monitor(val/illicit_pr_auc)=0.4524
2026-06-08 22:06:27,023 - INFO - Epoch 15/150 | train_loss=1.5874 val_loss=0.4651 val_illicit_f1=0.3648 val_illicit_pr_auc=0.4939 monitor(val/illicit_pr_auc)=0.4939
2026-06-08 22:06:36,127 - INFO - Epoch 20/150 | train_loss=0.4569 val_loss=0.4301 val_illicit_f1=0.3625 val_illicit_pr_auc=0.4841 monitor(val/illicit_pr_auc)=0.4841
2026-06-08 22:06:45,215 - INFO - Epoch 25/150 | train_loss=2.4121 val_loss=0.5414 val_illicit_f1=0.3443 val_illicit_pr_auc=0.4760 monitor(val/illicit_pr_auc)=0.4760
2026-06-08 22:06:54,335 - INFO - Epoch 30/150 | train_loss=2.9702 val_loss=0.6672 val_illicit_f1=0.2971 val_illicit_pr_auc=0.4495 monitor(val/illicit_pr_auc)=0.4495
2026-06-08 22:07:03,461 - INFO - Epoch 35/150 | train_loss=2.1650 val_loss=0.4334 val_illicit_f1=0.3577 val_illicit_pr_auc=0.5043 monitor(val/illicit_pr_auc)=0.5043
2026-06-08 22:07:12,858 - INFO - Epoch 40/150 | train_loss=0.3552 val_loss=0.4719 val_illicit_f1=0.3615 val_illicit_pr_auc=0.5218 monitor(val/illicit_pr_auc)=0.5218
2026-06-08 22:07:21,884 - INFO - Epoch 45/150 | train_loss=0.7125 val_loss=0.5176 val_illicit_f1=0.3776 val_illicit_pr_auc=0.5011 monitor(val/illicit_pr_auc)=0.5011
2026-06-08 22:07:31,017 - INFO - Epoch 50/150 | train_loss=0.3503 val_loss=0.6390 val_illicit_f1=0.3635 val_illicit_pr_auc=0.4616 monitor(val/illicit_pr_auc)=0.4616
2026-06-08 22:07:40,000 - INFO - Epoch 55/150 | train_loss=0.3350 val_loss=0.5527 val_illicit_f1=0.3626 val_illicit_pr_auc=0.5247 monitor(val/illicit_pr_auc)=0.5247
2026-06-08 22:07:49,120 - INFO - Epoch 60/150 | train_loss=0.3215 val_loss=0.4850 val_illicit_f1=0.3887 val_illicit_pr_auc=0.5406 monitor(val/illicit_pr_auc)=0.5406
2026-06-08 22:07:58,098 - INFO - Epoch 65/150 | train_loss=0.4399 val_loss=0.5002 val_illicit_f1=0.3735 val_illicit_pr_auc=0.5118 monitor(val/illicit_pr_auc)=0.5118
2026-06-08 22:08:07,131 - INFO - Epoch 70/150 | train_loss=0.3101 val_loss=0.4788 val_illicit_f1=0.3822 val_illicit_pr_auc=0.5449 monitor(val/illicit_pr_auc)=0.5449
2026-06-08 22:08:16,094 - INFO - Epoch 75/150 | train_loss=0.3157 val_loss=0.4893 val_illicit_f1=0.3832 val_illicit_pr_auc=0.5448 monitor(val/illicit_pr_auc)=0.5448
2026-06-08 22:08:25,027 - INFO - Epoch 80/150 | train_loss=0.3154 val_loss=0.4900 val_illicit_f1=0.3837 val_illicit_pr_auc=0.5415 monitor(val/illicit_pr_auc)=0.5415
2026-06-08 22:08:33,990 - INFO - Epoch 85/150 | train_loss=0.3022 val_loss=0.5162 val_illicit_f1=0.3749 val_illicit_pr_auc=0.5409 monitor(val/illicit_pr_auc)=0.5409
2026-06-08 22:08:42,962 - INFO - Epoch 90/150 | train_loss=0.2910 val_loss=0.5277 val_illicit_f1=0.3919 val_illicit_pr_auc=0.5408 monitor(val/illicit_pr_auc)=0.5408
2026-06-08 22:08:42,963 - INFO - Early stopping at epoch 90 after 20 stale evals
2026-06-08 22:08:44,001 - INFO - Best threshold on validation (val/illicit_f1) = 0.8808 (score=0.5035)
2026-06-08 22:08:44,002 - INFO - Test metrics | Loss: 0.6265, Illicit F1: 0.4402, Illicit PR-AUC: 0.5143, Illicit ROC-AUC: 0.9571, Licit F1: 0.9765
2026-06-08 22:08:44,002 - INFO - Saved final metrics to outputs/PNA_HIS_seed_43/test_metrics.json

--------------------------------------------------------------------------------
  Seed 43 completed at Mon Jun  8 10:08:46 PM CEST 2026
  Metrics file: outputs/PNA_HIS_seed_43/test_metrics.json
================================================================================

================================================================================
  Seed 3/5
================================================================================
  Seed         : 44
  Run name     : PNA_HIS_seed_44
  Temp config  : /tmp/pna_seed_44_Awrq.yaml
  Metrics file : outputs/PNA_HIS_seed_44/test_metrics.json
  Started at   : Mon Jun  8 10:08:46 PM CEST 2026
--------------------------------------------------------------------------------

2026-06-08 22:08:52,387 - INFO - Using device: cuda
2026-06-08 22:08:52,388 - INFO - Loading cached PNA dataset from /home/ghonkoop/data/aml/HI-Small/pna_cache/node_features-raw_add_degree_feature-True_use_edge_features-True_edge_feature_normalize-zscore_edge_feature_clip-10.0_add_reverse_edges-False_train_ratio-0.6_val_ratio-0.2_split_mode-class_temporal_illicit_label-0_max_degree_hist-1000.pt
2026-06-08 22:08:59,782 - INFO - Loaded cached PNA dataset in 7.4s
2026-06-08 22:09:00,028 - INFO - Trainable parameters: 1038209
2026-06-08 22:09:00,115 - INFO - Using BCEWithLogitsLoss pos_weight=23.011017
2026-06-08 22:09:11,179 - INFO - Epoch 5/150 | train_loss=0.6551 val_loss=0.5269 val_illicit_f1=0.3383 val_illicit_pr_auc=0.4332 monitor(val/illicit_pr_auc)=0.4332
2026-06-08 22:09:20,436 - INFO - Epoch 10/150 | train_loss=1.3155 val_loss=0.4693 val_illicit_f1=0.3601 val_illicit_pr_auc=0.4952 monitor(val/illicit_pr_auc)=0.4952
2026-06-08 22:09:29,592 - INFO - Epoch 15/150 | train_loss=4.4695 val_loss=0.4567 val_illicit_f1=0.3685 val_illicit_pr_auc=0.4824 monitor(val/illicit_pr_auc)=0.4824
2026-06-08 22:09:38,764 - INFO - Epoch 20/150 | train_loss=1.7203 val_loss=0.6585 val_illicit_f1=0.3298 val_illicit_pr_auc=0.4588 monitor(val/illicit_pr_auc)=0.4588
2026-06-08 22:09:47,921 - INFO - Epoch 25/150 | train_loss=0.4194 val_loss=0.4896 val_illicit_f1=0.3648 val_illicit_pr_auc=0.4987 monitor(val/illicit_pr_auc)=0.4987
2026-06-08 22:09:57,008 - INFO - Epoch 30/150 | train_loss=0.3535 val_loss=0.5993 val_illicit_f1=0.3425 val_illicit_pr_auc=0.4569 monitor(val/illicit_pr_auc)=0.4569
2026-06-08 22:10:06,074 - INFO - Epoch 35/150 | train_loss=1.6407 val_loss=0.6037 val_illicit_f1=0.3198 val_illicit_pr_auc=0.4646 monitor(val/illicit_pr_auc)=0.4646
2026-06-08 22:10:15,082 - INFO - Epoch 40/150 | train_loss=0.3409 val_loss=0.4804 val_illicit_f1=0.3386 val_illicit_pr_auc=0.5180 monitor(val/illicit_pr_auc)=0.5180
2026-06-08 22:10:24,056 - INFO - Epoch 45/150 | train_loss=0.4127 val_loss=0.5116 val_illicit_f1=0.3355 val_illicit_pr_auc=0.5059 monitor(val/illicit_pr_auc)=0.5059
2026-06-08 22:10:32,905 - INFO - Epoch 50/150 | train_loss=0.3418 val_loss=0.4683 val_illicit_f1=0.3852 val_illicit_pr_auc=0.5296 monitor(val/illicit_pr_auc)=0.5296
2026-06-08 22:10:41,806 - INFO - Epoch 55/150 | train_loss=0.3344 val_loss=0.6265 val_illicit_f1=0.2917 val_illicit_pr_auc=0.4926 monitor(val/illicit_pr_auc)=0.4926
2026-06-08 22:10:50,797 - INFO - Epoch 60/150 | train_loss=0.3200 val_loss=0.5145 val_illicit_f1=0.3855 val_illicit_pr_auc=0.5359 monitor(val/illicit_pr_auc)=0.5359
2026-06-08 22:10:59,921 - INFO - Epoch 65/150 | train_loss=0.3259 val_loss=0.5004 val_illicit_f1=0.3397 val_illicit_pr_auc=0.5158 monitor(val/illicit_pr_auc)=0.5158
2026-06-08 22:11:09,032 - INFO - Epoch 70/150 | train_loss=0.3148 val_loss=0.5499 val_illicit_f1=0.3822 val_illicit_pr_auc=0.5290 monitor(val/illicit_pr_auc)=0.5290
2026-06-08 22:11:18,043 - INFO - Epoch 75/150 | train_loss=0.3025 val_loss=0.5487 val_illicit_f1=0.3898 val_illicit_pr_auc=0.5490 monitor(val/illicit_pr_auc)=0.5490
2026-06-08 22:11:27,180 - INFO - Epoch 80/150 | train_loss=0.3127 val_loss=0.5731 val_illicit_f1=0.3835 val_illicit_pr_auc=0.5303 monitor(val/illicit_pr_auc)=0.5303
2026-06-08 22:11:36,086 - INFO - Epoch 85/150 | train_loss=0.3020 val_loss=0.6227 val_illicit_f1=0.3257 val_illicit_pr_auc=0.5279 monitor(val/illicit_pr_auc)=0.5279
2026-06-08 22:11:45,161 - INFO - Epoch 90/150 | train_loss=0.2935 val_loss=0.5525 val_illicit_f1=0.3834 val_illicit_pr_auc=0.5438 monitor(val/illicit_pr_auc)=0.5438
2026-06-08 22:11:54,250 - INFO - Epoch 95/150 | train_loss=0.2976 val_loss=0.5276 val_illicit_f1=0.3896 val_illicit_pr_auc=0.5435 monitor(val/illicit_pr_auc)=0.5435
2026-06-08 22:12:03,254 - INFO - Epoch 100/150 | train_loss=0.2860 val_loss=0.5711 val_illicit_f1=0.3898 val_illicit_pr_auc=0.5535 monitor(val/illicit_pr_auc)=0.5535
2026-06-08 22:12:12,303 - INFO - Epoch 105/150 | train_loss=0.2891 val_loss=0.5437 val_illicit_f1=0.3846 val_illicit_pr_auc=0.5378 monitor(val/illicit_pr_auc)=0.5378
2026-06-08 22:12:21,414 - INFO - Epoch 110/150 | train_loss=0.2887 val_loss=0.5996 val_illicit_f1=0.3457 val_illicit_pr_auc=0.5394 monitor(val/illicit_pr_auc)=0.5394
2026-06-08 22:12:30,422 - INFO - Epoch 115/150 | train_loss=0.2852 val_loss=0.5842 val_illicit_f1=0.3902 val_illicit_pr_auc=0.5499 monitor(val/illicit_pr_auc)=0.5499
2026-06-08 22:12:37,576 - INFO - Early stopping at epoch 119 after 20 stale evals
2026-06-08 22:12:38,625 - INFO - Best threshold on validation (val/illicit_f1) = 0.8577 (score=0.5109)
2026-06-08 22:12:38,626 - INFO - Test metrics | Loss: 0.7522, Illicit F1: 0.4698, Illicit PR-AUC: 0.5177, Illicit ROC-AUC: 0.9577, Licit F1: 0.9732
2026-06-08 22:12:38,626 - INFO - Saved final metrics to outputs/PNA_HIS_seed_44/test_metrics.json

--------------------------------------------------------------------------------
  Seed 44 completed at Mon Jun  8 10:12:40 PM CEST 2026
  Metrics file: outputs/PNA_HIS_seed_44/test_metrics.json
================================================================================

================================================================================
  Seed 4/5
================================================================================
  Seed         : 45
  Run name     : PNA_HIS_seed_45
  Temp config  : /tmp/pna_seed_45_EW0r.yaml
  Metrics file : outputs/PNA_HIS_seed_45/test_metrics.json
  Started at   : Mon Jun  8 10:12:40 PM CEST 2026
--------------------------------------------------------------------------------

2026-06-08 22:12:46,582 - INFO - Using device: cuda
2026-06-08 22:12:46,584 - INFO - Loading cached PNA dataset from /home/ghonkoop/data/aml/HI-Small/pna_cache/node_features-raw_add_degree_feature-True_use_edge_features-True_edge_feature_normalize-zscore_edge_feature_clip-10.0_add_reverse_edges-False_train_ratio-0.6_val_ratio-0.2_split_mode-class_temporal_illicit_label-0_max_degree_hist-1000.pt
2026-06-08 22:12:53,947 - INFO - Loaded cached PNA dataset in 7.4s
2026-06-08 22:12:54,175 - INFO - Trainable parameters: 1038209
2026-06-08 22:12:54,261 - INFO - Using BCEWithLogitsLoss pos_weight=23.011017
2026-06-08 22:13:05,479 - INFO - Epoch 5/150 | train_loss=2.2973 val_loss=0.5233 val_illicit_f1=0.3481 val_illicit_pr_auc=0.4664 monitor(val/illicit_pr_auc)=0.4664
2026-06-08 22:13:14,627 - INFO - Epoch 10/150 | train_loss=2.0391 val_loss=0.4632 val_illicit_f1=0.3700 val_illicit_pr_auc=0.4799 monitor(val/illicit_pr_auc)=0.4799
2026-06-08 22:13:23,604 - INFO - Epoch 15/150 | train_loss=1.2278 val_loss=0.4771 val_illicit_f1=0.3745 val_illicit_pr_auc=0.4876 monitor(val/illicit_pr_auc)=0.4876
2026-06-08 22:13:32,853 - INFO - Epoch 20/150 | train_loss=1.9042 val_loss=0.4547 val_illicit_f1=0.3683 val_illicit_pr_auc=0.4865 monitor(val/illicit_pr_auc)=0.4865
2026-06-08 22:13:41,968 - INFO - Epoch 25/150 | train_loss=0.4004 val_loss=1.4879 val_illicit_f1=0.2990 val_illicit_pr_auc=0.2696 monitor(val/illicit_pr_auc)=0.2696
2026-06-08 22:13:51,255 - INFO - Epoch 30/150 | train_loss=0.3574 val_loss=0.4576 val_illicit_f1=0.3633 val_illicit_pr_auc=0.5160 monitor(val/illicit_pr_auc)=0.5160
2026-06-08 22:14:00,567 - INFO - Epoch 35/150 | train_loss=1.7377 val_loss=0.4479 val_illicit_f1=0.3708 val_illicit_pr_auc=0.5167 monitor(val/illicit_pr_auc)=0.5167
2026-06-08 22:14:09,584 - INFO - Epoch 40/150 | train_loss=0.3372 val_loss=0.5038 val_illicit_f1=0.3563 val_illicit_pr_auc=0.5122 monitor(val/illicit_pr_auc)=0.5122
2026-06-08 22:14:18,721 - INFO - Epoch 45/150 | train_loss=0.9543 val_loss=0.7417 val_illicit_f1=0.3992 val_illicit_pr_auc=0.4258 monitor(val/illicit_pr_auc)=0.4258
2026-06-08 22:14:27,729 - INFO - Epoch 50/150 | train_loss=0.3342 val_loss=0.4742 val_illicit_f1=0.3873 val_illicit_pr_auc=0.5302 monitor(val/illicit_pr_auc)=0.5302
2026-06-08 22:14:36,878 - INFO - Epoch 55/150 | train_loss=1.3182 val_loss=0.4383 val_illicit_f1=0.3812 val_illicit_pr_auc=0.5282 monitor(val/illicit_pr_auc)=0.5282
2026-06-08 22:14:46,115 - INFO - Epoch 60/150 | train_loss=0.3163 val_loss=0.5023 val_illicit_f1=0.3855 val_illicit_pr_auc=0.5297 monitor(val/illicit_pr_auc)=0.5297
2026-06-08 22:14:55,311 - INFO - Epoch 65/150 | train_loss=0.3238 val_loss=0.7878 val_illicit_f1=0.2699 val_illicit_pr_auc=0.4140 monitor(val/illicit_pr_auc)=0.4140
2026-06-08 22:15:04,577 - INFO - Epoch 70/150 | train_loss=0.3265 val_loss=0.4892 val_illicit_f1=0.3812 val_illicit_pr_auc=0.5408 monitor(val/illicit_pr_auc)=0.5408
2026-06-08 22:15:13,800 - INFO - Epoch 75/150 | train_loss=0.3371 val_loss=0.6680 val_illicit_f1=0.2964 val_illicit_pr_auc=0.4426 monitor(val/illicit_pr_auc)=0.4426
2026-06-08 22:15:22,948 - INFO - Epoch 80/150 | train_loss=0.3027 val_loss=0.5196 val_illicit_f1=0.3877 val_illicit_pr_auc=0.5363 monitor(val/illicit_pr_auc)=0.5363
2026-06-08 22:15:32,153 - INFO - Epoch 85/150 | train_loss=0.4293 val_loss=0.5983 val_illicit_f1=0.3022 val_illicit_pr_auc=0.4946 monitor(val/illicit_pr_auc)=0.4946
2026-06-08 22:15:41,303 - INFO - Epoch 90/150 | train_loss=0.3187 val_loss=0.5134 val_illicit_f1=0.3859 val_illicit_pr_auc=0.5489 monitor(val/illicit_pr_auc)=0.5489
2026-06-08 22:15:50,572 - INFO - Epoch 95/150 | train_loss=0.2921 val_loss=0.5319 val_illicit_f1=0.3928 val_illicit_pr_auc=0.5518 monitor(val/illicit_pr_auc)=0.5518
2026-06-08 22:15:59,732 - INFO - Epoch 100/150 | train_loss=0.2908 val_loss=0.5269 val_illicit_f1=0.3882 val_illicit_pr_auc=0.5471 monitor(val/illicit_pr_auc)=0.5471
2026-06-08 22:16:08,943 - INFO - Epoch 105/150 | train_loss=0.2896 val_loss=0.5142 val_illicit_f1=0.3916 val_illicit_pr_auc=0.5411 monitor(val/illicit_pr_auc)=0.5411
2026-06-08 22:16:18,105 - INFO - Epoch 110/150 | train_loss=0.2803 val_loss=0.5747 val_illicit_f1=0.3859 val_illicit_pr_auc=0.5531 monitor(val/illicit_pr_auc)=0.5531
2026-06-08 22:16:27,294 - INFO - Epoch 115/150 | train_loss=0.2905 val_loss=0.5326 val_illicit_f1=0.3864 val_illicit_pr_auc=0.5518 monitor(val/illicit_pr_auc)=0.5518
2026-06-08 22:16:36,464 - INFO - Epoch 120/150 | train_loss=0.2871 val_loss=0.5603 val_illicit_f1=0.3875 val_illicit_pr_auc=0.5595 monitor(val/illicit_pr_auc)=0.5595
2026-06-08 22:16:45,602 - INFO - Epoch 125/150 | train_loss=0.2769 val_loss=0.5460 val_illicit_f1=0.3908 val_illicit_pr_auc=0.5451 monitor(val/illicit_pr_auc)=0.5451
2026-06-08 22:16:54,597 - INFO - Epoch 130/150 | train_loss=0.2727 val_loss=0.6020 val_illicit_f1=0.3878 val_illicit_pr_auc=0.5553 monitor(val/illicit_pr_auc)=0.5553
2026-06-08 22:17:03,711 - INFO - Epoch 135/150 | train_loss=0.2722 val_loss=0.5775 val_illicit_f1=0.3838 val_illicit_pr_auc=0.5563 monitor(val/illicit_pr_auc)=0.5563
2026-06-08 22:17:12,830 - INFO - Epoch 140/150 | train_loss=0.2793 val_loss=0.6127 val_illicit_f1=0.3843 val_illicit_pr_auc=0.5562 monitor(val/illicit_pr_auc)=0.5562
2026-06-08 22:17:12,831 - INFO - Early stopping at epoch 140 after 20 stale evals
2026-06-08 22:17:13,867 - INFO - Best threshold on validation (val/illicit_f1) = 0.8808 (score=0.5008)
2026-06-08 22:17:13,867 - INFO - Test metrics | Loss: 0.8186, Illicit F1: 0.4671, Illicit PR-AUC: 0.5229, Illicit ROC-AUC: 0.9588, Licit F1: 0.9754
2026-06-08 22:17:13,868 - INFO - Saved final metrics to outputs/PNA_HIS_seed_45/test_metrics.json

--------------------------------------------------------------------------------
  Seed 45 completed at Mon Jun  8 10:17:15 PM CEST 2026
  Metrics file: outputs/PNA_HIS_seed_45/test_metrics.json
================================================================================

================================================================================
  Seed 5/5
================================================================================
  Seed         : 46
  Run name     : PNA_HIS_seed_46
  Temp config  : /tmp/pna_seed_46_udpr.yaml
  Metrics file : outputs/PNA_HIS_seed_46/test_metrics.json
  Started at   : Mon Jun  8 10:17:16 PM CEST 2026
--------------------------------------------------------------------------------

2026-06-08 22:17:21,774 - INFO - Using device: cuda
2026-06-08 22:17:21,774 - INFO - Loading cached PNA dataset from /home/ghonkoop/data/aml/HI-Small/pna_cache/node_features-raw_add_degree_feature-True_use_edge_features-True_edge_feature_normalize-zscore_edge_feature_clip-10.0_add_reverse_edges-False_train_ratio-0.6_val_ratio-0.2_split_mode-class_temporal_illicit_label-0_max_degree_hist-1000.pt
2026-06-08 22:17:29,119 - INFO - Loaded cached PNA dataset in 7.3s
2026-06-08 22:17:29,369 - INFO - Trainable parameters: 1038209
2026-06-08 22:17:29,458 - INFO - Using BCEWithLogitsLoss pos_weight=23.011017
2026-06-08 22:17:40,724 - INFO - Epoch 5/150 | train_loss=0.5309 val_loss=0.4995 val_illicit_f1=0.3350 val_illicit_pr_auc=0.4567 monitor(val/illicit_pr_auc)=0.4567
2026-06-08 22:17:49,821 - INFO - Epoch 10/150 | train_loss=0.6935 val_loss=1.5692 val_illicit_f1=0.2318 val_illicit_pr_auc=0.3190 monitor(val/illicit_pr_auc)=0.3190
2026-06-08 22:17:58,999 - INFO - Epoch 15/150 | train_loss=2.2080 val_loss=0.5921 val_illicit_f1=0.3732 val_illicit_pr_auc=0.4730 monitor(val/illicit_pr_auc)=0.4730
2026-06-08 22:18:08,166 - INFO - Epoch 20/150 | train_loss=1.4178 val_loss=0.5715 val_illicit_f1=0.3900 val_illicit_pr_auc=0.4743 monitor(val/illicit_pr_auc)=0.4743
2026-06-08 22:18:17,388 - INFO - Epoch 25/150 | train_loss=0.3858 val_loss=0.4517 val_illicit_f1=0.3746 val_illicit_pr_auc=0.4903 monitor(val/illicit_pr_auc)=0.4903
2026-06-08 22:18:26,677 - INFO - Epoch 30/150 | train_loss=1.5796 val_loss=0.4645 val_illicit_f1=0.3754 val_illicit_pr_auc=0.4968 monitor(val/illicit_pr_auc)=0.4968
2026-06-08 22:18:35,928 - INFO - Epoch 35/150 | train_loss=0.3584 val_loss=0.4848 val_illicit_f1=0.3610 val_illicit_pr_auc=0.5101 monitor(val/illicit_pr_auc)=0.5101
2026-06-08 22:18:45,136 - INFO - Epoch 40/150 | train_loss=1.5866 val_loss=0.5287 val_illicit_f1=0.3668 val_illicit_pr_auc=0.4720 monitor(val/illicit_pr_auc)=0.4720
2026-06-08 22:18:54,328 - INFO - Epoch 45/150 | train_loss=1.5014 val_loss=0.5114 val_illicit_f1=0.3745 val_illicit_pr_auc=0.5001 monitor(val/illicit_pr_auc)=0.5001
2026-06-08 22:19:03,584 - INFO - Epoch 50/150 | train_loss=0.3437 val_loss=0.4810 val_illicit_f1=0.3331 val_illicit_pr_auc=0.4935 monitor(val/illicit_pr_auc)=0.4935
2026-06-08 22:19:12,785 - INFO - Epoch 55/150 | train_loss=0.3260 val_loss=0.4562 val_illicit_f1=0.3837 val_illicit_pr_auc=0.5205 monitor(val/illicit_pr_auc)=0.5205
2026-06-08 22:19:22,037 - INFO - Epoch 60/150 | train_loss=0.3271 val_loss=0.5986 val_illicit_f1=0.3177 val_illicit_pr_auc=0.4548 monitor(val/illicit_pr_auc)=0.4548
2026-06-08 22:19:31,251 - INFO - Epoch 65/150 | train_loss=0.3221 val_loss=0.4961 val_illicit_f1=0.3803 val_illicit_pr_auc=0.5263 monitor(val/illicit_pr_auc)=0.5263
2026-06-08 22:19:40,450 - INFO - Epoch 70/150 | train_loss=0.3300 val_loss=0.6458 val_illicit_f1=0.2731 val_illicit_pr_auc=0.4461 monitor(val/illicit_pr_auc)=0.4461
2026-06-08 22:19:49,601 - INFO - Epoch 75/150 | train_loss=0.3210 val_loss=0.4810 val_illicit_f1=0.3502 val_illicit_pr_auc=0.5286 monitor(val/illicit_pr_auc)=0.5286
2026-06-08 22:19:58,733 - INFO - Epoch 80/150 | train_loss=0.3513 val_loss=0.5300 val_illicit_f1=0.3304 val_illicit_pr_auc=0.5265 monitor(val/illicit_pr_auc)=0.5265
2026-06-08 22:20:07,914 - INFO - Epoch 85/150 | train_loss=0.3172 val_loss=0.4988 val_illicit_f1=0.3837 val_illicit_pr_auc=0.5358 monitor(val/illicit_pr_auc)=0.5358
2026-06-08 22:20:17,047 - INFO - Epoch 90/150 | train_loss=0.3104 val_loss=0.5454 val_illicit_f1=0.3869 val_illicit_pr_auc=0.5291 monitor(val/illicit_pr_auc)=0.5291
2026-06-08 22:20:26,187 - INFO - Epoch 95/150 | train_loss=0.2997 val_loss=0.5588 val_illicit_f1=0.3923 val_illicit_pr_auc=0.5286 monitor(val/illicit_pr_auc)=0.5286
2026-06-08 22:20:35,287 - INFO - Epoch 100/150 | train_loss=0.3039 val_loss=0.5431 val_illicit_f1=0.3907 val_illicit_pr_auc=0.5357 monitor(val/illicit_pr_auc)=0.5357
2026-06-08 22:20:37,160 - INFO - Early stopping at epoch 101 after 20 stale evals
2026-06-08 22:20:38,204 - INFO - Best threshold on validation (val/illicit_f1) = 0.8346 (score=0.4899)
2026-06-08 22:20:38,205 - INFO - Test metrics | Loss: 0.6882, Illicit F1: 0.4585, Illicit PR-AUC: 0.5145, Illicit ROC-AUC: 0.9578, Licit F1: 0.9733
2026-06-08 22:20:38,205 - INFO - Saved final metrics to outputs/PNA_HIS_seed_46/test_metrics.json

--------------------------------------------------------------------------------
  Seed 46 completed at Mon Jun  8 10:20:40 PM CEST 2026
  Metrics file: outputs/PNA_HIS_seed_46/test_metrics.json
================================================================================

================================================================================
  PNA Seed Sweep Test Summary
================================================================================

Per-seed test metrics
------------------------------------------------------------------------------------------------------------------------
  seed  status      run_name                            loss     il_prec      il_rec       il_f1   il_pr_auc   il_roc_auc      lic_f1
------------------------------------------------------------------------------------------------------------------------
    42  ok          PNA_HIS_seed_42                 0.658951    0.481781    0.435897    0.457692    0.512218     0.958093    0.977551
    43  ok          PNA_HIS_seed_43                 0.626499    0.456693    0.424908    0.440228    0.514314     0.957059    0.976503
    44  ok          PNA_HIS_seed_44                 0.752164    0.414566    0.542125    0.469841    0.517686     0.957688    0.973177
    45  ok          PNA_HIS_seed_45                 0.818578    0.442623    0.494505    0.467128    0.522850     0.958795    0.975368
    46  ok          PNA_HIS_seed_46                 0.688209    0.412281    0.516484    0.458537    0.514515     0.957769    0.973289
------------------------------------------------------------------------------------------------------------------------

Mean +/- std over completed seeds
------------------------------------------------------------------------
metric                                      mean           std     n
------------------------------------------------------------------------
test/illicit_f1                         0.458685      0.011591     5
test/illicit_pr_auc                     0.516317      0.004142     5
test/illicit_precision                  0.441589      0.029300     5
test/illicit_recall                     0.482784      0.050849     5
test/illicit_roc_auc                    0.957881      0.000634     5
test/licit_f1                           0.975178      0.001936     5
test/licit_pr_auc                       0.997818      0.000145     5
test/licit_precision                    0.977385      0.002046     5
test/licit_recall                       0.973006      0.005789     5
test/licit_roc_auc                      0.956170      0.000924     5
test/loss                               0.708880      0.076834     5
------------------------------------------------------------------------


======================================================
  Finished at  : Mon Jun  8 10:20:40 PM CEST 2026
======================================================
